Mplus VERSION 8.5
MUTHEN & MUTHEN
02/04/2021  12:22 PM

INPUT INSTRUCTIONS

  TITLE: Katin toka LPA
  DATA: FILE = "parent_mplus2.dat";
  VARIABLE:
  NAMES = ena1 ena2 ena3 ena4 ena5 res1 res2 res3 mon1 mon2 mon3 tech1 tech2 rev1
       skill1 skill2 skill3 skill4 skill5 skill6 skill7 skill8 skill9 skill10 skill11
       esm1 esm2 esm3 egm1 egm2 egm3 role ori1 ori2 lang1 lang2 lang3 lang4 lang5
       lang6 lang7 lang8 Edu Curac_1 Curac_2 Curac_3 Curac_4 Curac_5 Curac_6 Curac_7
       Curac_8 jobrole Fam_1 Fam_2 Fam_3 Fam_4 Fam_5 Fam_6 Fam_7 Fam_8 parent1 parent2
       parent3 parent4 parent5 q6 q8 Finsitu diffic tech_c;
  MISSING=.;

  USEVARIABLES = ena1 ena2 ena3 ena4 res1 res2 res3 mon1 mon2 mon3 rev1 tech_c;

  CLASSES = c(1);

  ANALYSIS:
        TYPE = MIXTURE;
        ESTIMATOR IS MLR;
        STARTS = 100 25;
        PROCESSORS = 4;
  MODEL:

  OUTPUT:



*** WARNING in MODEL command
  All variables are uncorrelated with all other variables within class.
  Check that this is what is intended.
   1 WARNING(S) FOUND IN THE INPUT INSTRUCTIONS



Katin toka LPA

SUMMARY OF ANALYSIS

Number of groups                                                 1
Number of observations                                        1308

Number of dependent variables                                   12
Number of independent variables                                  0
Number of continuous latent variables                            0
Number of categorical latent variables                           1

Observed dependent variables

  Continuous
   ENA1        ENA2        ENA3        ENA4        RES1        RES2
   RES3        MON1        MON2        MON3        REV1        TECH_C

Categorical latent variables
   C


Estimator                                                      MLR
Information matrix                                        OBSERVED
Optimization Specifications for the Quasi-Newton Algorithm for
Continuous Outcomes
  Maximum number of iterations                                 100
  Convergence criterion                                  0.100D-05
Optimization Specifications for the EM Algorithm
  Maximum number of iterations                                 500
  Convergence criteria
    Loglikelihood change                                 0.100D-06
    Relative loglikelihood change                        0.100D-06
    Derivative                                           0.100D-05
Optimization Specifications for the M step of the EM Algorithm for
Categorical Latent variables
  Number of M step iterations                                    1
  M step convergence criterion                           0.100D-05
  Basis for M step termination                           ITERATION
Optimization Specifications for the M step of the EM Algorithm for
Censored, Binary or Ordered Categorical (Ordinal), Unordered
Categorical (Nominal) and Count Outcomes
  Number of M step iterations                                    1
  M step convergence criterion                           0.100D-05
  Basis for M step termination                           ITERATION
  Maximum value for logit thresholds                            15
  Minimum value for logit thresholds                           -15
  Minimum expected cell size for chi-square              0.100D-01
Maximum number of iterations for H1                           2000
Convergence criterion for H1                             0.100D-03
Optimization algorithm                                         EMA
Random Starts Specifications
  Number of initial stage random starts                        100
  Number of final stage optimizations                           25
  Number of initial stage iterations                            10
  Initial stage convergence criterion                    0.100D+01
  Random starts scale                                    0.500D+01
  Random seed for generating random starts                       0

Input data file(s)
  parent_mplus2.dat
Input data format  FREE


SUMMARY OF DATA

     Number of missing data patterns             2
     Number of y missing data patterns           2
     Number of u missing data patterns           0


COVARIANCE COVERAGE OF DATA

Minimum covariance coverage value   0.100


     PROPORTION OF DATA PRESENT FOR Y


           Covariance Coverage
              ENA1          ENA2          ENA3          ENA4          RES1
              ________      ________      ________      ________      ________
 ENA1           1.000
 ENA2           1.000         1.000
 ENA3           1.000         1.000         1.000
 ENA4           1.000         1.000         1.000         1.000
 RES1           1.000         1.000         1.000         1.000         1.000
 RES2           1.000         1.000         1.000         1.000         1.000
 RES3           1.000         1.000         1.000         1.000         1.000
 MON1           1.000         1.000         1.000         1.000         1.000
 MON2           1.000         1.000         1.000         1.000         1.000
 MON3           0.973         0.973         0.973         0.973         0.973
 REV1           1.000         1.000         1.000         1.000         1.000
 TECH_C         1.000         1.000         1.000         1.000         1.000


           Covariance Coverage
              RES2          RES3          MON1          MON2          MON3
              ________      ________      ________      ________      ________
 RES2           1.000
 RES3           1.000         1.000
 MON1           1.000         1.000         1.000
 MON2           1.000         1.000         1.000         1.000
 MON3           0.973         0.973         0.973         0.973         0.973
 REV1           1.000         1.000         1.000         1.000         0.973
 TECH_C         1.000         1.000         1.000         1.000         0.973


           Covariance Coverage
              REV1          TECH_C
              ________      ________
 REV1           1.000
 TECH_C         1.000         1.000



UNIVARIATE SAMPLE STATISTICS


     UNIVARIATE HIGHER-ORDER MOMENT DESCRIPTIVE STATISTICS

         Variable/         Mean/     Skewness/   Minimum/ % with                Percentiles
        Sample Size      Variance    Kurtosis    Maximum  Min/Max      20%/60%    40%/80%    Median

     ENA1                  3.110       0.108       1.000    2.22%       3.000      3.000      3.000
            1308.000       0.636       0.513       5.000    4.82%       3.000      4.000
     ENA2                  3.515       0.149       1.000    0.15%       3.000      3.000      3.000
            1308.000       0.496      -0.110       5.000    7.49%       4.000      4.000
     ENA3                  3.364       0.042       1.000    0.84%       3.000      3.000      3.000
            1308.000       0.647      -0.033       5.000    7.72%       4.000      4.000
     ENA4                  3.453      -0.013       1.000    1.15%       3.000      3.000      3.000
            1308.000       0.801      -0.338       5.000   13.15%       4.000      4.000
     RES1                  3.397      -0.183       1.000    3.13%       3.000      3.000      3.000
            1308.000       1.027      -0.497       5.000   14.76%       4.000      4.000
     RES2                  3.136       0.124       1.000    4.05%       2.000      3.000      3.000
            1308.000       0.962      -0.260       5.000   10.32%       3.000      4.000
     RES3                  3.390      -0.165       1.000    4.51%       2.000      3.000      3.000
            1308.000       1.197      -0.654       5.000   18.73%       4.000      4.000
     MON1                  2.755       0.050       1.000   11.24%       2.000      3.000      3.000
            1308.000       0.956      -0.202       5.000    4.13%       3.000      3.000
     MON2                  1.691       1.139       1.000   52.29%       1.000      1.000      1.000
            1308.000       0.727       0.997       5.000    0.92%       2.000      2.000
     MON3                  2.112       0.537       1.000   34.49%       1.000      2.000      2.000
            1273.000       1.010      -0.371       5.000    1.81%       2.000      3.000
     REV1                  1.871       0.875       1.000   32.42%       1.000      2.000      2.000
            1308.000       0.588       1.343       6.000    0.08%       2.000      2.000
     TECH_C                2.563       0.938       2.000   62.00%       2.000      2.000      2.000
            1308.000       0.612      -0.729       4.000   18.27%       2.000      3.000

RANDOM STARTS RESULTS RANKED FROM THE BEST TO THE WORST LOGLIKELIHOOD VALUES

Final stage loglikelihood values at local maxima, seeds, and initial stage start numbers:

          -20247.250  170954           86
          -20247.250  227563           63
          -20247.250  830392           35
          -20247.250  405079           68
          -20247.250  471398           74
          -20247.250  462953           7
          -20247.250  637345           19
          -20247.250  813779           92
          -20247.250  915107           54
          -20247.250  749453           33
          -20247.250  318230           46
          -20247.250  846194           93
          -20247.250  645664           39
          -20247.250  370466           41
          -20247.250  124999           96
          -20247.250  314084           81
          -20247.250  573096           20
          -20247.250  415931           10
          -20247.250  311214           64
          -20247.250  207896           25
          -20247.250  650371           14
          -20247.250  76337            76
          -20247.250  unperturbed      0
          -20247.250  569131           26
          -20247.250  85462            51



THE MODEL ESTIMATION TERMINATED NORMALLY



MODEL FIT INFORMATION

Number of Free Parameters                       24

Loglikelihood

          H0 Value                      -20247.250
          H0 Scaling Correction Factor      0.9929
            for MLR

Information Criteria

          Akaike (AIC)                   40542.500
          Bayesian (BIC)                 40666.730
          Sample-Size Adjusted BIC       40590.494
            (n* = (n + 2) / 24)



FINAL CLASS COUNTS AND PROPORTIONS FOR THE LATENT CLASSES
BASED ON THE ESTIMATED MODEL

    Latent
   Classes

       1       1308.00000          1.00000


FINAL CLASS COUNTS AND PROPORTIONS FOR THE LATENT CLASSES
BASED ON ESTIMATED POSTERIOR PROBABILITIES

    Latent
   Classes

       1       1308.00000          1.00000


FINAL CLASS COUNTS AND PROPORTIONS FOR THE LATENT CLASSES
BASED ON THEIR MOST LIKELY LATENT CLASS MEMBERSHIP

Class Counts and Proportions

    Latent
   Classes

       1             1308          1.00000


Average Latent Class Probabilities for Most Likely Latent Class Membership (Row)
by Latent Class (Column)

           1

    1   1.000


Classification Probabilities for the Most Likely Latent Class Membership (Column)
by Latent Class (Row)

           1

    1   1.000


Logits for the Classification Probabilities for the Most Likely Latent Class Membership (Column)
by Latent Class (Row)

              1

    1      0.000


MODEL RESULTS

                                                    Two-Tailed
                    Estimate       S.E.  Est./S.E.    P-Value

Latent Class 1

 Means
    ENA1               3.110      0.022    141.020      0.000
    ENA2               3.515      0.019    180.530      0.000
    ENA3               3.364      0.022    151.206      0.000
    ENA4               3.453      0.025    139.520      0.000
    RES1               3.397      0.028    121.235      0.000
    RES2               3.136      0.027    115.663      0.000
    RES3               3.390      0.030    112.077      0.000
    MON1               2.755      0.027    101.899      0.000
    MON2               1.691      0.024     71.721      0.000
    MON3               2.112      0.028     74.952      0.000
    REV1               1.871      0.021     88.232      0.000
    TECH_C             2.563      0.022    118.522      0.000

 Variances
    ENA1               0.636      0.028     22.814      0.000
    ENA2               0.496      0.019     26.309      0.000
    ENA3               0.647      0.025     25.784      0.000
    ENA4               0.801      0.029     28.055      0.000
    RES1               1.027      0.035     29.500      0.000
    RES2               0.962      0.035     27.415      0.000
    RES3               1.197      0.038     31.169      0.000
    MON1               0.956      0.035     26.968      0.000
    MON2               0.727      0.035     20.890      0.000
    MON3               1.010      0.036     27.955      0.000
    REV1               0.588      0.030     19.781      0.000
    TECH_C             0.612      0.019     32.082      0.000


QUALITY OF NUMERICAL RESULTS

     Condition Number for the Information Matrix              0.928E-02
       (ratio of smallest to largest eigenvalue)


DIAGRAM INFORMATION

  Mplus diagrams are currently not available for Mixture analysis.
  No diagram output was produced.


     Beginning Time:  12:22:18
        Ending Time:  12:22:20
       Elapsed Time:  00:00:02



MUTHEN & MUTHEN
3463 Stoner Ave.
Los Angeles, CA  90066

Tel: (310) 391-9971
Fax: (310) 391-8971
Web: www.StatModel.com
Support: Support@StatModel.com

Copyright (c) 1998-2020 Muthen & Muthen
