Mplus VERSION 8.5
MUTHEN & MUTHEN
03/03/2021   9:38 AM

INPUT INSTRUCTIONS

  TITLE: Katin toka LPA
  DATA: FILE = "merged_mplus3.dat";

  VARIABLE:
  NAMES = ena1 ena2 ena3 ena4 ena5 res1 res2 res3 mon1 mon2 mon3 tech1 tech2 rev1
       skill1 skill2 skill3 skill4 skill5 skill6 skill7 skill8 skill9 skill10 skill11
       esm1 esm2 esm3 egm1 egm2 egm3 role ori1 ori2 lang1 lang2 lang3 lang4 lang5
       lang6 lang7 lang8 Edu Curac_1 Curac_2 Curac_3 Curac_4 Curac_5 Curac_6 Curac_7
       Curac_8 jobrole Fam_1 Fam_2 Fam_3 Fam_4 Fam_5 Fam_6 Fam_7 Fam_8 parent1 parent2
       parent3 parent4 parent5 q6 q8 cnumb Finsitu diffic ID Duplicate_IDs toimi
       dumrol cclass mother father mmot ffat bcount Eclass Edum kuusi kasi cage yh mh
       uh pclass2 tech_c ena_c mon_c res_c pvol_c digi_c exc_c OGender P_Q1 P_Q2 adig1
       adig3 adig4 adig7 adig8 adig11 adig12 adig13 adig14 adig16 adig17 adig18 adig19
       bdig3 bdig5 bdig6 bdig8 bdig10 bdig12 bdig13 bdig14 bdig15 bdig16 bdig17 bdig18
       bdig19 cdig1 cdig2 cdig3 cdig7 cdig8 cdig9 cdig10 cdig11 cdig13 cdig16 cdig17
       cdig18 cdig19 conlea1 conlea2 conlea3 conlea4 conlea5 conlea6 negadigi1
       negadigi2 negadigi3 negadigi4 negadigi5 Ofina MGender oeiu;
  MISSING=.;

  USEVARIABLES = ena1 ena2 ena3 ena4 res1 res2 res3 mon1 mon2 mon3 rev1 tech_c;

  AUXILIARY = (DCAT) dumrol Edum toimi bcount Fam_1 Fam_2 Fam_6 cage MGender;

  CLASSES = c(4);

  ANALYSIS:
        TYPE = MIXTURE;
        ESTIMATOR IS MLR;
        !STARTS = 100 25;
        OPTSEED = 352277;
        PROCESSORS = 4;
  MODEL:

  OUTPUT: TECH11 TECH14;



*** WARNING in MODEL command
  All variables are uncorrelated with all other variables within class.
  Check that this is what is intended.
*** WARNING
  Data set contains cases with missing on all variables except
  x-variables.  These cases were not included in the analysis.
  Number of cases with missing on all variables except x-variables:  55
   2 WARNING(S) FOUND IN THE INPUT INSTRUCTIONS



Katin toka LPA

SUMMARY OF ANALYSIS

Number of groups                                                 1
Number of observations                                        1339

Number of dependent variables                                   12
Number of independent variables                                  0
Number of continuous latent variables                            0
Number of categorical latent variables                           1

Observed dependent variables

  Continuous
   ENA1        ENA2        ENA3        ENA4        RES1        RES2
   RES3        MON1        MON2        MON3        REV1        TECH_C

Observed auxiliary variables
   DUMROL      EDUM        TOIMI       BCOUNT      FAM_1       FAM_2
   FAM_6       CAGE        MGENDER

Categorical latent variables
   C


Estimator                                                      MLR
Information matrix                                        OBSERVED
Optimization Specifications for the Quasi-Newton Algorithm for
Continuous Outcomes
  Maximum number of iterations                                 100
  Convergence criterion                                  0.100D-05
Optimization Specifications for the EM Algorithm
  Maximum number of iterations                                 500
  Convergence criteria
    Loglikelihood change                                 0.100D-06
    Relative loglikelihood change                        0.100D-06
    Derivative                                           0.100D-05
Optimization Specifications for the M step of the EM Algorithm for
Categorical Latent variables
  Number of M step iterations                                    1
  M step convergence criterion                           0.100D-05
  Basis for M step termination                           ITERATION
Optimization Specifications for the M step of the EM Algorithm for
Censored, Binary or Ordered Categorical (Ordinal), Unordered
Categorical (Nominal) and Count Outcomes
  Number of M step iterations                                    1
  M step convergence criterion                           0.100D-05
  Basis for M step termination                           ITERATION
  Maximum value for logit thresholds                            15
  Minimum value for logit thresholds                           -15
  Minimum expected cell size for chi-square              0.100D-01
Maximum number of iterations for H1                           2000
Convergence criterion for H1                             0.100D-03
Optimization algorithm                                         EMA
Random Starts Specifications
  Random seed for analysis                                  352277

Input data file(s)
  merged_mplus3.dat
Input data format  FREE


SUMMARY OF DATA

     Number of missing data patterns            21
     Number of y missing data patterns          21
     Number of u missing data patterns           0


COVARIANCE COVERAGE OF DATA

Minimum covariance coverage value   0.100


     PROPORTION OF DATA PRESENT FOR Y


           Covariance Coverage
              ENA1          ENA2          ENA3          ENA4          RES1
              ________      ________      ________      ________      ________
 ENA1           0.997
 ENA2           0.995         0.996
 ENA3           0.993         0.994         0.995
 ENA4           0.993         0.992         0.993         0.993
 RES1           0.994         0.993         0.991         0.990         0.995
 RES2           0.993         0.992         0.992         0.991         0.993
 RES3           0.993         0.992         0.992         0.991         0.993
 MON1           0.991         0.990         0.991         0.990         0.991
 MON2           0.992         0.991         0.991         0.990         0.992
 MON3           0.963         0.963         0.963         0.962         0.963
 REV1           0.993         0.993         0.991         0.990         0.993
 TECH_C         0.987         0.986         0.984         0.984         0.987


           Covariance Coverage
              RES2          RES3          MON1          MON2          MON3
              ________      ________      ________      ________      ________
 RES2           0.994
 RES3           0.993         0.993
 MON1           0.992         0.992         0.992
 MON2           0.992         0.993         0.991         0.993
 MON3           0.963         0.964         0.963         0.963         0.964
 REV1           0.993         0.992         0.990         0.991         0.963
 TECH_C         0.987         0.986         0.984         0.985         0.958


           Covariance Coverage
              REV1          TECH_C
              ________      ________
 REV1           0.996
 TECH_C         0.988         0.989



UNIVARIATE SAMPLE STATISTICS


     UNIVARIATE HIGHER-ORDER MOMENT DESCRIPTIVE STATISTICS

         Variable/         Mean/     Skewness/   Minimum/ % with                Percentiles
        Sample Size      Variance    Kurtosis    Maximum  Min/Max      20%/60%    40%/80%    Median

     ENA1                  3.111       0.100       1.000    2.25%       3.000      3.000      3.000
            1335.000       0.636       0.516       5.000    4.79%       3.000      4.000
     ENA2                  3.517       0.145       1.000    0.15%       3.000      3.000      3.000
            1334.000       0.496      -0.114       5.000    7.50%       4.000      4.000
     ENA3                  3.361       0.046       1.000    0.83%       3.000      3.000      3.000
            1332.000       0.642      -0.022       5.000    7.58%       4.000      4.000
     ENA4                  3.456      -0.016       1.000    1.13%       3.000      3.000      3.000
            1330.000       0.803      -0.349       5.000   13.23%       4.000      4.000
     RES1                  3.395      -0.180       1.000    3.08%       3.000      3.000      3.000
            1332.000       1.024      -0.504       5.000   14.64%       4.000      4.000
     RES2                  3.131       0.134       1.000    3.98%       2.000      3.000      3.000
            1331.000       0.957      -0.257       5.000   10.22%       3.000      4.000
     RES3                  3.387      -0.158       1.000    4.44%       2.000      3.000      3.000
            1330.000       1.191      -0.653       5.000   18.57%       4.000      4.000
     MON1                  2.751       0.057       1.000   11.30%       2.000      3.000      3.000
            1328.000       0.958      -0.206       5.000    4.14%       3.000      3.000
     MON2                  1.691       1.159       1.000   52.45%       1.000      1.000      1.000
            1329.000       0.736       1.062       5.000    0.98%       2.000      2.000
     MON3                  2.102       0.548       1.000   34.86%       1.000      2.000      2.000
            1291.000       1.007      -0.359       5.000    1.78%       2.000      3.000
     REV1                  1.876       0.896       1.000   32.16%       1.000      2.000      2.000
            1334.000       0.593       1.426       6.000    0.07%       2.000      2.000
     TECH_C                2.562       0.940       2.000   62.08%       2.000      2.000      2.000
            1324.000       0.612      -0.726       4.000   18.28%       2.000      3.000


THE MODEL ESTIMATION TERMINATED NORMALLY

     PROBLEMS OCCURRED DURING THE DISTAL VARIABLE ESTIMATION.
     THE PROBLEM MAY BE RESOLVED BY INCREASING THE MITERATIONS OPTION.
     MORE DETAILED INFORMATION CAN BE OBTAINED BY RUNNING A MODEL
     WITH THE AUXILIARY VARIABLE USED AS A CLASS PREDICTOR.




MODEL FIT INFORMATION

Number of Free Parameters                       63

Loglikelihood

          H0 Value                      -18722.338
          H0 Scaling Correction Factor      1.3412
            for MLR

Information Criteria

          Akaike (AIC)                   37570.675
          Bayesian (BIC)                 37898.255
          Sample-Size Adjusted BIC       37698.132
            (n* = (n + 2) / 24)



FINAL CLASS COUNTS AND PROPORTIONS FOR THE LATENT CLASSES
BASED ON THE ESTIMATED MODEL

    Latent
   Classes

       1        471.31615          0.35199
       2        257.18179          0.19207
       3        471.68414          0.35227
       4        138.81792          0.10367


FINAL CLASS COUNTS AND PROPORTIONS FOR THE LATENT CLASSES
BASED ON ESTIMATED POSTERIOR PROBABILITIES

    Latent
   Classes

       1        471.31615          0.35199
       2        257.18179          0.19207
       3        471.68414          0.35227
       4        138.81792          0.10367


FINAL CLASS COUNTS AND PROPORTIONS FOR THE LATENT CLASSES
BASED ON THEIR MOST LIKELY LATENT CLASS MEMBERSHIP

Class Counts and Proportions

    Latent
   Classes

       1              472          0.35250
       2              254          0.18969
       3              472          0.35250
       4              141          0.10530


CLASSIFICATION QUALITY

     Entropy                         0.834


Average Latent Class Probabilities for Most Likely Latent Class Membership (Row)
by Latent Class (Column)

           1        2        3        4

    1   0.921    0.013    0.066    0.000
    2   0.015    0.898    0.054    0.033
    3   0.070    0.029    0.891    0.010
    4   0.000    0.067    0.043    0.890


Classification Probabilities for the Most Likely Latent Class Membership (Column)
by Latent Class (Row)

           1        2        3        4

    1   0.922    0.008    0.070    0.000
    2   0.023    0.887    0.054    0.037
    3   0.066    0.029    0.892    0.013
    4   0.000    0.061    0.035    0.904


Logits for the Classification Probabilities for the Most Likely Latent Class Membership (Column)
by Latent Class (Row)

              1        2        3        4

    1     13.735    8.995   11.151    0.000
    2     -0.452    3.189    0.383    0.000
    3      1.637    0.813    4.234    0.000
    4    -12.474   -2.701   -3.246    0.000


MODEL RESULTS

                                                    Two-Tailed
                    Estimate       S.E.  Est./S.E.    P-Value

Latent Class 1

 Means
    ENA1               2.658      0.040     66.653      0.000
    ENA2               3.090      0.038     80.790      0.000
    ENA3               3.148      0.041     76.009      0.000
    ENA4               3.000      0.048     62.780      0.000
    RES1               2.626      0.076     34.510      0.000
    RES2               2.453      0.059     41.603      0.000
    RES3               2.605      0.082     31.700      0.000
    MON1               2.023      0.062     32.721      0.000
    MON2               1.224      0.029     41.740      0.000
    MON3               1.484      0.052     28.737      0.000
    REV1               1.830      0.039     47.524      0.000
    TECH_C             2.103      0.027     76.717      0.000

 Variances
    ENA1               0.447      0.023     19.581      0.000
    ENA2               0.338      0.016     21.443      0.000
    ENA3               0.574      0.024     23.729      0.000
    ENA4               0.640      0.027     24.064      0.000
    RES1               0.638      0.037     17.232      0.000
    RES2               0.651      0.027     24.492      0.000
    RES3               0.781      0.045     17.454      0.000
    MON1               0.580      0.027     21.498      0.000
    MON2               0.531      0.027     19.905      0.000
    MON3               0.689      0.041     16.636      0.000
    REV1               0.585      0.030     19.814      0.000
    TECH_C             0.154      0.023      6.771      0.000

Latent Class 2

 Means
    ENA1               3.015      0.083     36.136      0.000
    ENA2               3.382      0.073     46.483      0.000
    ENA3               3.140      0.057     55.214      0.000
    ENA4               3.426      0.098     34.930      0.000
    RES1               3.988      0.114     35.013      0.000
    RES2               3.506      0.121     28.917      0.000
    RES3               4.138      0.130     31.911      0.000
    MON1               2.789      0.098     28.466      0.000
    MON2               1.650      0.085     19.406      0.000
    MON3               1.941      0.086     22.540      0.000
    REV1               1.740      0.049     35.419      0.000
    TECH_C             3.598      0.090     40.171      0.000

 Variances
    ENA1               0.447      0.023     19.581      0.000
    ENA2               0.338      0.016     21.443      0.000
    ENA3               0.574      0.024     23.729      0.000
    ENA4               0.640      0.027     24.064      0.000
    RES1               0.638      0.037     17.232      0.000
    RES2               0.651      0.027     24.492      0.000
    RES3               0.781      0.045     17.454      0.000
    MON1               0.580      0.027     21.498      0.000
    MON2               0.531      0.027     19.905      0.000
    MON3               0.689      0.041     16.636      0.000
    REV1               0.585      0.030     19.814      0.000
    TECH_C             0.154      0.023      6.771      0.000

Latent Class 3

 Means
    ENA1               3.329      0.065     50.893      0.000
    ENA2               3.788      0.064     59.565      0.000
    ENA3               3.530      0.047     75.305      0.000
    ENA4               3.685      0.065     57.032      0.000
    RES1               3.550      0.061     57.721      0.000
    RES2               3.313      0.059     55.985      0.000
    RES3               3.503      0.057     61.489      0.000
    MON1               3.111      0.074     41.806      0.000
    MON2               1.874      0.066     28.534      0.000
    MON3               2.501      0.091     27.485      0.000
    REV1               1.970      0.040     49.584      0.000
    TECH_C             2.145      0.042     50.821      0.000

 Variances
    ENA1               0.447      0.023     19.581      0.000
    ENA2               0.338      0.016     21.443      0.000
    ENA3               0.574      0.024     23.729      0.000
    ENA4               0.640      0.027     24.064      0.000
    RES1               0.638      0.037     17.232      0.000
    RES2               0.651      0.027     24.492      0.000
    RES3               0.781      0.045     17.454      0.000
    MON1               0.580      0.027     21.498      0.000
    MON2               0.531      0.027     19.905      0.000
    MON3               0.689      0.041     16.636      0.000
    REV1               0.585      0.030     19.814      0.000
    TECH_C             0.154      0.023      6.771      0.000

Latent Class 4

 Means
    ENA1               4.088      0.122     33.602      0.000
    ENA2               4.304      0.119     36.234      0.000
    ENA3               3.922      0.142     27.716      0.000
    ENA4               4.288      0.090     47.494      0.000
    RES1               4.389      0.094     46.890      0.000
    RES2               4.139      0.094     44.036      0.000
    RES3               4.274      0.098     43.464      0.000
    MON1               3.937      0.148     26.651      0.000
    MON2               2.748      0.171     16.028      0.000
    MON3               3.219      0.222     14.507      0.000
    REV1               1.960      0.084     23.364      0.000
    TECH_C             3.621      0.118     30.587      0.000

 Variances
    ENA1               0.447      0.023     19.581      0.000
    ENA2               0.338      0.016     21.443      0.000
    ENA3               0.574      0.024     23.729      0.000
    ENA4               0.640      0.027     24.064      0.000
    RES1               0.638      0.037     17.232      0.000
    RES2               0.651      0.027     24.492      0.000
    RES3               0.781      0.045     17.454      0.000
    MON1               0.580      0.027     21.498      0.000
    MON2               0.531      0.027     19.905      0.000
    MON3               0.689      0.041     16.636      0.000
    REV1               0.585      0.030     19.814      0.000
    TECH_C             0.154      0.023      6.771      0.000

Categorical Latent Variables

 Means
    C#1                1.222      0.211      5.798      0.000
    C#2                0.617      0.235      2.620      0.009
    C#3                1.223      0.241      5.082      0.000


QUALITY OF NUMERICAL RESULTS

     Condition Number for the Information Matrix              0.633E-03
       (ratio of smallest to largest eigenvalue)


EQUALITY TESTS OF MEANS/PROBABILITIES ACROSS CLASSES

DUMROL

   WARNING:  LISTWISE DELETION IS APPLIED TO THE AUXILIARY VARIABLE IN THE
   ANALYSIS.  TO AVOID LISTWISE DELETION, DATA IMPUTATION CAN BE USED
   FOR THE AUXILIARY VARIABLES FOLLOWED BY ANALYSIS WITH TYPE=IMPUTATION.
   NUMBER OF DELETED OBSERVATIONS FOR THE AUXILIARY VARIABLE:  10
   NUMBER OF OBSERVATIONS USED FOR THE AUXILIARY VARIABLE:  1329

                          Prob       S.E.  Odds Ratio      S.E.   2.5% C.I.  97.5% C.I.

  Class 1
    Category 1           0.757      0.021      1.000      0.000      1.000      1.000
    Category 2           0.243      0.021      2.154      0.781      1.059      4.383
  Class 2
    Category 1           0.781      0.029      1.000      0.000      1.000      1.000
    Category 2           0.219      0.029      1.879      0.762      0.848      4.162
  Class 3
    Category 1           0.861      0.020      1.000      0.000      1.000      1.000
    Category 2           0.139      0.020      1.078      0.435      0.489      2.377
  Class 4
    Category 1           0.870      0.039      1.000      0.000      1.000      1.000
    Category 2           0.130      0.039      1.000      0.000      1.000      1.000

                    Chi-Square     P-Value   Degrees of Freedom

  Overall test          16.090      0.001        3
  Class 1 vs. 2          0.464      0.496        1
  Class 1 vs. 3         12.060      0.001        1
  Class 1 vs. 4          6.613      0.010        1
  Class 2 vs. 3          5.319      0.021        1
  Class 2 vs. 4          2.966      0.085        1
  Class 3 vs. 4          0.036      0.851        1

EDUM

   WARNING:  LISTWISE DELETION IS APPLIED TO THE AUXILIARY VARIABLE IN THE
   ANALYSIS.  TO AVOID LISTWISE DELETION, DATA IMPUTATION CAN BE USED
   FOR THE AUXILIARY VARIABLES FOLLOWED BY ANALYSIS WITH TYPE=IMPUTATION.
   NUMBER OF DELETED OBSERVATIONS FOR THE AUXILIARY VARIABLE:  8
   NUMBER OF OBSERVATIONS USED FOR THE AUXILIARY VARIABLE:  1331

                          Prob       S.E.  Odds Ratio      S.E.   2.5% C.I.  97.5% C.I.

  Class 1
    Category 1           0.205      0.021      1.000      0.000      1.000      1.000
    Category 2           0.795      0.021      1.785      0.434      1.108      2.874
  Class 2
    Category 1           0.150      0.031      1.000      0.000      1.000      1.000
    Category 2           0.850      0.031      2.595      0.901      1.315      5.123
  Class 3
    Category 1           0.286      0.027      1.000      0.000      1.000      1.000
    Category 2           0.714      0.027      1.148      0.305      0.682      1.933
  Class 4
    Category 1           0.315      0.046      1.000      0.000      1.000      1.000
    Category 2           0.685      0.046      1.000      0.000      1.000      1.000

                    Chi-Square     P-Value   Degrees of Freedom

  Overall test          15.235      0.002        3
  Class 1 vs. 2          1.992      0.158        1
  Class 1 vs. 3          4.845      0.028        1
  Class 1 vs. 4          4.942      0.026        1
  Class 2 vs. 3         10.943      0.001        1
  Class 2 vs. 4          7.694      0.006        1
  Class 3 vs. 4          0.265      0.606        1

TOIMI

   WARNING:  LISTWISE DELETION IS APPLIED TO THE AUXILIARY VARIABLE IN THE
   ANALYSIS.  TO AVOID LISTWISE DELETION, DATA IMPUTATION CAN BE USED
   FOR THE AUXILIARY VARIABLES FOLLOWED BY ANALYSIS WITH TYPE=IMPUTATION.
   NUMBER OF DELETED OBSERVATIONS FOR THE AUXILIARY VARIABLE:  1
   NUMBER OF OBSERVATIONS USED FOR THE AUXILIARY VARIABLE:  1338

                          Prob       S.E.  Odds Ratio      S.E.   2.5% C.I.  97.5% C.I.

  Class 1
    Category 1           0.936      0.012      1.000      0.000      1.000      1.000
    Category 2           0.024      0.008      2.224      3.956      0.068     72.614
    Category 3           0.039      0.010      0.279      0.115      0.124      0.628
  Class 2
    Category 1           0.901      0.021      1.000      0.000      1.000      1.000
    Category 2           0.029      0.012      2.724      5.249      0.062    118.967
    Category 3           0.070      0.017      0.522      0.238      0.213      1.277
  Class 3
    Category 1           0.858      0.023      1.000      0.000      1.000      1.000
    Category 2           0.040      0.011      3.986      7.425      0.104    153.475
    Category 3           0.102      0.019      0.794      0.364      0.323      1.951
  Class 4
    Category 1           0.861      0.047      1.000      0.000      1.000      1.000
    Category 2           0.010      0.017      1.000      0.000      1.000      1.000
    Category 3           0.129      0.038      1.000      0.000      1.000      1.000

                    Chi-Square     P-Value   Degrees of Freedom

  Overall test          17.720      0.007        6
  Class 1 vs. 2          2.514      0.284        2
  Class 1 vs. 3          8.625      0.013        2
  Class 1 vs. 4          8.035      0.018        2
  Class 2 vs. 3          2.039      0.361        2
  Class 2 vs. 4          3.620      0.164        2
  Class 3 vs. 4          3.354      0.187        2

BCOUNT

   WARNING:  LISTWISE DELETION IS APPLIED TO THE AUXILIARY VARIABLE IN THE
   ANALYSIS.  TO AVOID LISTWISE DELETION, DATA IMPUTATION CAN BE USED
   FOR THE AUXILIARY VARIABLES FOLLOWED BY ANALYSIS WITH TYPE=IMPUTATION.
   NUMBER OF DELETED OBSERVATIONS FOR THE AUXILIARY VARIABLE:  17
   NUMBER OF OBSERVATIONS USED FOR THE AUXILIARY VARIABLE:  1322

                          Prob       S.E.  Odds Ratio      S.E.   2.5% C.I.  97.5% C.I.

  Class 1
    Category 1           0.931      0.013      1.000      0.000      1.000      1.000
    Category 2           0.069      0.013      0.245      0.102      0.109      0.552
  Class 2
    Category 1           0.957      0.015      1.000      0.000      1.000      1.000
    Category 2           0.043      0.015      0.150      0.074      0.057      0.396
  Class 3
    Category 1           0.912      0.016      1.000      0.000      1.000      1.000
    Category 2           0.088      0.016      0.322      0.140      0.137      0.755
  Class 4
    Category 1           0.769      0.061      1.000      0.000      1.000      1.000
    Category 2           0.231      0.061      1.000      0.000      1.000      1.000

                    Chi-Square     P-Value   Degrees of Freedom

  Overall test          12.932      0.005        3
  Class 1 vs. 2          1.649      0.199        1
  Class 1 vs. 3          0.791      0.374        1
  Class 1 vs. 4          6.523      0.011        1
  Class 2 vs. 3          4.075      0.044        1
  Class 2 vs. 4          8.896      0.003        1
  Class 3 vs. 4          4.590      0.032        1

FAM_1
                          Prob       S.E.  Odds Ratio      S.E.   2.5% C.I.  97.5% C.I.

  Class 1
    Category 1           0.976      0.008      1.000      0.000      1.000      1.000
    Category 2           0.024      0.008      0.335      0.172      0.123      0.915
  Class 2
    Category 1           0.944      0.016      1.000      0.000      1.000      1.000
    Category 2           0.056      0.016      0.802      0.417      0.289      2.224
  Class 3
    Category 1           0.924      0.015      1.000      0.000      1.000      1.000
    Category 2           0.076      0.015      1.108      0.553      0.416      2.949
  Class 4
    Category 1           0.931      0.026      1.000      0.000      1.000      1.000
    Category 2           0.069      0.026      1.000      0.000      1.000      1.000

                    Chi-Square     P-Value   Degrees of Freedom

  Overall test          13.508      0.004        3
  Class 1 vs. 2          3.374      0.066        1
  Class 1 vs. 3          8.899      0.003        1
  Class 1 vs. 4          2.709      0.100        1
  Class 2 vs. 3          0.796      0.372        1
  Class 2 vs. 4          0.168      0.682        1
  Class 3 vs. 4          0.044      0.835        1

FAM_2
                          Prob       S.E.  Odds Ratio      S.E.   2.5% C.I.  97.5% C.I.

  Class 1
    Category 1           0.167      0.019      1.000      0.000      1.000      1.000
    Category 2           0.833      0.019      1.285      0.393      0.706      2.341
  Class 2
    Category 1           0.171      0.027      1.000      0.000      1.000      1.000
    Category 2           0.829      0.027      1.245      0.441      0.622      2.492
  Class 3
    Category 1           0.255      0.024      1.000      0.000      1.000      1.000
    Category 2           0.745      0.024      0.753      0.240      0.403      1.408
  Class 4
    Category 1           0.205      0.044      1.000      0.000      1.000      1.000
    Category 2           0.795      0.044      1.000      0.000      1.000      1.000

                    Chi-Square     P-Value   Degrees of Freedom

  Overall test           8.819      0.032        3
  Class 1 vs. 2          0.019      0.890        1
  Class 1 vs. 3          7.694      0.006        1
  Class 1 vs. 4          0.612      0.434        1
  Class 2 vs. 3          5.372      0.020        1
  Class 2 vs. 4          0.366      0.545        1
  Class 3 vs. 4          0.860      0.354        1

FAM_6
                          Prob       S.E.  Odds Ratio      S.E.   2.5% C.I.  97.5% C.I.

  Class 1
    Category 1           0.930      0.013      1.000      0.000      1.000      1.000
    Category 2           0.070      0.013      0.890      0.359      0.404      1.961
  Class 2
    Category 1           0.902      0.021      1.000      0.000      1.000      1.000
    Category 2           0.098      0.021      1.280      0.571      0.534      3.069
  Class 3
    Category 1           0.904      0.016      1.000      0.000      1.000      1.000
    Category 2           0.096      0.016      1.253      0.512      0.562      2.790
  Class 4
    Category 1           0.922      0.026      1.000      0.000      1.000      1.000
    Category 2           0.078      0.026      1.000      0.000      1.000      1.000

                    Chi-Square     P-Value   Degrees of Freedom

  Overall test           1.933      0.586        3
  Class 1 vs. 2          1.201      0.273        1
  Class 1 vs. 3          1.418      0.234        1
  Class 1 vs. 4          0.079      0.779        1
  Class 2 vs. 3          0.005      0.944        1
  Class 2 vs. 4          0.325      0.569        1
  Class 3 vs. 4          0.335      0.563        1

CAGE
                          Prob       S.E.  Odds Ratio      S.E.   2.5% C.I.  97.5% C.I.

  Class 1
    Category 1           0.757      0.023      1.000      0.000      1.000      1.000
    Category 2           0.243      0.023      0.098      0.026      0.059      0.165
  Class 2
    Category 1           0.407      0.048      1.000      0.000      1.000      1.000
    Category 2           0.593      0.048      0.447      0.152      0.229      0.871
  Class 3
    Category 1           0.516      0.028      1.000      0.000      1.000      1.000
    Category 2           0.484      0.028      0.287      0.075      0.172      0.479
  Class 4
    Category 1           0.234      0.044      1.000      0.000      1.000      1.000
    Category 2           0.766      0.044      1.000      0.000      1.000      1.000

                    Chi-Square     P-Value   Degrees of Freedom

  Overall test         155.368      0.000        3
  Class 1 vs. 2         39.926      0.000        1
  Class 1 vs. 3         45.190      0.000        1
  Class 1 vs. 4        119.973      0.000        1
  Class 2 vs. 3          3.608      0.058        1
  Class 2 vs. 4          6.008      0.014        1
  Class 3 vs. 4         31.309      0.000        1

MGENDER

   WARNING:  LISTWISE DELETION IS APPLIED TO THE AUXILIARY VARIABLE IN THE
   ANALYSIS.  TO AVOID LISTWISE DELETION, DATA IMPUTATION CAN BE USED
   FOR THE AUXILIARY VARIABLES FOLLOWED BY ANALYSIS WITH TYPE=IMPUTATION.
   NUMBER OF DELETED OBSERVATIONS FOR THE AUXILIARY VARIABLE:  444
   NUMBER OF OBSERVATIONS USED FOR THE AUXILIARY VARIABLE:  895

                          Prob       S.E.  Odds Ratio      S.E.   2.5% C.I.  97.5% C.I.

  Class 1
    Category 1         999.000    999.000      1.000      0.000      1.000      1.000
    Category 2         999.000    999.000    999.000    999.000    999.000    999.000
  Class 2
    Category 1         999.000    999.000      1.000      0.000      1.000      1.000
    Category 2         999.000    999.000    999.000    999.000    999.000    999.000
  Class 3
    Category 1         999.000    999.000      1.000      0.000      1.000      1.000
    Category 2         999.000    999.000    999.000    999.000    999.000    999.000
  Class 4
    Category 1         999.000    999.000      1.000      0.000      1.000      1.000
    Category 2         999.000    999.000      1.000      0.000      1.000      1.000

                    Chi-Square     P-Value   Degrees of Freedom

  Overall test         999.000    999.000      999
  Class 1 vs. 2        999.000    999.000      999
  Class 1 vs. 3        999.000    999.000      999
  Class 1 vs. 4        999.000    999.000      999
  Class 2 vs. 3        999.000    999.000      999
  Class 2 vs. 4        999.000    999.000      999
  Class 3 vs. 4        999.000    999.000      999



TECHNICAL 11 OUTPUT

     Random Starts Specifications for the k-1 Class Analysis Model
        Number of initial stage random starts                  20
        Number of final stage optimizations                     4



     VUONG-LO-MENDELL-RUBIN LIKELIHOOD RATIO TEST FOR 3 (H0) VERSUS 4 CLASSES

          H0 Loglikelihood Value                       -19032.148
          2 Times the Loglikelihood Difference            619.621
          Difference in the Number of Parameters               13
          Mean                                             94.422
          Standard Deviation                              232.480
          P-Value                                          0.0330

     LO-MENDELL-RUBIN ADJUSTED LRT TEST

          Value                                           613.071
          P-Value                                          0.0339


TECHNICAL 14 OUTPUT

     Random Starts Specifications for the k-1 Class Analysis Model
        Number of initial stage random starts                  20
        Number of final stage optimizations                     4

     Random Starts Specification for the k-1 Class Model for Generated Data
        Number of initial stage random starts                   0
        Number of final stage optimizations for the
           initial stage random starts                          0
     Random Starts Specification for the k Class Model for Generated Data
        Number of initial stage random starts                  40
        Number of final stage optimizations                     8
     Number of bootstrap draws requested                   Varies


     PARAMETRIC BOOTSTRAPPED LIKELIHOOD RATIO TEST FOR 3 (H0) VERSUS 4 CLASSES

          H0 Loglikelihood Value                       -19032.148
          2 Times the Loglikelihood Difference            619.621
          Difference in the Number of Parameters               13
          Approximate P-Value                              0.0000
          Successful Bootstrap Draws                            5

     WARNING:  OF THE 5 BOOTSTRAP DRAWS, 5 DRAWS HAD BOTH A SMALLER LRT VALUE THAN THE
     OBSERVED LRT VALUE AND NOT A REPLICATED BEST LOGLIKELIHOOD VALUE FOR THE 4-CLASS MODEL.
     THIS MEANS THAT THE P-VALUE MAY NOT BE TRUSTWORTHY DUE TO LOCAL MAXIMA.
     INCREASE THE NUMBER OF RANDOM STARTS USING THE LRTSTARTS OPTION.



DIAGRAM INFORMATION

  Mplus diagrams are currently not available for Mixture analysis.
  No diagram output was produced.


     Beginning Time:  09:38:07
        Ending Time:  09:38:41
       Elapsed Time:  00:00:34



MUTHEN & MUTHEN
3463 Stoner Ave.
Los Angeles, CA  90066

Tel: (310) 391-9971
Fax: (310) 391-8971
Web: www.StatModel.com
Support: Support@StatModel.com

Copyright (c) 1998-2020 Muthen & Muthen
