Mplus VERSION 8.5
MUTHEN & MUTHEN
02/23/2021  12:55 PM

INPUT INSTRUCTIONS

  TITLE: Katin toka LPA
  DATA: FILE = "parent_mplus2.dat";
  VARIABLE:
    NAMES = ena1 ena2 ena3 ena4 ena5 res1 res2 res3
    mon1 mon2 mon3 tech1 tech2 rev1 skill1 skill2
    skill3 skill4 skill5 skill6 skill7 skill8 skill9 skill10
    skill11 esm1 esm2 esm3 egm1 egm2 egm3 role ori1 ori2
    lang1 lang2 lang3 lang4 lang5 lang6 lang7 lang8
    Edu Curac_1 Curac_2 Curac_3 Curac_4 Curac_5 Curac_6 Curac_7 Curac_8
    jobrole Fam_1 Fam_2 Fam_3 Fam_4 Fam_5 Fam_6 Fam_7 Fam_8
    parent1 parent2 parent3 parent4 parent5 q6 q8 cnumb
    Finsitu diffic ID Duplicate_IDs toimi cclass parent bcount Eclass
    Edum yh mh uh pclass2 mother father tech_c ena_c mon_c res_c pvol_c;
    MISSING=.;

  USEVARIABLES = ena1 ena2 ena3 ena4 res1 res2 res3 mon1 mon2 mon3 rev1 tech_c;

  CLASSES = c(4);

  DEFINE:
  STANDARDIZE ena1 ena2 ena3 ena4 res1
  res2 res3 mon1 mon2 mon3 rev1 tech_c;

  ANALYSIS:
      TYPE = MIXTURE;
      ESTIMATOR IS MLR;
      !STARTS = 100 25;
      OPTSEED = 352277;
      PROCESSORS = 4;

  MODEL:

  OUTPUT:

  PLOT:
  TYPE = PLOT3;
  SERIES =
  ena1 (1) ena2 (2) ena3 (3)
  ena4 (4) res1 (5) res2 (6)
  res3 (7) mon1 (8) mon2 (9) mon3 (10)
  rev1 (11) tech_c (12);



*** WARNING in MODEL command
  All variables are uncorrelated with all other variables within class.
  Check that this is what is intended.
*** WARNING
  Data set contains cases with missing on all variables.
  These cases were not included in the analysis.
  Number of cases with missing on all variables:  28
   2 WARNING(S) FOUND IN THE INPUT INSTRUCTIONS



Katin toka LPA

SUMMARY OF ANALYSIS

Number of groups                                                 1
Number of observations                                         668

Number of dependent variables                                   12
Number of independent variables                                  0
Number of continuous latent variables                            0
Number of categorical latent variables                           1

Observed dependent variables

  Continuous
   ENA1        ENA2        ENA3        ENA4        RES1        RES2
   RES3        MON1        MON2        MON3        REV1        TECH_C

Categorical latent variables
   C


Estimator                                                      MLR
Information matrix                                        OBSERVED
Optimization Specifications for the Quasi-Newton Algorithm for
Continuous Outcomes
  Maximum number of iterations                                 100
  Convergence criterion                                  0.100D-05
Optimization Specifications for the EM Algorithm
  Maximum number of iterations                                 500
  Convergence criteria
    Loglikelihood change                                 0.100D-06
    Relative loglikelihood change                        0.100D-06
    Derivative                                           0.100D-05
Optimization Specifications for the M step of the EM Algorithm for
Categorical Latent variables
  Number of M step iterations                                    1
  M step convergence criterion                           0.100D-05
  Basis for M step termination                           ITERATION
Optimization Specifications for the M step of the EM Algorithm for
Censored, Binary or Ordered Categorical (Ordinal), Unordered
Categorical (Nominal) and Count Outcomes
  Number of M step iterations                                    1
  M step convergence criterion                           0.100D-05
  Basis for M step termination                           ITERATION
  Maximum value for logit thresholds                            15
  Minimum value for logit thresholds                           -15
  Minimum expected cell size for chi-square              0.100D-01
Maximum number of iterations for H1                           2000
Convergence criterion for H1                             0.100D-03
Optimization algorithm                                         EMA
Random Starts Specifications
  Random seed for analysis                                  352277

Input data file(s)
  parent_mplus2.dat
Input data format  FREE


SUMMARY OF DATA

     Number of missing data patterns            12
     Number of y missing data patterns          12
     Number of u missing data patterns           0


COVARIANCE COVERAGE OF DATA

Minimum covariance coverage value   0.100


     PROPORTION OF DATA PRESENT FOR Y


           Covariance Coverage
              ENA1          ENA2          ENA3          ENA4          RES1
              ________      ________      ________      ________      ________
 ENA1           0.994
 ENA2           0.993         0.996
 ENA3           0.991         0.994         0.994
 ENA4           0.990         0.991         0.991         0.991
 RES1           0.991         0.991         0.990         0.988         0.993
 RES2           0.990         0.990         0.990         0.988         0.991
 RES3           0.990         0.991         0.990         0.988         0.991
 MON1           0.987         0.988         0.988         0.987         0.988
 MON2           0.988         0.990         0.988         0.987         0.990
 MON3           0.961         0.963         0.961         0.960         0.963
 REV1           0.988         0.990         0.988         0.985         0.990
 TECH_C         0.994         0.996         0.994         0.991         0.993


           Covariance Coverage
              RES2          RES3          MON1          MON2          MON3
              ________      ________      ________      ________      ________
 RES2           0.991
 RES3           0.990         0.991
 MON1           0.988         0.988         0.988
 MON2           0.988         0.990         0.987         0.990
 MON3           0.961         0.963         0.960         0.961         0.963
 REV1           0.988         0.988         0.985         0.987         0.960
 TECH_C         0.991         0.991         0.988         0.990         0.963


           Covariance Coverage
              REV1          TECH_C
              ________      ________
 REV1           0.994
 TECH_C         0.991         0.997



UNIVARIATE SAMPLE STATISTICS


     UNIVARIATE HIGHER-ORDER MOMENT DESCRIPTIVE STATISTICS

         Variable/         Mean/     Skewness/   Minimum/ % with                Percentiles
        Sample Size      Variance    Kurtosis    Maximum  Min/Max      20%/60%    40%/80%    Median

     ENA1                  0.000       0.071      -2.632    2.41%      -0.158     -0.158     -0.158
             664.000       1.000       0.486       2.315    5.12%      -0.158      1.078
     ENA2                  0.000       0.134      -2.266    3.76%      -0.818     -0.818      0.629
             665.000       1.000      -0.289       2.076    7.82%       0.629      0.629
     ENA3                  0.000      -0.079      -2.864    1.36%      -0.457     -0.457     -0.457
             664.000       1.000       0.027       1.950    8.28%       0.747      0.747
     ENA4                  0.000      -0.006      -2.785    0.91%      -0.526     -0.526     -0.526
             662.000       1.000      -0.376       1.734   12.99%       0.604      0.604
     RES1                  0.000      -0.194      -2.368    3.32%      -0.391     -0.391     -0.391
             663.000       1.000      -0.452       1.586   14.63%       0.598      0.598
     RES2                  0.000       0.189      -2.230    3.02%      -1.203     -0.177     -0.177
             662.000       1.000      -0.325       1.876   11.33%      -0.177      0.850
     RES3                  0.000      -0.143      -2.216    4.23%      -0.367     -0.367     -0.367
             662.000       1.000      -0.622       1.482   18.88%       0.557      0.557
     MON1                  0.000       0.000      -1.870   10.30%      -0.831      0.208      0.208
             660.000       1.000      -0.102       2.285    4.24%       0.208      0.208
     MON2                  0.000       1.046      -0.855   49.32%      -0.855     -0.855      0.318
             661.000       1.000       0.808       3.836    0.91%       0.318      0.318
     MON3                  0.000       0.508      -1.150   32.04%      -1.150     -0.161     -0.161
             643.000       1.000      -0.325       2.804    2.18%      -0.161      0.827
     REV1                  0.000       1.020      -1.127   31.63%      -1.127      0.133      0.133
             664.000       1.000       1.960       5.170    0.15%       0.133      0.133
     TECH_C                0.000       0.148      -3.679    0.15%      -0.662     -0.231     -0.231
             666.000       1.000       0.619       2.786    1.65%       0.200      0.631


THE MODEL ESTIMATION TERMINATED NORMALLY



MODEL FIT INFORMATION

Number of Free Parameters                       63

Loglikelihood

          H0 Value                      -10175.706
          H0 Scaling Correction Factor      1.5552
            for MLR

Information Criteria

          Akaike (AIC)                   20477.413
          Bayesian (BIC)                 20761.183
          Sample-Size Adjusted BIC       20561.154
            (n* = (n + 2) / 24)



FINAL CLASS COUNTS AND PROPORTIONS FOR THE LATENT CLASSES
BASED ON THE ESTIMATED MODEL

    Latent
   Classes

       1        222.00362          0.33234
       2         79.65073          0.11924
       3        150.66701          0.22555
       4        215.67865          0.32287


FINAL CLASS COUNTS AND PROPORTIONS FOR THE LATENT CLASSES
BASED ON ESTIMATED POSTERIOR PROBABILITIES

    Latent
   Classes

       1        222.00362          0.33234
       2         79.65073          0.11924
       3        150.66701          0.22555
       4        215.67865          0.32287


FINAL CLASS COUNTS AND PROPORTIONS FOR THE LATENT CLASSES
BASED ON THEIR MOST LIKELY LATENT CLASS MEMBERSHIP

Class Counts and Proportions

    Latent
   Classes

       1              224          0.33533
       2               80          0.11976
       3              146          0.21856
       4              218          0.32635


CLASSIFICATION QUALITY

     Entropy                         0.813


Average Latent Class Probabilities for Most Likely Latent Class Membership (Row)
by Latent Class (Column)

           1        2        3        4

    1   0.930    0.001    0.033    0.036
    2   0.000    0.896    0.056    0.048
    3   0.044    0.015    0.865    0.076
    4   0.033    0.025    0.057    0.884


Classification Probabilities for the Most Likely Latent Class Membership (Column)
by Latent Class (Row)

           1        2        3        4

    1   0.938    0.000    0.029    0.033
    2   0.003    0.900    0.028    0.069
    3   0.050    0.030    0.838    0.083
    4   0.037    0.018    0.051    0.894


Logits for the Classification Probabilities for the Most Likely Latent Class Membership (Column)
by Latent Class (Row)

              1        2        3        4

    1      3.355  -10.397   -0.121    0.000
    2     -3.127    2.565   -0.911    0.000
    3     -0.507   -1.029    2.317    0.000
    4     -3.185   -3.906   -2.859    0.000


MODEL RESULTS

                                                    Two-Tailed
                    Estimate       S.E.  Est./S.E.    P-Value

Latent Class 1

 Means
    ENA1              -0.693      0.089     -7.741      0.000
    ENA2              -0.776      0.077    -10.065      0.000
    ENA3              -0.394      0.108     -3.637      0.000
    ENA4              -0.690      0.097     -7.108      0.000
    RES1              -0.680      0.116     -5.877      0.000
    RES2              -0.686      0.088     -7.780      0.000
    RES3              -0.603      0.113     -5.343      0.000
    MON1              -0.746      0.125     -5.955      0.000
    MON2              -0.444      0.066     -6.686      0.000
    MON3              -0.631      0.094     -6.702      0.000
    REV1              -0.017      0.071     -0.246      0.805
    TECH_C            -0.875      0.109     -8.011      0.000

 Variances
    ENA1               0.597      0.075      7.959      0.000
    ENA2               0.560      0.039     14.187      0.000
    ENA3               0.807      0.058     14.010      0.000
    ENA4               0.666      0.046     14.608      0.000
    RES1               0.536      0.042     12.894      0.000
    RES2               0.663      0.039     17.132      0.000
    RES3               0.557      0.041     13.641      0.000
    MON1               0.614      0.036     17.034      0.000
    MON2               0.789      0.050     15.847      0.000
    MON3               0.687      0.054     12.789      0.000
    REV1               0.989      0.077     12.763      0.000
    TECH_C             0.378      0.037     10.335      0.000

Latent Class 2

 Means
    ENA1               1.324      0.262      5.048      0.000
    ENA2               1.302      0.419      3.105      0.002
    ENA3               0.870      0.450      1.934      0.053
    ENA4               1.060      0.364      2.913      0.004
    RES1               0.863      0.150      5.763      0.000
    RES2               0.932      0.179      5.213      0.000
    RES3               0.640      0.150      4.256      0.000
    MON1               1.233      0.427      2.888      0.004
    MON2               1.081      0.432      2.503      0.012
    MON3               1.188      0.579      2.050      0.040
    REV1               0.114      0.144      0.791      0.429
    TECH_C             1.564      0.502      3.114      0.002

 Variances
    ENA1               0.597      0.075      7.959      0.000
    ENA2               0.560      0.039     14.187      0.000
    ENA3               0.807      0.058     14.010      0.000
    ENA4               0.666      0.046     14.608      0.000
    RES1               0.536      0.042     12.894      0.000
    RES2               0.663      0.039     17.132      0.000
    RES3               0.557      0.041     13.641      0.000
    MON1               0.614      0.036     17.034      0.000
    MON2               0.789      0.050     15.847      0.000
    MON3               0.687      0.054     12.789      0.000
    REV1               0.989      0.077     12.763      0.000
    TECH_C             0.378      0.037     10.335      0.000

Latent Class 3

 Means
    ENA1               0.395      0.184      2.146      0.032
    ENA2               0.406      0.165      2.466      0.014
    ENA3               0.410      0.111      3.712      0.000
    ENA4               0.436      0.144      3.024      0.002
    RES1              -0.485      0.140     -3.456      0.001
    RES2              -0.155      0.150     -1.032      0.302
    RES3              -0.574      0.135     -4.244      0.000
    MON1               0.114      0.131      0.870      0.384
    MON2              -0.098      0.162     -0.604      0.546
    MON3               0.279      0.146      1.913      0.056
    REV1               0.142      0.105      1.345      0.179
    TECH_C             0.573      0.181      3.165      0.002

 Variances
    ENA1               0.597      0.075      7.959      0.000
    ENA2               0.560      0.039     14.187      0.000
    ENA3               0.807      0.058     14.010      0.000
    ENA4               0.666      0.046     14.608      0.000
    RES1               0.536      0.042     12.894      0.000
    RES2               0.663      0.039     17.132      0.000
    RES3               0.557      0.041     13.641      0.000
    MON1               0.614      0.036     17.034      0.000
    MON2               0.789      0.050     15.847      0.000
    MON3               0.687      0.054     12.789      0.000
    REV1               0.989      0.077     12.763      0.000
    TECH_C             0.378      0.037     10.335      0.000

Latent Class 4

 Means
    ENA1              -0.050      0.266     -0.187      0.851
    ENA2               0.031      0.241      0.130      0.896
    ENA3              -0.206      0.108     -1.900      0.057
    ENA4               0.009      0.186      0.050      0.960
    RES1               0.723      0.170      4.257      0.000
    RES2               0.472      0.166      2.848      0.004
    RES3               0.784      0.117      6.683      0.000
    MON1               0.231      0.151      1.532      0.126
    MON2               0.127      0.136      0.927      0.354
    MON3               0.045      0.138      0.325      0.745
    REV1              -0.123      0.074     -1.661      0.097
    TECH_C            -0.077      0.262     -0.295      0.768

 Variances
    ENA1               0.597      0.075      7.959      0.000
    ENA2               0.560      0.039     14.187      0.000
    ENA3               0.807      0.058     14.010      0.000
    ENA4               0.666      0.046     14.608      0.000
    RES1               0.536      0.042     12.894      0.000
    RES2               0.663      0.039     17.132      0.000
    RES3               0.557      0.041     13.641      0.000
    MON1               0.614      0.036     17.034      0.000
    MON2               0.789      0.050     15.847      0.000
    MON3               0.687      0.054     12.789      0.000
    REV1               0.989      0.077     12.763      0.000
    TECH_C             0.378      0.037     10.335      0.000

Categorical Latent Variables

 Means
    C#1                0.029      0.170      0.170      0.865
    C#2               -0.996      0.811     -1.228      0.219
    C#3               -0.359      0.210     -1.709      0.087


QUALITY OF NUMERICAL RESULTS

     Condition Number for the Information Matrix              0.288E-07
       (ratio of smallest to largest eigenvalue)


PLOT INFORMATION

The following plots are available:

  Histograms (sample values)
  Scatterplots (sample values)
  Sample means
  Estimated means, medians, modes, and percentiles
  Sample and estimated means
  Observed individual values
  Estimated means and observed individual values
  Estimated overall and class-specific distributions

DIAGRAM INFORMATION

  Mplus diagrams are currently not available for Mixture analysis.
  No diagram output was produced.


     Beginning Time:  12:55:29
        Ending Time:  12:55:30
       Elapsed Time:  00:00:01



MUTHEN & MUTHEN
3463 Stoner Ave.
Los Angeles, CA  90066

Tel: (310) 391-9971
Fax: (310) 391-8971
Web: www.StatModel.com
Support: Support@StatModel.com

Copyright (c) 1998-2020 Muthen & Muthen
