Mplus VERSION 8.5
MUTHEN & MUTHEN
02/04/2021  12:51 PM

INPUT INSTRUCTIONS

  TITLE: Katin toka LPA
  DATA: FILE = "parent_mplus2.dat";
  VARIABLE:
  NAMES = ena1 ena2 ena3 ena4 ena5 res1 res2 res3 mon1 mon2 mon3 tech1 tech2 rev1
       skill1 skill2 skill3 skill4 skill5 skill6 skill7 skill8 skill9 skill10 skill11
       esm1 esm2 esm3 egm1 egm2 egm3 role ori1 ori2 lang1 lang2 lang3 lang4 lang5
       lang6 lang7 lang8 Edu Curac_1 Curac_2 Curac_3 Curac_4 Curac_5 Curac_6 Curac_7
       Curac_8 jobrole Fam_1 Fam_2 Fam_3 Fam_4 Fam_5 Fam_6 Fam_7 Fam_8 parent1 parent2
       parent3 parent4 parent5 q6 q8 Finsitu diffic tech_c;
  MISSING=.;

  USEVARIABLES = ena1 ena2 ena3 ena4 res1 res2 res3 mon1 mon2 mon3 rev1 tech_c;

  CLASSES = c(4);

  ANALYSIS:
        TYPE = MIXTURE;
        ESTIMATOR IS MLR;
        STARTS = 100 25;
        PROCESSORS = 4;
  MODEL:

  OUTPUT:



*** WARNING in MODEL command
  All variables are uncorrelated with all other variables within class.
  Check that this is what is intended.
   1 WARNING(S) FOUND IN THE INPUT INSTRUCTIONS



Katin toka LPA

SUMMARY OF ANALYSIS

Number of groups                                                 1
Number of observations                                        1308

Number of dependent variables                                   12
Number of independent variables                                  0
Number of continuous latent variables                            0
Number of categorical latent variables                           1

Observed dependent variables

  Continuous
   ENA1        ENA2        ENA3        ENA4        RES1        RES2
   RES3        MON1        MON2        MON3        REV1        TECH_C

Categorical latent variables
   C


Estimator                                                      MLR
Information matrix                                        OBSERVED
Optimization Specifications for the Quasi-Newton Algorithm for
Continuous Outcomes
  Maximum number of iterations                                 100
  Convergence criterion                                  0.100D-05
Optimization Specifications for the EM Algorithm
  Maximum number of iterations                                 500
  Convergence criteria
    Loglikelihood change                                 0.100D-06
    Relative loglikelihood change                        0.100D-06
    Derivative                                           0.100D-05
Optimization Specifications for the M step of the EM Algorithm for
Categorical Latent variables
  Number of M step iterations                                    1
  M step convergence criterion                           0.100D-05
  Basis for M step termination                           ITERATION
Optimization Specifications for the M step of the EM Algorithm for
Censored, Binary or Ordered Categorical (Ordinal), Unordered
Categorical (Nominal) and Count Outcomes
  Number of M step iterations                                    1
  M step convergence criterion                           0.100D-05
  Basis for M step termination                           ITERATION
  Maximum value for logit thresholds                            15
  Minimum value for logit thresholds                           -15
  Minimum expected cell size for chi-square              0.100D-01
Maximum number of iterations for H1                           2000
Convergence criterion for H1                             0.100D-03
Optimization algorithm                                         EMA
Random Starts Specifications
  Number of initial stage random starts                        100
  Number of final stage optimizations                           25
  Number of initial stage iterations                            10
  Initial stage convergence criterion                    0.100D+01
  Random starts scale                                    0.500D+01
  Random seed for generating random starts                       0

Input data file(s)
  parent_mplus2.dat
Input data format  FREE


SUMMARY OF DATA

     Number of missing data patterns             2
     Number of y missing data patterns           2
     Number of u missing data patterns           0


COVARIANCE COVERAGE OF DATA

Minimum covariance coverage value   0.100


     PROPORTION OF DATA PRESENT FOR Y


           Covariance Coverage
              ENA1          ENA2          ENA3          ENA4          RES1
              ________      ________      ________      ________      ________
 ENA1           1.000
 ENA2           1.000         1.000
 ENA3           1.000         1.000         1.000
 ENA4           1.000         1.000         1.000         1.000
 RES1           1.000         1.000         1.000         1.000         1.000
 RES2           1.000         1.000         1.000         1.000         1.000
 RES3           1.000         1.000         1.000         1.000         1.000
 MON1           1.000         1.000         1.000         1.000         1.000
 MON2           1.000         1.000         1.000         1.000         1.000
 MON3           0.973         0.973         0.973         0.973         0.973
 REV1           1.000         1.000         1.000         1.000         1.000
 TECH_C         1.000         1.000         1.000         1.000         1.000


           Covariance Coverage
              RES2          RES3          MON1          MON2          MON3
              ________      ________      ________      ________      ________
 RES2           1.000
 RES3           1.000         1.000
 MON1           1.000         1.000         1.000
 MON2           1.000         1.000         1.000         1.000
 MON3           0.973         0.973         0.973         0.973         0.973
 REV1           1.000         1.000         1.000         1.000         0.973
 TECH_C         1.000         1.000         1.000         1.000         0.973


           Covariance Coverage
              REV1          TECH_C
              ________      ________
 REV1           1.000
 TECH_C         1.000         1.000



UNIVARIATE SAMPLE STATISTICS


     UNIVARIATE HIGHER-ORDER MOMENT DESCRIPTIVE STATISTICS

         Variable/         Mean/     Skewness/   Minimum/ % with                Percentiles
        Sample Size      Variance    Kurtosis    Maximum  Min/Max      20%/60%    40%/80%    Median

     ENA1                  3.110       0.108       1.000    2.22%       3.000      3.000      3.000
            1308.000       0.636       0.513       5.000    4.82%       3.000      4.000
     ENA2                  3.515       0.149       1.000    0.15%       3.000      3.000      3.000
            1308.000       0.496      -0.110       5.000    7.49%       4.000      4.000
     ENA3                  3.364       0.042       1.000    0.84%       3.000      3.000      3.000
            1308.000       0.647      -0.033       5.000    7.72%       4.000      4.000
     ENA4                  3.453      -0.013       1.000    1.15%       3.000      3.000      3.000
            1308.000       0.801      -0.338       5.000   13.15%       4.000      4.000
     RES1                  3.397      -0.183       1.000    3.13%       3.000      3.000      3.000
            1308.000       1.027      -0.497       5.000   14.76%       4.000      4.000
     RES2                  3.136       0.124       1.000    4.05%       2.000      3.000      3.000
            1308.000       0.962      -0.260       5.000   10.32%       3.000      4.000
     RES3                  3.390      -0.165       1.000    4.51%       2.000      3.000      3.000
            1308.000       1.197      -0.654       5.000   18.73%       4.000      4.000
     MON1                  2.755       0.050       1.000   11.24%       2.000      3.000      3.000
            1308.000       0.956      -0.202       5.000    4.13%       3.000      3.000
     MON2                  1.691       1.139       1.000   52.29%       1.000      1.000      1.000
            1308.000       0.727       0.997       5.000    0.92%       2.000      2.000
     MON3                  2.112       0.537       1.000   34.49%       1.000      2.000      2.000
            1273.000       1.010      -0.371       5.000    1.81%       2.000      3.000
     REV1                  1.871       0.875       1.000   32.42%       1.000      2.000      2.000
            1308.000       0.588       1.343       6.000    0.08%       2.000      2.000
     TECH_C                2.563       0.938       2.000   62.00%       2.000      2.000      2.000
            1308.000       0.612      -0.729       4.000   18.27%       2.000      3.000

RANDOM STARTS RESULTS RANKED FROM THE BEST TO THE WORST LOGLIKELIHOOD VALUES

Final stage loglikelihood values at local maxima, seeds, and initial stage start numbers:

          -18411.421  352277           42
          -18411.421  246261           38
          -18411.421  902278           21
          -18411.421  782200           84
          -18411.421  415931           10
          -18444.592  915107           54
          -18444.592  626891           32
          -18444.592  268217           83
          -18444.592  851945           18
          -18444.592  804561           59
          -18444.592  569833           85
          -18444.592  284109           82
          -18444.592  432148           30
          -18444.592  399671           13
          -18444.592  813779           92
          -18444.592  783110           72
          -18444.592  76974            16
          -18444.592  136842           58

7 perturbed starting value run(s) did not converge or were rejected in the third stage.



THE BEST LOGLIKELIHOOD VALUE HAS BEEN REPLICATED.  RERUN WITH AT LEAST TWICE THE
RANDOM STARTS TO CHECK THAT THE BEST LOGLIKELIHOOD IS STILL OBTAINED AND REPLICATED.


THE MODEL ESTIMATION TERMINATED NORMALLY



MODEL FIT INFORMATION

Number of Free Parameters                       63

Loglikelihood

          H0 Value                      -18411.421
          H0 Scaling Correction Factor      1.3241
            for MLR

Information Criteria

          Akaike (AIC)                   36948.841
          Bayesian (BIC)                 37274.945
          Sample-Size Adjusted BIC       37074.824
            (n* = (n + 2) / 24)



FINAL CLASS COUNTS AND PROPORTIONS FOR THE LATENT CLASSES
BASED ON THE ESTIMATED MODEL

    Latent
   Classes

       1        461.57377          0.35289
       2        252.49023          0.19304
       3        460.66373          0.35219
       4        133.27227          0.10189


FINAL CLASS COUNTS AND PROPORTIONS FOR THE LATENT CLASSES
BASED ON ESTIMATED POSTERIOR PROBABILITIES

    Latent
   Classes

       1        461.57377          0.35289
       2        252.49023          0.19304
       3        460.66373          0.35219
       4        133.27227          0.10189


FINAL CLASS COUNTS AND PROPORTIONS FOR THE LATENT CLASSES
BASED ON THEIR MOST LIKELY LATENT CLASS MEMBERSHIP

Class Counts and Proportions

    Latent
   Classes

       1              462          0.35321
       2              252          0.19266
       3              457          0.34939
       4              137          0.10474


CLASSIFICATION QUALITY

     Entropy                         0.839


Average Latent Class Probabilities for Most Likely Latent Class Membership (Row)
by Latent Class (Column)

           1        2        3        4

    1   0.923    0.010    0.066    0.000
    2   0.016    0.899    0.055    0.030
    3   0.068    0.026    0.898    0.008
    4   0.000    0.068    0.043    0.889


Classification Probabilities for the Most Likely Latent Class Membership (Column)
by Latent Class (Row)

           1        2        3        4

    1   0.924    0.008    0.067    0.000
    2   0.019    0.897    0.047    0.037
    3   0.066    0.030    0.891    0.013
    4   0.000    0.057    0.029    0.914


Logits for the Classification Probabilities for the Most Likely Latent Class Membership (Column)
by Latent Class (Row)

              1        2        3        4

    1     13.737    9.046   11.118    0.000
    2     -0.653    3.191    0.239    0.000
    3      1.655    0.872    4.251    0.000
    4    -13.726   -2.773   -3.463    0.000


MODEL RESULTS

                                                    Two-Tailed
                    Estimate       S.E.  Est./S.E.    P-Value

Latent Class 1

 Means
    ENA1               2.661      0.040     66.652      0.000
    ENA2               3.087      0.038     80.907      0.000
    ENA3               3.156      0.042     75.988      0.000
    ENA4               3.006      0.048     62.494      0.000
    RES1               2.623      0.074     35.319      0.000
    RES2               2.454      0.058     42.317      0.000
    RES3               2.600      0.081     32.122      0.000
    MON1               2.031      0.062     32.610      0.000
    MON2               1.229      0.030     41.001      0.000
    MON3               1.494      0.053     28.397      0.000
    REV1               1.823      0.039     46.679      0.000
    TECH_C             2.105      0.025     83.948      0.000

 Variances
    ENA1               0.447      0.023     19.429      0.000
    ENA2               0.338      0.016     21.160      0.000
    ENA3               0.579      0.025     23.531      0.000
    ENA4               0.643      0.027     24.092      0.000
    RES1               0.636      0.036     17.666      0.000
    RES2               0.652      0.027     24.569      0.000
    RES3               0.780      0.044     17.877      0.000
    MON1               0.583      0.027     21.346      0.000
    MON2               0.530      0.027     19.992      0.000
    MON3               0.692      0.041     16.855      0.000
    REV1               0.580      0.029     19.815      0.000
    TECH_C             0.155      0.021      7.385      0.000

Latent Class 2

 Means
    ENA1               3.013      0.081     37.077      0.000
    ENA2               3.381      0.070     48.230      0.000
    ENA3               3.138      0.057     55.323      0.000
    ENA4               3.426      0.097     35.340      0.000
    RES1               4.005      0.103     38.936      0.000
    RES2               3.521      0.114     30.925      0.000
    RES3               4.158      0.117     35.536      0.000
    MON1               2.798      0.096     29.037      0.000
    MON2               1.658      0.084     19.658      0.000
    MON3               1.948      0.087     22.486      0.000
    REV1               1.739      0.050     35.047      0.000
    TECH_C             3.599      0.083     43.484      0.000

 Variances
    ENA1               0.447      0.023     19.429      0.000
    ENA2               0.338      0.016     21.160      0.000
    ENA3               0.579      0.025     23.531      0.000
    ENA4               0.643      0.027     24.092      0.000
    RES1               0.636      0.036     17.666      0.000
    RES2               0.652      0.027     24.569      0.000
    RES3               0.780      0.044     17.877      0.000
    MON1               0.583      0.027     21.346      0.000
    MON2               0.530      0.027     19.992      0.000
    MON3               0.692      0.041     16.855      0.000
    REV1               0.580      0.029     19.815      0.000
    TECH_C             0.155      0.021      7.385      0.000

Latent Class 3

 Means
    ENA1               3.327      0.065     50.866      0.000
    ENA2               3.789      0.063     60.411      0.000
    ENA3               3.529      0.047     74.410      0.000
    ENA4               3.678      0.063     57.992      0.000
    RES1               3.554      0.062     57.032      0.000
    RES2               3.315      0.060     55.526      0.000
    RES3               3.508      0.058     60.634      0.000
    MON1               3.114      0.073     42.908      0.000
    MON2               1.872      0.064     29.313      0.000
    MON3               2.512      0.089     28.275      0.000
    REV1               1.970      0.040     49.670      0.000
    TECH_C             2.147      0.039     55.401      0.000

 Variances
    ENA1               0.447      0.023     19.429      0.000
    ENA2               0.338      0.016     21.160      0.000
    ENA3               0.579      0.025     23.531      0.000
    ENA4               0.643      0.027     24.092      0.000
    RES1               0.636      0.036     17.666      0.000
    RES2               0.652      0.027     24.569      0.000
    RES3               0.780      0.044     17.877      0.000
    MON1               0.583      0.027     21.346      0.000
    MON2               0.530      0.027     19.992      0.000
    MON3               0.692      0.041     16.855      0.000
    REV1               0.580      0.029     19.815      0.000
    TECH_C             0.155      0.021      7.385      0.000

Latent Class 4

 Means
    ENA1               4.098      0.123     33.296      0.000
    ENA2               4.305      0.119     36.327      0.000
    ENA3               3.939      0.143     27.475      0.000
    ENA4               4.282      0.090     47.803      0.000
    RES1               4.383      0.094     46.410      0.000
    RES2               4.152      0.093     44.431      0.000
    RES3               4.262      0.100     42.473      0.000
    MON1               3.937      0.145     27.199      0.000
    MON2               2.729      0.167     16.333      0.000
    MON3               3.225      0.218     14.812      0.000
    REV1               1.943      0.083     23.419      0.000
    TECH_C             3.622      0.119     30.557      0.000

 Variances
    ENA1               0.447      0.023     19.429      0.000
    ENA2               0.338      0.016     21.160      0.000
    ENA3               0.579      0.025     23.531      0.000
    ENA4               0.643      0.027     24.092      0.000
    RES1               0.636      0.036     17.666      0.000
    RES2               0.652      0.027     24.569      0.000
    RES3               0.780      0.044     17.877      0.000
    MON1               0.583      0.027     21.346      0.000
    MON2               0.530      0.027     19.992      0.000
    MON3               0.692      0.041     16.855      0.000
    REV1               0.580      0.029     19.815      0.000
    TECH_C             0.155      0.021      7.385      0.000

Categorical Latent Variables

 Means
    C#1                1.242      0.207      5.995      0.000
    C#2                0.639      0.237      2.700      0.007
    C#3                1.240      0.232      5.347      0.000


QUALITY OF NUMERICAL RESULTS

     Condition Number for the Information Matrix              0.635E-03
       (ratio of smallest to largest eigenvalue)


DIAGRAM INFORMATION

  Mplus diagrams are currently not available for Mixture analysis.
  No diagram output was produced.


     Beginning Time:  12:51:59
        Ending Time:  12:52:06
       Elapsed Time:  00:00:07



MUTHEN & MUTHEN
3463 Stoner Ave.
Los Angeles, CA  90066

Tel: (310) 391-9971
Fax: (310) 391-8971
Web: www.StatModel.com
Support: Support@StatModel.com

Copyright (c) 1998-2020 Muthen & Muthen
