Mplus VERSION 8.5
MUTHEN & MUTHEN
02/04/2021   1:18 PM

INPUT INSTRUCTIONS

  TITLE: Katin toka LPA
  DATA: FILE = "parent_mplus2.dat";
  VARIABLE:
  NAMES = ena1 ena2 ena3 ena4 ena5 res1 res2 res3 mon1 mon2 mon3 tech1 tech2 rev1
       skill1 skill2 skill3 skill4 skill5 skill6 skill7 skill8 skill9 skill10 skill11
       esm1 esm2 esm3 egm1 egm2 egm3 role ori1 ori2 lang1 lang2 lang3 lang4 lang5
       lang6 lang7 lang8 Edu Curac_1 Curac_2 Curac_3 Curac_4 Curac_5 Curac_6 Curac_7
       Curac_8 jobrole Fam_1 Fam_2 Fam_3 Fam_4 Fam_5 Fam_6 Fam_7 Fam_8 parent1 parent2
       parent3 parent4 parent5 q6 q8 Finsitu diffic tech_c;
  MISSING=.;

  USEVARIABLES = ena1 ena2 ena3 ena4 res1 res2 res3 mon1 mon2 mon3 rev1 tech_c;

  CLASSES = c(9);

  ANALYSIS:
        TYPE = MIXTURE;
        ESTIMATOR IS MLR;
        STARTS = 600 150;
        PROCESSORS = 4;
  MODEL:

  OUTPUT:



*** WARNING in MODEL command
  All variables are uncorrelated with all other variables within class.
  Check that this is what is intended.
   1 WARNING(S) FOUND IN THE INPUT INSTRUCTIONS



Katin toka LPA

SUMMARY OF ANALYSIS

Number of groups                                                 1
Number of observations                                        1308

Number of dependent variables                                   12
Number of independent variables                                  0
Number of continuous latent variables                            0
Number of categorical latent variables                           1

Observed dependent variables

  Continuous
   ENA1        ENA2        ENA3        ENA4        RES1        RES2
   RES3        MON1        MON2        MON3        REV1        TECH_C

Categorical latent variables
   C


Estimator                                                      MLR
Information matrix                                        OBSERVED
Optimization Specifications for the Quasi-Newton Algorithm for
Continuous Outcomes
  Maximum number of iterations                                 100
  Convergence criterion                                  0.100D-05
Optimization Specifications for the EM Algorithm
  Maximum number of iterations                                 500
  Convergence criteria
    Loglikelihood change                                 0.100D-06
    Relative loglikelihood change                        0.100D-06
    Derivative                                           0.100D-05
Optimization Specifications for the M step of the EM Algorithm for
Categorical Latent variables
  Number of M step iterations                                    1
  M step convergence criterion                           0.100D-05
  Basis for M step termination                           ITERATION
Optimization Specifications for the M step of the EM Algorithm for
Censored, Binary or Ordered Categorical (Ordinal), Unordered
Categorical (Nominal) and Count Outcomes
  Number of M step iterations                                    1
  M step convergence criterion                           0.100D-05
  Basis for M step termination                           ITERATION
  Maximum value for logit thresholds                            15
  Minimum value for logit thresholds                           -15
  Minimum expected cell size for chi-square              0.100D-01
Maximum number of iterations for H1                           2000
Convergence criterion for H1                             0.100D-03
Optimization algorithm                                         EMA
Random Starts Specifications
  Number of initial stage random starts                        600
  Number of final stage optimizations                          150
  Number of initial stage iterations                            10
  Initial stage convergence criterion                    0.100D+01
  Random starts scale                                    0.500D+01
  Random seed for generating random starts                       0

Input data file(s)
  parent_mplus2.dat
Input data format  FREE


SUMMARY OF DATA

     Number of missing data patterns             2
     Number of y missing data patterns           2
     Number of u missing data patterns           0


COVARIANCE COVERAGE OF DATA

Minimum covariance coverage value   0.100


     PROPORTION OF DATA PRESENT FOR Y


           Covariance Coverage
              ENA1          ENA2          ENA3          ENA4          RES1
              ________      ________      ________      ________      ________
 ENA1           1.000
 ENA2           1.000         1.000
 ENA3           1.000         1.000         1.000
 ENA4           1.000         1.000         1.000         1.000
 RES1           1.000         1.000         1.000         1.000         1.000
 RES2           1.000         1.000         1.000         1.000         1.000
 RES3           1.000         1.000         1.000         1.000         1.000
 MON1           1.000         1.000         1.000         1.000         1.000
 MON2           1.000         1.000         1.000         1.000         1.000
 MON3           0.973         0.973         0.973         0.973         0.973
 REV1           1.000         1.000         1.000         1.000         1.000
 TECH_C         1.000         1.000         1.000         1.000         1.000


           Covariance Coverage
              RES2          RES3          MON1          MON2          MON3
              ________      ________      ________      ________      ________
 RES2           1.000
 RES3           1.000         1.000
 MON1           1.000         1.000         1.000
 MON2           1.000         1.000         1.000         1.000
 MON3           0.973         0.973         0.973         0.973         0.973
 REV1           1.000         1.000         1.000         1.000         0.973
 TECH_C         1.000         1.000         1.000         1.000         0.973


           Covariance Coverage
              REV1          TECH_C
              ________      ________
 REV1           1.000
 TECH_C         1.000         1.000



UNIVARIATE SAMPLE STATISTICS


     UNIVARIATE HIGHER-ORDER MOMENT DESCRIPTIVE STATISTICS

         Variable/         Mean/     Skewness/   Minimum/ % with                Percentiles
        Sample Size      Variance    Kurtosis    Maximum  Min/Max      20%/60%    40%/80%    Median

     ENA1                  3.110       0.108       1.000    2.22%       3.000      3.000      3.000
            1308.000       0.636       0.513       5.000    4.82%       3.000      4.000
     ENA2                  3.515       0.149       1.000    0.15%       3.000      3.000      3.000
            1308.000       0.496      -0.110       5.000    7.49%       4.000      4.000
     ENA3                  3.364       0.042       1.000    0.84%       3.000      3.000      3.000
            1308.000       0.647      -0.033       5.000    7.72%       4.000      4.000
     ENA4                  3.453      -0.013       1.000    1.15%       3.000      3.000      3.000
            1308.000       0.801      -0.338       5.000   13.15%       4.000      4.000
     RES1                  3.397      -0.183       1.000    3.13%       3.000      3.000      3.000
            1308.000       1.027      -0.497       5.000   14.76%       4.000      4.000
     RES2                  3.136       0.124       1.000    4.05%       2.000      3.000      3.000
            1308.000       0.962      -0.260       5.000   10.32%       3.000      4.000
     RES3                  3.390      -0.165       1.000    4.51%       2.000      3.000      3.000
            1308.000       1.197      -0.654       5.000   18.73%       4.000      4.000
     MON1                  2.755       0.050       1.000   11.24%       2.000      3.000      3.000
            1308.000       0.956      -0.202       5.000    4.13%       3.000      3.000
     MON2                  1.691       1.139       1.000   52.29%       1.000      1.000      1.000
            1308.000       0.727       0.997       5.000    0.92%       2.000      2.000
     MON3                  2.112       0.537       1.000   34.49%       1.000      2.000      2.000
            1273.000       1.010      -0.371       5.000    1.81%       2.000      3.000
     REV1                  1.871       0.875       1.000   32.42%       1.000      2.000      2.000
            1308.000       0.588       1.343       6.000    0.08%       2.000      2.000
     TECH_C                2.563       0.938       2.000   62.00%       2.000      2.000      2.000
            1308.000       0.612      -0.729       4.000   18.27%       2.000      3.000

RANDOM STARTS RESULTS RANKED FROM THE BEST TO THE WORST LOGLIKELIHOOD VALUES

Final stage loglikelihood values at local maxima, seeds, and initial stage start numbers:

          -17838.496  124999           96
          -17838.496  263049           454
          -17838.496  93468            3
          -17838.496  606576           151
          -17838.496  100874           108
          -17838.496  862607           468
          -17838.496  358488           264
          -17838.496  158612           581
          -17838.496  76974            16
          -17838.496  147440           514
          -17838.496  185071           370
          -17838.496  79212            517
          -17838.496  499150           216
          -17838.496  182524           373
          -17838.496  972430           491
          -17838.496  783102           433
          -17838.496  717754           180
          -17838.496  691234           250
          -17838.496  399380           436
          -17838.496  652266           490
          -17838.496  475420           71
          -17838.496  860772           174
          -17838.496  655497           376
          -17838.496  580405           286
          -17838.496  944186           541
          -17838.496  349562           359
          -17838.496  926797           406
          -17841.279  602797           336
          -17854.607  945065           255
          -17888.653  741484           441
          -17888.937  665121           417
          -17900.572  217130           443
          -17928.765  76451            211
          -17929.557  281558           184
          -17929.557  232559           136
          -17932.953  802779           122
          -17942.126  813779           92
          -17946.014  995249           525
          -17964.814  392418           28
          -17965.390  922596           456
          -17965.390  748692           204
          -17969.647  117731           570

108 perturbed starting value run(s) did not converge or were rejected in the third stage.



THE BEST LOGLIKELIHOOD VALUE HAS BEEN REPLICATED.  RERUN WITH AT LEAST TWICE THE
RANDOM STARTS TO CHECK THAT THE BEST LOGLIKELIHOOD IS STILL OBTAINED AND REPLICATED.


THE MODEL ESTIMATION TERMINATED NORMALLY



MODEL FIT INFORMATION

Number of Free Parameters                      128

Loglikelihood

          H0 Value                      -17838.496
          H0 Scaling Correction Factor      1.5734
            for MLR

Information Criteria

          Akaike (AIC)                   35932.993
          Bayesian (BIC)                 36595.553
          Sample-Size Adjusted BIC       36188.958
            (n* = (n + 2) / 24)



FINAL CLASS COUNTS AND PROPORTIONS FOR THE LATENT CLASSES
BASED ON THE ESTIMATED MODEL

    Latent
   Classes

       1        170.58684          0.13042
       2        176.57022          0.13499
       3        225.05386          0.17206
       4        106.80033          0.08165
       5        204.16551          0.15609
       6        152.82374          0.11684
       7        162.31328          0.12409
       8         78.61191          0.06010
       9         31.07431          0.02376


FINAL CLASS COUNTS AND PROPORTIONS FOR THE LATENT CLASSES
BASED ON ESTIMATED POSTERIOR PROBABILITIES

    Latent
   Classes

       1        170.58684          0.13042
       2        176.57022          0.13499
       3        225.05386          0.17206
       4        106.80033          0.08165
       5        204.16551          0.15609
       6        152.82374          0.11684
       7        162.31328          0.12409
       8         78.61191          0.06010
       9         31.07431          0.02376


FINAL CLASS COUNTS AND PROPORTIONS FOR THE LATENT CLASSES
BASED ON THEIR MOST LIKELY LATENT CLASS MEMBERSHIP

Class Counts and Proportions

    Latent
   Classes

       1              168          0.12844
       2              175          0.13379
       3              236          0.18043
       4               97          0.07416
       5              206          0.15749
       6              150          0.11468
       7              167          0.12768
       8               78          0.05963
       9               31          0.02370


CLASSIFICATION QUALITY

     Entropy                         0.792


Average Latent Class Probabilities for Most Likely Latent Class Membership (Row)
by Latent Class (Column)

           1        2        3        4        5        6        7        8        9

    1   0.884    0.001    0.065    0.001    0.050    0.000    0.000    0.000    0.000
    2   0.002    0.809    0.013    0.009    0.076    0.021    0.038    0.031    0.000
    3   0.065    0.020    0.775    0.019    0.081    0.000    0.041    0.000    0.000
    4   0.001    0.009    0.020    0.873    0.003    0.064    0.030    0.000    0.000
    5   0.031    0.076    0.085    0.010    0.754    0.001    0.031    0.012    0.000
    6   0.000    0.009    0.000    0.045    0.000    0.903    0.010    0.017    0.015
    7   0.000    0.040    0.057    0.043    0.037    0.017    0.793    0.013    0.000
    8   0.000    0.068    0.000    0.000    0.020    0.033    0.033    0.832    0.014
    9   0.000    0.004    0.000    0.000    0.000    0.064    0.000    0.039    0.893



Classification Probabilities for the Most Likely Latent Class Membership (Column)
by Latent Class (Row)

           1        2        3        4        5        6        7        8        9

    1   0.871    0.002    0.089    0.001    0.037    0.000    0.000    0.000    0.000
    2   0.001    0.802    0.027    0.005    0.089    0.008    0.038    0.030    0.001
    3   0.048    0.010    0.812    0.009    0.078    0.000    0.043    0.000    0.000
    4   0.001    0.015    0.041    0.792    0.020    0.064    0.067    0.000    0.000
    5   0.041    0.066    0.093    0.002    0.761    0.000    0.030    0.008    0.000
    6   0.000    0.024    0.000    0.040    0.001    0.886    0.019    0.017    0.013
    7   0.000    0.041    0.060    0.018    0.040    0.009    0.815    0.016    0.000
    8   0.000    0.069    0.000    0.000    0.031    0.032    0.027    0.825    0.016
    9   0.000    0.001    0.000    0.000    0.000    0.074    0.000    0.035    0.891



Logits for the Classification Probabilities for the Most Likely Latent Class Membership (Column)
by Latent Class (Row)

              1        2        3        4        5        6        7        8        9

    1     13.677    7.641   11.400    6.313   10.527    0.000    1.508    0.000    0.000
    2      0.023    7.083    3.680    2.042    4.885    2.475    4.031    3.799    0.000
    3     10.787    9.238   13.608    9.052   11.261    0.000   10.660    1.775    0.000
    4      7.179    9.602   10.619   13.583    9.882   11.063   11.115    3.625    0.000
    5     10.615   11.091   11.444    7.336   13.542    3.837   10.316    8.930    0.000
    6     -9.471    0.608   -7.196    1.138   -2.852    4.223    0.373    0.269    0.000
    7      0.566   10.627   11.006    9.802   10.587    9.145   13.612    9.681    0.000
    8     -9.651    1.496   -8.845   -8.515    0.676    0.731    0.555    3.972    0.000
    9    -13.700   -7.291  -13.700  -13.700  -13.700   -2.491  -13.700   -3.237    0.000



MODEL RESULTS

                                                    Two-Tailed
                    Estimate       S.E.  Est./S.E.    P-Value

Latent Class 1

 Means
    ENA1               2.499      0.089     28.059      0.000
    ENA2               2.937      0.076     38.569      0.000
    ENA3               3.127      0.096     32.553      0.000
    ENA4               2.925      0.092     31.676      0.000
    RES1               1.951      0.086     22.588      0.000
    RES2               2.013      0.091     22.004      0.000
    RES3               1.976      0.088     22.374      0.000
    MON1               1.748      0.112     15.640      0.000
    MON2               1.171      0.036     32.533      0.000
    MON3               1.387      0.088     15.851      0.000
    REV1               1.796      0.061     29.221      0.000
    TECH_C             2.079      0.030     69.771      0.000

 Variances
    ENA1               0.400      0.025     16.235      0.000
    ENA2               0.300      0.020     14.778      0.000
    ENA3               0.558      0.027     20.475      0.000
    ENA4               0.620      0.029     21.047      0.000
    RES1               0.412      0.029     14.028      0.000
    RES2               0.567      0.035     16.163      0.000
    RES3               0.554      0.034     16.374      0.000
    MON1               0.513      0.031     16.711      0.000
    MON2               0.343      0.048      7.198      0.000
    MON3               0.517      0.062      8.344      0.000
    REV1               0.574      0.030     19.286      0.000
    TECH_C             0.160      0.020      8.219      0.000

Latent Class 2

 Means
    ENA1               3.040      0.173     17.617      0.000
    ENA2               3.514      0.144     24.376      0.000
    ENA3               3.322      0.102     32.696      0.000
    ENA4               3.483      0.113     30.866      0.000
    RES1               3.354      0.182     18.464      0.000
    RES2               3.181      0.166     19.182      0.000
    RES3               3.379      0.150     22.524      0.000
    MON1               3.109      0.074     42.197      0.000
    MON2               2.619      0.139     18.804      0.000
    MON3               2.946      0.103     28.516      0.000
    REV1               1.918      0.112     17.143      0.000
    TECH_C             2.259      0.064     35.304      0.000

 Variances
    ENA1               0.400      0.025     16.235      0.000
    ENA2               0.300      0.020     14.778      0.000
    ENA3               0.558      0.027     20.475      0.000
    ENA4               0.620      0.029     21.047      0.000
    RES1               0.412      0.029     14.028      0.000
    RES2               0.567      0.035     16.163      0.000
    RES3               0.554      0.034     16.374      0.000
    MON1               0.513      0.031     16.711      0.000
    MON2               0.343      0.048      7.198      0.000
    MON3               0.517      0.062      8.344      0.000
    REV1               0.574      0.030     19.286      0.000
    TECH_C             0.160      0.020      8.219      0.000

Latent Class 3

 Means
    ENA1               2.690      0.078     34.648      0.000
    ENA2               3.106      0.070     44.342      0.000
    ENA3               3.088      0.089     34.839      0.000
    ENA4               3.002      0.095     31.473      0.000
    RES1               3.236      0.145     22.370      0.000
    RES2               2.787      0.073     38.126      0.000
    RES3               3.224      0.163     19.769      0.000
    MON1               2.064      0.122     16.871      0.000
    MON2               1.193      0.042     28.085      0.000
    MON3               1.337      0.093     14.393      0.000
    REV1               1.826      0.077     23.579      0.000
    TECH_C             2.124      0.028     75.018      0.000

 Variances
    ENA1               0.400      0.025     16.235      0.000
    ENA2               0.300      0.020     14.778      0.000
    ENA3               0.558      0.027     20.475      0.000
    ENA4               0.620      0.029     21.047      0.000
    RES1               0.412      0.029     14.028      0.000
    RES2               0.567      0.035     16.163      0.000
    RES3               0.554      0.034     16.374      0.000
    MON1               0.513      0.031     16.711      0.000
    MON2               0.343      0.048      7.198      0.000
    MON3               0.517      0.062      8.344      0.000
    REV1               0.574      0.030     19.286      0.000
    TECH_C             0.160      0.020      8.219      0.000

Latent Class 4

 Means
    ENA1               2.789      0.163     17.075      0.000
    ENA2               3.168      0.112     28.283      0.000
    ENA3               3.093      0.110     27.988      0.000
    ENA4               3.250      0.258     12.610      0.000
    RES1               3.746      0.374     10.019      0.000
    RES2               3.097      0.469      6.605      0.000
    RES3               3.952      0.409      9.666      0.000
    MON1               2.552      0.225     11.349      0.000
    MON2               1.490      0.135     11.055      0.000
    MON3               1.706      0.162     10.530      0.000
    REV1               1.671      0.120     13.964      0.000
    TECH_C             3.797      0.243     15.633      0.000

 Variances
    ENA1               0.400      0.025     16.235      0.000
    ENA2               0.300      0.020     14.778      0.000
    ENA3               0.558      0.027     20.475      0.000
    ENA4               0.620      0.029     21.047      0.000
    RES1               0.412      0.029     14.028      0.000
    RES2               0.567      0.035     16.163      0.000
    RES3               0.554      0.034     16.374      0.000
    MON1               0.513      0.031     16.711      0.000
    MON2               0.343      0.048      7.198      0.000
    MON3               0.517      0.062      8.344      0.000
    REV1               0.574      0.030     19.286      0.000
    TECH_C             0.160      0.020      8.219      0.000

Latent Class 5

 Means
    ENA1               3.255      0.139     23.350      0.000
    ENA2               3.654      0.163     22.465      0.000
    ENA3               3.609      0.108     33.570      0.000
    ENA4               3.605      0.155     23.203      0.000
    RES1               2.784      0.126     22.042      0.000
    RES2               2.902      0.134     21.622      0.000
    RES3               2.659      0.136     19.541      0.000
    MON1               2.915      0.142     20.476      0.000
    MON2               1.345      0.085     15.741      0.000
    MON3               2.303      0.183     12.604      0.000
    REV1               2.009      0.088     22.713      0.000
    TECH_C             2.210      0.060     36.676      0.000

 Variances
    ENA1               0.400      0.025     16.235      0.000
    ENA2               0.300      0.020     14.778      0.000
    ENA3               0.558      0.027     20.475      0.000
    ENA4               0.620      0.029     21.047      0.000
    RES1               0.412      0.029     14.028      0.000
    RES2               0.567      0.035     16.163      0.000
    RES3               0.554      0.034     16.374      0.000
    MON1               0.513      0.031     16.711      0.000
    MON2               0.343      0.048      7.198      0.000
    MON3               0.517      0.062      8.344      0.000
    REV1               0.574      0.030     19.286      0.000
    TECH_C             0.160      0.020      8.219      0.000

Latent Class 6

 Means
    ENA1               3.566      0.258     13.810      0.000
    ENA2               3.818      0.233     16.365      0.000
    ENA3               3.424      0.244     14.028      0.000
    ENA4               3.910      0.221     17.654      0.000
    RES1               4.399      0.099     44.513      0.000
    RES2               4.104      0.111     36.877      0.000
    RES3               4.391      0.162     27.108      0.000
    MON1               3.470      0.289     11.990      0.000
    MON2               2.197      0.382      5.751      0.000
    MON3               2.567      0.470      5.462      0.000
    REV1               1.798      0.112     16.065      0.000
    TECH_C             3.851      0.069     55.815      0.000

 Variances
    ENA1               0.400      0.025     16.235      0.000
    ENA2               0.300      0.020     14.778      0.000
    ENA3               0.558      0.027     20.475      0.000
    ENA4               0.620      0.029     21.047      0.000
    RES1               0.412      0.029     14.028      0.000
    RES2               0.567      0.035     16.163      0.000
    RES3               0.554      0.034     16.374      0.000
    MON1               0.513      0.031     16.711      0.000
    MON2               0.343      0.048      7.198      0.000
    MON3               0.517      0.062      8.344      0.000
    REV1               0.574      0.030     19.286      0.000
    TECH_C             0.160      0.020      8.219      0.000

Latent Class 7

 Means
    ENA1               3.206      0.151     21.300      0.000
    ENA2               3.749      0.189     19.846      0.000
    ENA3               3.319      0.082     40.559      0.000
    ENA4               3.463      0.110     31.519      0.000
    RES1               4.299      0.126     34.031      0.000
    RES2               3.630      0.175     20.773      0.000
    RES3               4.336      0.113     38.258      0.000
    MON1               2.799      0.178     15.721      0.000
    MON2               1.359      0.087     15.699      0.000
    MON3               1.746      0.187      9.322      0.000
    REV1               1.884      0.102     18.430      0.000
    TECH_C             2.331      0.152     15.309      0.000

 Variances
    ENA1               0.400      0.025     16.235      0.000
    ENA2               0.300      0.020     14.778      0.000
    ENA3               0.558      0.027     20.475      0.000
    ENA4               0.620      0.029     21.047      0.000
    RES1               0.412      0.029     14.028      0.000
    RES2               0.567      0.035     16.163      0.000
    RES3               0.554      0.034     16.374      0.000
    MON1               0.513      0.031     16.711      0.000
    MON2               0.343      0.048      7.198      0.000
    MON3               0.517      0.062      8.344      0.000
    REV1               0.574      0.030     19.286      0.000
    TECH_C             0.160      0.020      8.219      0.000

Latent Class 8

 Means
    ENA1               4.260      0.297     14.340      0.000
    ENA2               4.515      0.323     14.000      0.000
    ENA3               4.148      0.374     11.079      0.000
    ENA4               4.392      0.448      9.815      0.000
    RES1               3.934      0.232     16.978      0.000
    RES2               3.716      0.206     17.999      0.000
    RES3               3.737      0.245     15.242      0.000
    MON1               3.748      0.422      8.887      0.000
    MON2               2.188      0.267      8.198      0.000
    MON3               3.253      0.310     10.481      0.000
    REV1               1.880      0.181     10.398      0.000
    TECH_C             2.338      0.137     17.048      0.000

 Variances
    ENA1               0.400      0.025     16.235      0.000
    ENA2               0.300      0.020     14.778      0.000
    ENA3               0.558      0.027     20.475      0.000
    ENA4               0.620      0.029     21.047      0.000
    RES1               0.412      0.029     14.028      0.000
    RES2               0.567      0.035     16.163      0.000
    RES3               0.554      0.034     16.374      0.000
    MON1               0.513      0.031     16.711      0.000
    MON2               0.343      0.048      7.198      0.000
    MON3               0.517      0.062      8.344      0.000
    REV1               0.574      0.030     19.286      0.000
    TECH_C             0.160      0.020      8.219      0.000

Latent Class 9

 Means
    ENA1               4.411      0.510      8.643      0.000
    ENA2               4.698      0.441     10.645      0.000
    ENA3               4.184      0.231     18.119      0.000
    ENA4               4.484      0.180     24.953      0.000
    RES1               4.572      0.365     12.541      0.000
    RES2               4.440      0.578      7.688      0.000
    RES3               4.546      0.413     11.010      0.000
    MON1               4.645      0.522      8.903      0.000
    MON2               3.839      1.309      2.932      0.003
    MON3               4.176      0.547      7.627      0.000
    REV1               2.379      0.479      4.969      0.000
    TECH_C             3.641      0.269     13.535      0.000

 Variances
    ENA1               0.400      0.025     16.235      0.000
    ENA2               0.300      0.020     14.778      0.000
    ENA3               0.558      0.027     20.475      0.000
    ENA4               0.620      0.029     21.047      0.000
    RES1               0.412      0.029     14.028      0.000
    RES2               0.567      0.035     16.163      0.000
    RES3               0.554      0.034     16.374      0.000
    MON1               0.513      0.031     16.711      0.000
    MON2               0.343      0.048      7.198      0.000
    MON3               0.517      0.062      8.344      0.000
    REV1               0.574      0.030     19.286      0.000
    TECH_C             0.160      0.020      8.219      0.000

Categorical Latent Variables

 Means
    C#1                1.703      1.351      1.260      0.208
    C#2                1.737      1.367      1.271      0.204
    C#3                1.980      1.366      1.449      0.147
    C#4                1.235      1.846      0.669      0.504
    C#5                1.883      1.350      1.395      0.163
    C#6                1.593      1.316      1.210      0.226
    C#7                1.653      1.190      1.389      0.165
    C#8                0.928      1.036      0.896      0.370


QUALITY OF NUMERICAL RESULTS

     Condition Number for the Information Matrix              0.571E-04
       (ratio of smallest to largest eigenvalue)


DIAGRAM INFORMATION

  Mplus diagrams are currently not available for Mixture analysis.
  No diagram output was produced.


     Beginning Time:  13:18:01
        Ending Time:  13:19:19
       Elapsed Time:  00:01:18



MUTHEN & MUTHEN
3463 Stoner Ave.
Los Angeles, CA  90066

Tel: (310) 391-9971
Fax: (310) 391-8971
Web: www.StatModel.com
Support: Support@StatModel.com

Copyright (c) 1998-2020 Muthen & Muthen
