Mplus VERSION 8.3
MUTHEN & MUTHEN
01/18/2021  12:02 PM

INPUT INSTRUCTIONS

  TITLE: Katin eka LPA
  DATA: FILE = "mplus.dat";

  VARIABLE:
  NAMES = gender age post do oedu medu living someuse
          ffina ofina emo1 emo2 emo3 cog1 cog2 cog3
          agency1 agency2 agency3 over1 over2 over3
          fomo1 fomo2 fomo3 game chat scrol info content
          shop blog market mot1 mot2 mot3 mot4;

  MISSING=.;

  USEVARIABLES = agency1 agency2 agency3 over1 over2 over3 mot1 mot2 mot3 mot4;

  CLASSES = c(9);


  ANALYSIS:
      TYPE = MIXTURE;
      ESTIMATOR IS MLR;
      !STARTS = 100 25;
      OPTSEED = 192071;
      PROCESSORS = 4;

  MODEL:

  OUTPUT: TECH11 TECH14;



*** WARNING in MODEL command
  All variables are uncorrelated with all other variables within class.
  Check that this is what is intended.
*** WARNING
  Data set contains cases with missing on all variables.
  These cases were not included in the analysis.
  Number of cases with missing on all variables:  18
   2 WARNING(S) FOUND IN THE INPUT INSTRUCTIONS



Katin eka LPA

SUMMARY OF ANALYSIS

Number of groups                                                 1
Number of observations                                         782

Number of dependent variables                                   10
Number of independent variables                                  0
Number of continuous latent variables                            0
Number of categorical latent variables                           1

Observed dependent variables

  Continuous
   AGENCY1     AGENCY2     AGENCY3     OVER1       OVER2       OVER3
   MOT1        MOT2        MOT3        MOT4

Categorical latent variables
   C


Estimator                                                      MLR
Information matrix                                        OBSERVED
Optimization Specifications for the Quasi-Newton Algorithm for
Continuous Outcomes
  Maximum number of iterations                                 100
  Convergence criterion                                  0.100D-05
Optimization Specifications for the EM Algorithm
  Maximum number of iterations                                 500
  Convergence criteria
    Loglikelihood change                                 0.100D-06
    Relative loglikelihood change                        0.100D-06
    Derivative                                           0.100D-05
Optimization Specifications for the M step of the EM Algorithm for
Categorical Latent variables
  Number of M step iterations                                    1
  M step convergence criterion                           0.100D-05
  Basis for M step termination                           ITERATION
Optimization Specifications for the M step of the EM Algorithm for
Censored, Binary or Ordered Categorical (Ordinal), Unordered
Categorical (Nominal) and Count Outcomes
  Number of M step iterations                                    1
  M step convergence criterion                           0.100D-05
  Basis for M step termination                           ITERATION
  Maximum value for logit thresholds                            15
  Minimum value for logit thresholds                           -15
  Minimum expected cell size for chi-square              0.100D-01
Maximum number of iterations for H1                           2000
Convergence criterion for H1                             0.100D-03
Optimization algorithm                                         EMA
Random Starts Specifications
  Random seed for analysis                                  192071

Input data file(s)
  mplus.dat
Input data format  FREE


SUMMARY OF DATA

     Number of missing data patterns             5
     Number of y missing data patterns           5
     Number of u missing data patterns           0


COVARIANCE COVERAGE OF DATA

Minimum covariance coverage value   0.100


     PROPORTION OF DATA PRESENT FOR Y


           Covariance Coverage
              AGENCY1       AGENCY2       AGENCY3       OVER1         OVER2
              ________      ________      ________      ________      ________
 AGENCY1        0.999
 AGENCY2        0.999         1.000
 AGENCY3        0.999         1.000         1.000
 OVER1          0.999         1.000         1.000         1.000
 OVER2          0.997         0.999         0.999         0.999         0.999
 OVER3          0.999         1.000         1.000         1.000         0.999
 MOT1           0.999         1.000         1.000         1.000         0.999
 MOT2           0.994         0.995         0.995         0.995         0.994
 MOT3           0.997         0.999         0.999         0.999         0.997
 MOT4           0.999         1.000         1.000         1.000         0.999


           Covariance Coverage
              OVER3         MOT1          MOT2          MOT3          MOT4
              ________      ________      ________      ________      ________
 OVER3          1.000
 MOT1           1.000         1.000
 MOT2           0.995         0.995         0.995
 MOT3           0.999         0.999         0.994         0.999
 MOT4           1.000         1.000         0.995         0.999         1.000



UNIVARIATE SAMPLE STATISTICS


     UNIVARIATE HIGHER-ORDER MOMENT DESCRIPTIVE STATISTICS

         Variable/         Mean/     Skewness/   Minimum/ % with                Percentiles
        Sample Size      Variance    Kurtosis    Maximum  Min/Max      20%/60%    40%/80%    Median

     AGENCY1               4.909      -0.484       1.000    1.79%       3.000      5.000      5.000
             781.000       2.200      -0.438       7.000   14.85%       5.000      6.000
     AGENCY2               4.792      -0.375       1.000    3.07%       3.000      4.000      5.000
             782.000       2.881      -0.860       7.000   19.57%       5.000      6.000
     AGENCY3               5.602      -1.093       1.000    1.66%       5.000      6.000      6.000
             782.000       2.204       0.553       7.000   35.29%       6.000      7.000
     OVER1                 1.941       0.492       1.000   29.54%       1.000      2.000      2.000
             782.000       0.587      -0.149       4.000    2.94%       2.000      3.000
     OVER2                 2.209       0.102       1.000   24.84%       1.000      2.000      2.000
             781.000       0.782      -0.904       4.000    6.02%       2.000      3.000
     OVER3                 1.624       1.101       1.000   54.22%       1.000      1.000      1.000
             782.000       0.621       0.497       4.000    2.69%       2.000      2.000
     MOT1                  4.032      -0.635       1.000    0.64%       3.000      4.000      4.000
             782.000       0.885      -0.379       5.000   38.62%       4.000      5.000
     MOT2                  2.844       0.004       1.000   11.18%       2.000      3.000      3.000
             778.000       1.129      -0.696       5.000    5.01%       3.000      4.000
     MOT3                  3.041       0.022       1.000   10.50%       2.000      3.000      3.000
             781.000       1.407      -0.854       5.000   13.32%       3.000      4.000
     MOT4                  2.885       0.060       1.000   12.15%       2.000      3.000      3.000
             782.000       1.263      -0.709       5.000    8.18%       3.000      4.000


THE MODEL ESTIMATION TERMINATED NORMALLY



MODEL FIT INFORMATION

Number of Free Parameters                      108

Loglikelihood

          H0 Value                      -10987.827
          H0 Scaling Correction Factor      1.1676
            for MLR

Information Criteria

          Akaike (AIC)                   22191.653
          Bayesian (BIC)                 22695.134
          Sample-Size Adjusted BIC       22352.180
            (n* = (n + 2) / 24)



FINAL CLASS COUNTS AND PROPORTIONS FOR THE LATENT CLASSES
BASED ON THE ESTIMATED MODEL

    Latent
   Classes

       1         54.45363          0.06963
       2         78.20874          0.10001
       3          4.20465          0.00538
       4         29.59219          0.03784
       5         91.76710          0.11735
       6         53.31151          0.06817
       7         95.43558          0.12204
       8        223.91819          0.28634
       9        151.10842          0.19323


FINAL CLASS COUNTS AND PROPORTIONS FOR THE LATENT CLASSES
BASED ON ESTIMATED POSTERIOR PROBABILITIES

    Latent
   Classes

       1         54.45363          0.06963
       2         78.20874          0.10001
       3          4.20465          0.00538
       4         29.59219          0.03784
       5         91.76710          0.11735
       6         53.31151          0.06817
       7         95.43558          0.12204
       8        223.91819          0.28634
       9        151.10842          0.19323


FINAL CLASS COUNTS AND PROPORTIONS FOR THE LATENT CLASSES
BASED ON THEIR MOST LIKELY LATENT CLASS MEMBERSHIP

Class Counts and Proportions

    Latent
   Classes

       1               53          0.06777
       2               74          0.09463
       3                4          0.00512
       4               30          0.03836
       5               97          0.12404
       6               54          0.06905
       7               90          0.11509
       8              234          0.29923
       9              146          0.18670


CLASSIFICATION QUALITY

     Entropy                         0.822


Average Latent Class Probabilities for Most Likely Latent Class Membership (Row)
by Latent Class (Column)

           1        2        3        4        5        6        7        8        9

    1   0.917    0.024    0.004    0.002    0.010    0.000    0.003    0.041    0.000
    2   0.038    0.863    0.001    0.004    0.013    0.003    0.000    0.023    0.055
    3   0.009    0.002    0.988    0.002    0.000    0.000    0.000    0.000    0.000
    4   0.004    0.032    0.000    0.905    0.010    0.049    0.000    0.000    0.000
    5   0.004    0.022    0.000    0.005    0.802    0.020    0.012    0.121    0.013
    6   0.000    0.015    0.000    0.028    0.045    0.901    0.000    0.000    0.011
    7   0.003    0.000    0.000    0.000    0.004    0.000    0.908    0.085    0.000
    8   0.010    0.011    0.000    0.000    0.036    0.000    0.053    0.800    0.090
    9   0.000    0.046    0.000    0.000    0.007    0.006    0.000    0.092    0.849



Classification Probabilities for the Most Likely Latent Class Membership (Column)
by Latent Class (Row)

           1        2        3        4        5        6        7        8        9

    1   0.892    0.051    0.001    0.002    0.008    0.000    0.005    0.041    0.000
    2   0.016    0.817    0.000    0.012    0.027    0.010    0.000    0.032    0.085
    3   0.047    0.013    0.940    0.000    0.000    0.000    0.000    0.000    0.000
    4   0.003    0.011    0.000    0.918    0.018    0.051    0.000    0.000    0.000
    5   0.006    0.011    0.000    0.003    0.847    0.026    0.004    0.091    0.011
    6   0.000    0.004    0.000    0.028    0.037    0.913    0.000    0.002    0.017
    7   0.002    0.000    0.000    0.000    0.012    0.000    0.856    0.130    0.000
    8   0.010    0.008    0.000    0.000    0.052    0.000    0.034    0.836    0.060
    9   0.000    0.027    0.000    0.000    0.008    0.004    0.000    0.140    0.821



Logits for the Classification Probabilities for the Most Likely Latent Class Membership (Column)
by Latent Class (Row)

              1        2        3        4        5        6        7        8        9

    1      9.353    6.491    2.095    3.288    4.636   -2.220    4.123    6.278    0.000
    2     -1.667    2.258   -6.909   -1.948   -1.154   -2.108  -11.355   -0.984    0.000
    3      9.281    8.005   12.280    2.178   -1.473   -1.473   -1.473   -1.473    0.000
    4      3.914    5.251    1.369    9.709    5.754    6.814   -4.020   -0.532    0.000
    5     -0.609   -0.044   -9.309   -1.263    4.341    0.867   -0.919    2.112    0.000
    6     -9.719   -1.450   -9.719    0.514    0.803    4.006   -9.719   -2.379    0.000
    7      4.583   -2.433   -2.759   -2.759    6.666   -2.759   10.902    9.014    0.000
    8     -1.824   -2.059  -10.999  -10.172   -0.130   -6.783   -0.566    2.638    0.000
    9     -9.179   -3.415  -13.618  -11.061   -4.591   -5.354  -10.592   -1.769    0.000



MODEL RESULTS

                                                    Two-Tailed
                    Estimate       S.E.  Est./S.E.    P-Value

Latent Class 1

 Means
    AGENCY1            4.207      0.245     17.198      0.000
    AGENCY2            3.650      0.263     13.884      0.000
    AGENCY3            2.764      0.163     17.006      0.000
    OVER1              1.963      0.117     16.802      0.000
    OVER2              2.456      0.139     17.674      0.000
    OVER3              1.459      0.090     16.158      0.000
    MOT1               3.671      0.171     21.495      0.000
    MOT2               2.385      0.127     18.766      0.000
    MOT3               2.150      0.130     16.567      0.000
    MOT4               2.245      0.171     13.107      0.000

 Variances
    AGENCY1            1.710      0.112     15.211      0.000
    AGENCY2            2.516      0.121     20.868      0.000
    AGENCY3            0.728      0.054     13.433      0.000
    OVER1              0.468      0.026     17.962      0.000
    OVER2              0.653      0.030     21.642      0.000
    OVER3              0.193      0.068      2.825      0.005
    MOT1               0.670      0.039     17.062      0.000
    MOT2               0.604      0.058     10.478      0.000
    MOT3               0.618      0.068      9.113      0.000
    MOT4               0.769      0.049     15.830      0.000

Latent Class 2

 Means
    AGENCY1            3.935      0.201     19.563      0.000
    AGENCY2            3.908      0.208     18.808      0.000
    AGENCY3            3.969      0.311     12.759      0.000
    OVER1              2.309      0.109     21.270      0.000
    OVER2              2.631      0.111     23.797      0.000
    OVER3              1.707      0.092     18.643      0.000
    MOT1               4.447      0.091     48.694      0.000
    MOT2               3.361      0.114     29.514      0.000
    MOT3               3.912      0.145     27.000      0.000
    MOT4               3.945      0.120     32.948      0.000

 Variances
    AGENCY1            1.710      0.112     15.211      0.000
    AGENCY2            2.516      0.121     20.868      0.000
    AGENCY3            0.728      0.054     13.433      0.000
    OVER1              0.468      0.026     17.962      0.000
    OVER2              0.653      0.030     21.642      0.000
    OVER3              0.193      0.068      2.825      0.005
    MOT1               0.670      0.039     17.062      0.000
    MOT2               0.604      0.058     10.478      0.000
    MOT3               0.618      0.068      9.113      0.000
    MOT4               0.769      0.049     15.830      0.000

Latent Class 3

 Means
    AGENCY1            1.810      0.494      3.661      0.000
    AGENCY2            6.410      0.286     22.390      0.000
    AGENCY3            1.067      0.104     10.251      0.000
    OVER1              2.475      0.258      9.582      0.000
    OVER2              1.577      0.345      4.575      0.000
    OVER3              1.231      0.218      5.644      0.000
    MOT1               4.706      0.242     19.438      0.000
    MOT2               3.240      0.418      7.744      0.000
    MOT3               4.002      0.507      7.893      0.000
    MOT4               2.499      0.242     10.319      0.000

 Variances
    AGENCY1            1.710      0.112     15.211      0.000
    AGENCY2            2.516      0.121     20.868      0.000
    AGENCY3            0.728      0.054     13.433      0.000
    OVER1              0.468      0.026     17.962      0.000
    OVER2              0.653      0.030     21.642      0.000
    OVER3              0.193      0.068      2.825      0.005
    MOT1               0.670      0.039     17.062      0.000
    MOT2               0.604      0.058     10.478      0.000
    MOT3               0.618      0.068      9.113      0.000
    MOT4               0.769      0.049     15.830      0.000

Latent Class 4

 Means
    AGENCY1            3.714      0.292     12.728      0.000
    AGENCY2            4.221      0.343     12.321      0.000
    AGENCY3            3.165      0.300     10.563      0.000
    OVER1              2.822      0.287      9.839      0.000
    OVER2              2.904      0.185     15.724      0.000
    OVER3              3.246      0.119     27.347      0.000
    MOT1               4.300      0.206     20.848      0.000
    MOT2               3.074      0.256     11.988      0.000
    MOT3               3.326      0.257     12.956      0.000
    MOT4               3.258      0.249     13.058      0.000

 Variances
    AGENCY1            1.710      0.112     15.211      0.000
    AGENCY2            2.516      0.121     20.868      0.000
    AGENCY3            0.728      0.054     13.433      0.000
    OVER1              0.468      0.026     17.962      0.000
    OVER2              0.653      0.030     21.642      0.000
    OVER3              0.193      0.068      2.825      0.005
    MOT1               0.670      0.039     17.062      0.000
    MOT2               0.604      0.058     10.478      0.000
    MOT3               0.618      0.068      9.113      0.000
    MOT4               0.769      0.049     15.830      0.000

Latent Class 5

 Means
    AGENCY1            4.411      0.510      8.651      0.000
    AGENCY2            4.309      0.291     14.808      0.000
    AGENCY3            5.940      0.118     50.376      0.000
    OVER1              2.199      0.211     10.435      0.000
    OVER2              2.506      0.214     11.723      0.000
    OVER3              2.278      0.245      9.296      0.000
    MOT1               3.948      0.151     26.072      0.000
    MOT2               2.352      0.361      6.522      0.000
    MOT3               2.275      0.285      7.978      0.000
    MOT4               2.277      0.288      7.894      0.000

 Variances
    AGENCY1            1.710      0.112     15.211      0.000
    AGENCY2            2.516      0.121     20.868      0.000
    AGENCY3            0.728      0.054     13.433      0.000
    OVER1              0.468      0.026     17.962      0.000
    OVER2              0.653      0.030     21.642      0.000
    OVER3              0.193      0.068      2.825      0.005
    MOT1               0.670      0.039     17.062      0.000
    MOT2               0.604      0.058     10.478      0.000
    MOT3               0.618      0.068      9.113      0.000
    MOT4               0.769      0.049     15.830      0.000

Latent Class 6

 Means
    AGENCY1            4.221      0.253     16.659      0.000
    AGENCY2            5.047      0.255     19.830      0.000
    AGENCY3            6.070      0.232     26.179      0.000
    OVER1              2.484      0.143     17.319      0.000
    OVER2              2.795      0.120     23.235      0.000
    OVER3              3.199      0.145     22.124      0.000
    MOT1               4.543      0.103     43.918      0.000
    MOT2               3.742      0.227     16.469      0.000
    MOT3               3.811      0.179     21.282      0.000
    MOT4               3.487      0.168     20.803      0.000

 Variances
    AGENCY1            1.710      0.112     15.211      0.000
    AGENCY2            2.516      0.121     20.868      0.000
    AGENCY3            0.728      0.054     13.433      0.000
    OVER1              0.468      0.026     17.962      0.000
    OVER2              0.653      0.030     21.642      0.000
    OVER3              0.193      0.068      2.825      0.005
    MOT1               0.670      0.039     17.062      0.000
    MOT2               0.604      0.058     10.478      0.000
    MOT3               0.618      0.068      9.113      0.000
    MOT4               0.769      0.049     15.830      0.000

Latent Class 7

 Means
    AGENCY1            5.890      0.155     38.066      0.000
    AGENCY2            5.699      0.169     33.760      0.000
    AGENCY3            6.511      0.085     76.397      0.000
    OVER1              1.434      0.070     20.412      0.000
    OVER2              1.691      0.089     18.941      0.000
    OVER3              1.066      0.030     36.082      0.000
    MOT1               2.985      0.114     26.288      0.000
    MOT2               1.480      0.087     16.942      0.000
    MOT3               1.634      0.116     14.093      0.000
    MOT4               1.682      0.115     14.625      0.000

 Variances
    AGENCY1            1.710      0.112     15.211      0.000
    AGENCY2            2.516      0.121     20.868      0.000
    AGENCY3            0.728      0.054     13.433      0.000
    OVER1              0.468      0.026     17.962      0.000
    OVER2              0.653      0.030     21.642      0.000
    OVER3              0.193      0.068      2.825      0.005
    MOT1               0.670      0.039     17.062      0.000
    MOT2               0.604      0.058     10.478      0.000
    MOT3               0.618      0.068      9.113      0.000
    MOT4               0.769      0.049     15.830      0.000

Latent Class 8

 Means
    AGENCY1            5.294      0.112     47.359      0.000
    AGENCY2            4.886      0.148     32.989      0.000
    AGENCY3            6.166      0.090     68.809      0.000
    OVER1              1.715      0.084     20.360      0.000
    OVER2              1.973      0.108     18.193      0.000
    OVER3              1.171      0.226      5.183      0.000
    MOT1               4.017      0.098     41.046      0.000
    MOT2               2.687      0.118     22.697      0.000
    MOT3               2.814      0.105     26.703      0.000
    MOT4               2.765      0.082     33.809      0.000

 Variances
    AGENCY1            1.710      0.112     15.211      0.000
    AGENCY2            2.516      0.121     20.868      0.000
    AGENCY3            0.728      0.054     13.433      0.000
    OVER1              0.468      0.026     17.962      0.000
    OVER2              0.653      0.030     21.642      0.000
    OVER3              0.193      0.068      2.825      0.005
    MOT1               0.670      0.039     17.062      0.000
    MOT2               0.604      0.058     10.478      0.000
    MOT3               0.618      0.068      9.113      0.000
    MOT4               0.769      0.049     15.830      0.000

Latent Class 9

 Means
    AGENCY1            5.336      0.153     34.898      0.000
    AGENCY2            5.216      0.177     29.489      0.000
    AGENCY3            6.294      0.108     58.280      0.000
    OVER1              1.863      0.074     25.136      0.000
    OVER2              2.070      0.104     19.955      0.000
    OVER3              1.406      0.066     21.254      0.000
    MOT1               4.430      0.070     63.343      0.000
    MOT2               3.760      0.121     30.985      0.000
    MOT3               4.253      0.141     30.103      0.000
    MOT4               3.599      0.104     34.695      0.000

 Variances
    AGENCY1            1.710      0.112     15.211      0.000
    AGENCY2            2.516      0.121     20.868      0.000
    AGENCY3            0.728      0.054     13.433      0.000
    OVER1              0.468      0.026     17.962      0.000
    OVER2              0.653      0.030     21.642      0.000
    OVER3              0.193      0.068      2.825      0.005
    MOT1               0.670      0.039     17.062      0.000
    MOT2               0.604      0.058     10.478      0.000
    MOT3               0.618      0.068      9.113      0.000
    MOT4               0.769      0.049     15.830      0.000

Categorical Latent Variables

 Means
    C#1               -1.021      0.254     -4.026      0.000
    C#2               -0.659      0.322     -2.046      0.041
    C#3               -3.582      0.543     -6.593      0.000
    C#4               -1.630      0.300     -5.441      0.000
    C#5               -0.499      0.505     -0.987      0.324
    C#6               -1.042      0.287     -3.636      0.000
    C#7               -0.460      0.262     -1.754      0.079
    C#8                0.393      0.413      0.951      0.342


QUALITY OF NUMERICAL RESULTS

     Condition Number for the Information Matrix              0.248E-08
       (ratio of smallest to largest eigenvalue)


TECHNICAL 11 OUTPUT

     Random Starts Specifications for the k-1 Class Analysis Model
        Number of initial stage random starts                  20
        Number of final stage optimizations                     4



     VUONG-LO-MENDELL-RUBIN LIKELIHOOD RATIO TEST FOR 8 (H0) VERSUS 9 CLASSES

          H0 Loglikelihood Value                       -11010.176
          2 Times the Loglikelihood Difference             44.698
          Difference in the Number of Parameters               11
          Mean                                             28.251
          Standard Deviation                               49.394
          P-Value                                          0.2690

     LO-MENDELL-RUBIN ADJUSTED LRT TEST

          Value                                            44.096
          P-Value                                          0.2730


TECHNICAL 14 OUTPUT

     Random Starts Specifications for the k-1 Class Analysis Model
        Number of initial stage random starts                  20
        Number of final stage optimizations                     4

     Random Starts Specification for the k-1 Class Model for Generated Data
        Number of initial stage random starts                   0
        Number of final stage optimizations for the
           initial stage random starts                          0
     Random Starts Specification for the k Class Model for Generated Data
        Number of initial stage random starts                  40
        Number of final stage optimizations                     8
     Number of bootstrap draws requested                   Varies


     PARAMETRIC BOOTSTRAPPED LIKELIHOOD RATIO TEST FOR 8 (H0) VERSUS 9 CLASSES

          H0 Loglikelihood Value                       -11010.176
          2 Times the Loglikelihood Difference             44.698
          Difference in the Number of Parameters               11
          Approximate P-Value                              0.0000
          Successful Bootstrap Draws                           49

     WARNING:  OF THE 49 BOOTSTRAP DRAWS, 37 DRAWS HAD BOTH A SMALLER LRT VALUE THAN THE
     OBSERVED LRT VALUE AND NOT A REPLICATED BEST LOGLIKELIHOOD VALUE FOR THE 9-CLASS MODEL.
     THIS MEANS THAT THE P-VALUE MAY NOT BE TRUSTWORTHY DUE TO LOCAL MAXIMA.
     INCREASE THE NUMBER OF RANDOM STARTS USING THE LRTSTARTS OPTION.



DIAGRAM INFORMATION

  Mplus diagrams are currently not available for Mixture analysis.
  No diagram output was produced.


     Beginning Time:  12:02:57
        Ending Time:  12:08:47
       Elapsed Time:  00:05:50



MUTHEN & MUTHEN
3463 Stoner Ave.
Los Angeles, CA  90066

Tel: (310) 391-9971
Fax: (310) 391-8971
Web: www.StatModel.com
Support: Support@StatModel.com

Copyright (c) 1998-2019 Muthen & Muthen
