Mplus VERSION 8.5
MUTHEN & MUTHEN
02/04/2021  12:47 PM

INPUT INSTRUCTIONS

  TITLE: Katin toka LPA
  DATA: FILE = "parent_mplus2.dat";
  VARIABLE:
  NAMES = ena1 ena2 ena3 ena4 ena5 res1 res2 res3 mon1 mon2 mon3 tech1 tech2 rev1
       skill1 skill2 skill3 skill4 skill5 skill6 skill7 skill8 skill9 skill10 skill11
       esm1 esm2 esm3 egm1 egm2 egm3 role ori1 ori2 lang1 lang2 lang3 lang4 lang5
       lang6 lang7 lang8 Edu Curac_1 Curac_2 Curac_3 Curac_4 Curac_5 Curac_6 Curac_7
       Curac_8 jobrole Fam_1 Fam_2 Fam_3 Fam_4 Fam_5 Fam_6 Fam_7 Fam_8 parent1 parent2
       parent3 parent4 parent5 q6 q8 Finsitu diffic tech_c;
  MISSING=.;

  USEVARIABLES = ena1 ena2 ena3 ena4 res1 res2 res3 mon1 mon2 mon3 rev1 tech_c;

  CLASSES = c(2);

  ANALYSIS:
        TYPE = MIXTURE;
        ESTIMATOR IS MLR;
        !STARTS = 100 25;
        OPTSEED = 467339;
        PROCESSORS = 4;
  MODEL:

  OUTPUT: TECH11 TECH14;



*** WARNING in MODEL command
  All variables are uncorrelated with all other variables within class.
  Check that this is what is intended.
   1 WARNING(S) FOUND IN THE INPUT INSTRUCTIONS



Katin toka LPA

SUMMARY OF ANALYSIS

Number of groups                                                 1
Number of observations                                        1308

Number of dependent variables                                   12
Number of independent variables                                  0
Number of continuous latent variables                            0
Number of categorical latent variables                           1

Observed dependent variables

  Continuous
   ENA1        ENA2        ENA3        ENA4        RES1        RES2
   RES3        MON1        MON2        MON3        REV1        TECH_C

Categorical latent variables
   C


Estimator                                                      MLR
Information matrix                                        OBSERVED
Optimization Specifications for the Quasi-Newton Algorithm for
Continuous Outcomes
  Maximum number of iterations                                 100
  Convergence criterion                                  0.100D-05
Optimization Specifications for the EM Algorithm
  Maximum number of iterations                                 500
  Convergence criteria
    Loglikelihood change                                 0.100D-06
    Relative loglikelihood change                        0.100D-06
    Derivative                                           0.100D-05
Optimization Specifications for the M step of the EM Algorithm for
Categorical Latent variables
  Number of M step iterations                                    1
  M step convergence criterion                           0.100D-05
  Basis for M step termination                           ITERATION
Optimization Specifications for the M step of the EM Algorithm for
Censored, Binary or Ordered Categorical (Ordinal), Unordered
Categorical (Nominal) and Count Outcomes
  Number of M step iterations                                    1
  M step convergence criterion                           0.100D-05
  Basis for M step termination                           ITERATION
  Maximum value for logit thresholds                            15
  Minimum value for logit thresholds                           -15
  Minimum expected cell size for chi-square              0.100D-01
Maximum number of iterations for H1                           2000
Convergence criterion for H1                             0.100D-03
Optimization algorithm                                         EMA
Random Starts Specifications
  Random seed for analysis                                  467339

Input data file(s)
  parent_mplus2.dat
Input data format  FREE


SUMMARY OF DATA

     Number of missing data patterns             2
     Number of y missing data patterns           2
     Number of u missing data patterns           0


COVARIANCE COVERAGE OF DATA

Minimum covariance coverage value   0.100


     PROPORTION OF DATA PRESENT FOR Y


           Covariance Coverage
              ENA1          ENA2          ENA3          ENA4          RES1
              ________      ________      ________      ________      ________
 ENA1           1.000
 ENA2           1.000         1.000
 ENA3           1.000         1.000         1.000
 ENA4           1.000         1.000         1.000         1.000
 RES1           1.000         1.000         1.000         1.000         1.000
 RES2           1.000         1.000         1.000         1.000         1.000
 RES3           1.000         1.000         1.000         1.000         1.000
 MON1           1.000         1.000         1.000         1.000         1.000
 MON2           1.000         1.000         1.000         1.000         1.000
 MON3           0.973         0.973         0.973         0.973         0.973
 REV1           1.000         1.000         1.000         1.000         1.000
 TECH_C         1.000         1.000         1.000         1.000         1.000


           Covariance Coverage
              RES2          RES3          MON1          MON2          MON3
              ________      ________      ________      ________      ________
 RES2           1.000
 RES3           1.000         1.000
 MON1           1.000         1.000         1.000
 MON2           1.000         1.000         1.000         1.000
 MON3           0.973         0.973         0.973         0.973         0.973
 REV1           1.000         1.000         1.000         1.000         0.973
 TECH_C         1.000         1.000         1.000         1.000         0.973


           Covariance Coverage
              REV1          TECH_C
              ________      ________
 REV1           1.000
 TECH_C         1.000         1.000



UNIVARIATE SAMPLE STATISTICS


     UNIVARIATE HIGHER-ORDER MOMENT DESCRIPTIVE STATISTICS

         Variable/         Mean/     Skewness/   Minimum/ % with                Percentiles
        Sample Size      Variance    Kurtosis    Maximum  Min/Max      20%/60%    40%/80%    Median

     ENA1                  3.110       0.108       1.000    2.22%       3.000      3.000      3.000
            1308.000       0.636       0.513       5.000    4.82%       3.000      4.000
     ENA2                  3.515       0.149       1.000    0.15%       3.000      3.000      3.000
            1308.000       0.496      -0.110       5.000    7.49%       4.000      4.000
     ENA3                  3.364       0.042       1.000    0.84%       3.000      3.000      3.000
            1308.000       0.647      -0.033       5.000    7.72%       4.000      4.000
     ENA4                  3.453      -0.013       1.000    1.15%       3.000      3.000      3.000
            1308.000       0.801      -0.338       5.000   13.15%       4.000      4.000
     RES1                  3.397      -0.183       1.000    3.13%       3.000      3.000      3.000
            1308.000       1.027      -0.497       5.000   14.76%       4.000      4.000
     RES2                  3.136       0.124       1.000    4.05%       2.000      3.000      3.000
            1308.000       0.962      -0.260       5.000   10.32%       3.000      4.000
     RES3                  3.390      -0.165       1.000    4.51%       2.000      3.000      3.000
            1308.000       1.197      -0.654       5.000   18.73%       4.000      4.000
     MON1                  2.755       0.050       1.000   11.24%       2.000      3.000      3.000
            1308.000       0.956      -0.202       5.000    4.13%       3.000      3.000
     MON2                  1.691       1.139       1.000   52.29%       1.000      1.000      1.000
            1308.000       0.727       0.997       5.000    0.92%       2.000      2.000
     MON3                  2.112       0.537       1.000   34.49%       1.000      2.000      2.000
            1273.000       1.010      -0.371       5.000    1.81%       2.000      3.000
     REV1                  1.871       0.875       1.000   32.42%       1.000      2.000      2.000
            1308.000       0.588       1.343       6.000    0.08%       2.000      2.000
     TECH_C                2.563       0.938       2.000   62.00%       2.000      2.000      2.000
            1308.000       0.612      -0.729       4.000   18.27%       2.000      3.000


THE MODEL ESTIMATION TERMINATED NORMALLY



MODEL FIT INFORMATION

Number of Free Parameters                       37

Loglikelihood

          H0 Value                      -19076.709
          H0 Scaling Correction Factor      1.1883
            for MLR

Information Criteria

          Akaike (AIC)                   38227.417
          Bayesian (BIC)                 38418.938
          Sample-Size Adjusted BIC       38301.407
            (n* = (n + 2) / 24)



FINAL CLASS COUNTS AND PROPORTIONS FOR THE LATENT CLASSES
BASED ON THE ESTIMATED MODEL

    Latent
   Classes

       1        688.37485          0.52628
       2        619.62515          0.47372


FINAL CLASS COUNTS AND PROPORTIONS FOR THE LATENT CLASSES
BASED ON ESTIMATED POSTERIOR PROBABILITIES

    Latent
   Classes

       1        688.37485          0.52628
       2        619.62515          0.47372


FINAL CLASS COUNTS AND PROPORTIONS FOR THE LATENT CLASSES
BASED ON THEIR MOST LIKELY LATENT CLASS MEMBERSHIP

Class Counts and Proportions

    Latent
   Classes

       1              688          0.52599
       2              620          0.47401


CLASSIFICATION QUALITY

     Entropy                         0.786


Average Latent Class Probabilities for Most Likely Latent Class Membership (Row)
by Latent Class (Column)

           1        2

    1   0.940    0.060
    2   0.067    0.933


Classification Probabilities for the Most Likely Latent Class Membership (Column)
by Latent Class (Row)

           1        2

    1   0.939    0.061
    2   0.067    0.933


Logits for the Classification Probabilities for the Most Likely Latent Class Membership (Column)
by Latent Class (Row)

              1        2

    1      2.742    0.000
    2     -2.640    0.000


MODEL RESULTS

                                                    Two-Tailed
                    Estimate       S.E.  Est./S.E.    P-Value

Latent Class 1

 Means
    ENA1               2.764      0.035     80.054      0.000
    ENA2               3.208      0.035     91.564      0.000
    ENA3               3.207      0.033     96.065      0.000
    ENA4               3.118      0.043     72.120      0.000
    RES1               2.825      0.063     45.005      0.000
    RES2               2.596      0.048     53.823      0.000
    RES3               2.830      0.071     40.091      0.000
    MON1               2.245      0.057     39.283      0.000
    MON2               1.334      0.035     37.618      0.000
    MON3               1.688      0.055     30.579      0.000
    REV1               1.846      0.030     61.406      0.000
    TECH_C             2.242      0.029     77.842      0.000

 Variances
    ENA1               0.503      0.023     21.927      0.000
    ENA2               0.391      0.018     21.683      0.000
    ENA3               0.620      0.024     26.094      0.000
    ENA4               0.676      0.027     25.094      0.000
    RES1               0.664      0.037     18.093      0.000
    RES2               0.638      0.024     26.807      0.000
    RES3               0.848      0.046     18.270      0.000
    MON1               0.667      0.028     23.470      0.000
    MON2               0.586      0.032     18.241      0.000
    MON3               0.808      0.041     19.625      0.000
    REV1               0.587      0.030     19.863      0.000
    TECH_C             0.497      0.021     23.987      0.000

Latent Class 2

 Means
    ENA1               3.495      0.051     68.481      0.000
    ENA2               3.856      0.040     95.357      0.000
    ENA3               3.538      0.040     88.509      0.000
    ENA4               3.826      0.047     81.548      0.000
    RES1               4.032      0.060     67.116      0.000
    RES2               3.736      0.061     61.200      0.000
    RES3               4.012      0.061     65.788      0.000
    MON1               3.321      0.052     63.316      0.000
    MON2               2.088      0.056     37.315      0.000
    MON3               2.589      0.061     42.415      0.000
    REV1               1.898      0.034     56.546      0.000
    TECH_C             2.919      0.054     54.255      0.000

 Variances
    ENA1               0.503      0.023     21.927      0.000
    ENA2               0.391      0.018     21.683      0.000
    ENA3               0.620      0.024     26.094      0.000
    ENA4               0.676      0.027     25.094      0.000
    RES1               0.664      0.037     18.093      0.000
    RES2               0.638      0.024     26.807      0.000
    RES3               0.848      0.046     18.270      0.000
    MON1               0.667      0.028     23.470      0.000
    MON2               0.586      0.032     18.241      0.000
    MON3               0.808      0.041     19.625      0.000
    REV1               0.587      0.030     19.863      0.000
    TECH_C             0.497      0.021     23.987      0.000

Categorical Latent Variables

 Means
    C#1                0.105      0.141      0.746      0.456


QUALITY OF NUMERICAL RESULTS

     Condition Number for the Information Matrix              0.149E-01
       (ratio of smallest to largest eigenvalue)


TECHNICAL 11 OUTPUT

     Random Starts Specifications for the k-1 Class Analysis Model
        Number of initial stage random starts                  20
        Number of final stage optimizations                     4



     VUONG-LO-MENDELL-RUBIN LIKELIHOOD RATIO TEST FOR 1 (H0) VERSUS 2 CLASSES

          H0 Loglikelihood Value                       -20247.250
          2 Times the Loglikelihood Difference           2341.083
          Difference in the Number of Parameters               13
          Mean                                             64.302
          Standard Deviation                               69.498
          P-Value                                          0.0000

     LO-MENDELL-RUBIN ADJUSTED LRT TEST

          Value                                          2316.255
          P-Value                                          0.0000


TECHNICAL 14 OUTPUT

     Random Starts Specifications for the k-1 Class Analysis Model
        Number of initial stage random starts                  20
        Number of final stage optimizations                     4

     Random Starts Specification for the k-1 Class Model for Generated Data
        Number of initial stage random starts                   0
        Number of final stage optimizations for the
           initial stage random starts                          0
     Random Starts Specification for the k Class Model for Generated Data
        Number of initial stage random starts                  40
        Number of final stage optimizations                     8
     Number of bootstrap draws requested                   Varies


     PARAMETRIC BOOTSTRAPPED LIKELIHOOD RATIO TEST FOR 1 (H0) VERSUS 2 CLASSES

          H0 Loglikelihood Value                       -20247.250
          2 Times the Loglikelihood Difference           2341.083
          Difference in the Number of Parameters               13
          Approximate P-Value                              0.0000
          Successful Bootstrap Draws                            5


DIAGRAM INFORMATION

  Mplus diagrams are currently not available for Mixture analysis.
  No diagram output was produced.


     Beginning Time:  12:47:10
        Ending Time:  12:47:18
       Elapsed Time:  00:00:08



MUTHEN & MUTHEN
3463 Stoner Ave.
Los Angeles, CA  90066

Tel: (310) 391-9971
Fax: (310) 391-8971
Web: www.StatModel.com
Support: Support@StatModel.com

Copyright (c) 1998-2020 Muthen & Muthen
