Mplus VERSION 8.5
MUTHEN & MUTHEN
01/26/2021   1:35 PM

INPUT INSTRUCTIONS

  TITLE: Katin eka LPA
  DATA: FILE = "parent_mplus2.dat";

  VARIABLE:
  NAMES = ena1 ena2 ena3 ena4 ena5 res1 res2 res3 mon1 mon2 mon3 tech1 tech2 rev1
       skill1 skill2 skill3 skill4 skill5 skill6 skill7 skill8 skill9 skill10 skill11
       esm1 esm2 esm3 egm1 egm2 egm3 role ori1 ori2 lang1 lang2 lang3 lang4 lang5
       lang6 lang7 lang8 Edu Curac_1 Curac_2 Curac_3 Curac_4 Curac_5 Curac_6 Curac_7
       Curac_8 jobrole Fam_1 Fam_2 Fam_3 Fam_4 Fam_5 Fam_6 Fam_7 Fam_8 parent1 parent2
       parent3 parent4 parent5 q6 q8 Finsitu diffic tech_c ena_c mon_c;

  MISSING=.;

  USEVARIABLES = ena_c res1 res2 res3 mon1 mon2 mon3 rev1 tech_c;

  CLASSES = c(5);

  DEFINE:
  STANDARDIZE ena_c res1 res2 res3 mon1
              mon2 mon3 rev1 tech_c;

  ANALYSIS:
      TYPE = MIXTURE;
      ESTIMATOR IS MLR;
      !STARTS = 100 25;
      OPTSEED = 963053;
      PROCESSORS = 5;

  MODEL:

  OUTPUT:

  PLOT:
  TYPE = PLOT3;
  SERIES =
  ena_c (1) res1 (2) res2 (3)
  res3 (4) mon1 (5) mon2 (6)
  mon3 (7) rev1 (8) tech_c (9);



*** WARNING in MODEL command
  All variables are uncorrelated with all other variables within class.
  Check that this is what is intended.
   1 WARNING(S) FOUND IN THE INPUT INSTRUCTIONS



Katin eka LPA

SUMMARY OF ANALYSIS

Number of groups                                                 1
Number of observations                                        1308

Number of dependent variables                                    9
Number of independent variables                                  0
Number of continuous latent variables                            0
Number of categorical latent variables                           1

Observed dependent variables

  Continuous
   ENA_C       RES1        RES2        RES3        MON1        MON2
   MON3        REV1        TECH_C

Categorical latent variables
   C


Estimator                                                      MLR
Information matrix                                        OBSERVED
Optimization Specifications for the Quasi-Newton Algorithm for
Continuous Outcomes
  Maximum number of iterations                                 100
  Convergence criterion                                  0.100D-05
Optimization Specifications for the EM Algorithm
  Maximum number of iterations                                 500
  Convergence criteria
    Loglikelihood change                                 0.100D-06
    Relative loglikelihood change                        0.100D-06
    Derivative                                           0.100D-05
Optimization Specifications for the M step of the EM Algorithm for
Categorical Latent variables
  Number of M step iterations                                    1
  M step convergence criterion                           0.100D-05
  Basis for M step termination                           ITERATION
Optimization Specifications for the M step of the EM Algorithm for
Censored, Binary or Ordered Categorical (Ordinal), Unordered
Categorical (Nominal) and Count Outcomes
  Number of M step iterations                                    1
  M step convergence criterion                           0.100D-05
  Basis for M step termination                           ITERATION
  Maximum value for logit thresholds                            15
  Minimum value for logit thresholds                           -15
  Minimum expected cell size for chi-square              0.100D-01
Maximum number of iterations for H1                           2000
Convergence criterion for H1                             0.100D-03
Optimization algorithm                                         EMA
Random Starts Specifications
  Random seed for analysis                                  963053

Input data file(s)
  parent_mplus2.dat
Input data format  FREE


SUMMARY OF DATA

     Number of missing data patterns             2
     Number of y missing data patterns           2
     Number of u missing data patterns           0


COVARIANCE COVERAGE OF DATA

Minimum covariance coverage value   0.100


     PROPORTION OF DATA PRESENT FOR Y


           Covariance Coverage
              ENA_C         RES1          RES2          RES3          MON1
              ________      ________      ________      ________      ________
 ENA_C          1.000
 RES1           1.000         1.000
 RES2           1.000         1.000         1.000
 RES3           1.000         1.000         1.000         1.000
 MON1           1.000         1.000         1.000         1.000         1.000
 MON2           1.000         1.000         1.000         1.000         1.000
 MON3           0.973         0.973         0.973         0.973         0.973
 REV1           1.000         1.000         1.000         1.000         1.000
 TECH_C         1.000         1.000         1.000         1.000         1.000


           Covariance Coverage
              MON2          MON3          REV1          TECH_C
              ________      ________      ________      ________
 MON2           1.000
 MON3           0.973         0.973
 REV1           1.000         0.973         1.000
 TECH_C         1.000         0.973         1.000         1.000



UNIVARIATE SAMPLE STATISTICS


     UNIVARIATE HIGHER-ORDER MOMENT DESCRIPTIVE STATISTICS

         Variable/         Mean/     Skewness/   Minimum/ % with                Percentiles
        Sample Size      Variance    Kurtosis    Maximum  Min/Max      20%/60%    40%/80%    Median

     ENA_C                 0.000       0.295      -3.656    0.08%      -0.625     -0.192     -0.192
            1308.000       1.000       0.578       2.839    1.45%       0.241      0.674
     RES1                  0.000      -0.183      -2.365    3.13%      -0.392     -0.392     -0.392
            1308.000       1.000      -0.497       1.582   14.76%       0.595      0.595
     RES2                  0.000       0.124      -2.178    4.05%      -1.159     -0.139     -0.139
            1308.000       1.000      -0.260       1.901   10.32%      -0.139      0.881
     RES3                  0.000      -0.165      -2.185    4.51%      -1.271     -0.356     -0.356
            1308.000       1.000      -0.654       1.472   18.73%       0.558      0.558
     MON1                  0.000       0.050      -1.795   11.24%      -0.772      0.251      0.251
            1308.000       1.000      -0.202       2.297    4.13%       0.251      0.251
     MON2                  0.000       1.139      -0.810   52.29%      -0.810     -0.810     -0.810
            1308.000       1.000       0.997       3.880    0.92%       0.362      0.362
     MON3                  0.000       0.537      -1.106   34.49%      -1.106     -0.111     -0.111
            1273.000       1.000      -0.371       2.874    1.81%      -0.111      0.884
     REV1                  0.000       0.875      -1.136   32.42%      -1.136      0.168      0.168
            1308.000       1.000       1.343       5.385    0.08%       0.168      0.168
     TECH_C                0.000       0.938      -0.720   62.00%      -0.720     -0.720     -0.720
            1308.000       1.000      -0.729       1.838   18.27%      -0.720      0.559


THE MODEL ESTIMATION TERMINATED NORMALLY



MODEL FIT INFORMATION

Number of Free Parameters                       58

Loglikelihood

          H0 Value                      -14937.745
          H0 Scaling Correction Factor      1.4524
            for MLR

Information Criteria

          Akaike (AIC)                   29991.491
          Bayesian (BIC)                 30291.713
          Sample-Size Adjusted BIC       30107.475
            (n* = (n + 2) / 24)



FINAL CLASS COUNTS AND PROPORTIONS FOR THE LATENT CLASSES
BASED ON THE ESTIMATED MODEL

    Latent
   Classes

       1        396.80365          0.30337
       2        251.39073          0.19219
       3        350.41382          0.26790
       4        243.87211          0.18645
       5         65.51969          0.05009


FINAL CLASS COUNTS AND PROPORTIONS FOR THE LATENT CLASSES
BASED ON ESTIMATED POSTERIOR PROBABILITIES

    Latent
   Classes

       1        396.80365          0.30337
       2        251.39073          0.19219
       3        350.41382          0.26790
       4        243.87211          0.18645
       5         65.51969          0.05009


FINAL CLASS COUNTS AND PROPORTIONS FOR THE LATENT CLASSES
BASED ON THEIR MOST LIKELY LATENT CLASS MEMBERSHIP

Class Counts and Proportions

    Latent
   Classes

       1              407          0.31116
       2              240          0.18349
       3              359          0.27446
       4              243          0.18578
       5               59          0.04511


CLASSIFICATION QUALITY

     Entropy                         0.816


Average Latent Class Probabilities for Most Likely Latent Class Membership (Row)
by Latent Class (Column)

           1        2        3        4        5

    1   0.906    0.055    0.038    0.001    0.000
    2   0.048    0.833    0.079    0.039    0.000
    3   0.043    0.060    0.859    0.030    0.008
    4   0.005    0.030    0.025    0.908    0.032
    5   0.000    0.000    0.025    0.047    0.928


Classification Probabilities for the Most Likely Latent Class Membership (Column)
by Latent Class (Row)

           1        2        3        4        5

    1   0.929    0.029    0.039    0.003    0.000
    2   0.090    0.796    0.085    0.029    0.000
    3   0.044    0.054    0.880    0.017    0.004
    4   0.001    0.039    0.044    0.905    0.011
    5   0.000    0.000    0.046    0.118    0.836


Logits for the Classification Probabilities for the Most Likely Latent Class Membership (Column)
by Latent Class (Row)

              1        2        3        4        5

    1     13.742   10.273   10.560    8.050    0.000
    2      7.909   10.090    7.857    6.786    0.000
    3      2.344    2.560    5.345    1.422    0.000
    4     -2.241    1.237    1.364    4.384    0.000
    5    -13.636  -10.773   -2.893   -1.960    0.000


MODEL RESULTS

                                                    Two-Tailed
                    Estimate       S.E.  Est./S.E.    P-Value

Latent Class 1

 Means
    ENA_C             -0.573      0.056    -10.279      0.000
    RES1              -0.987      0.061    -16.065      0.000
    RES2              -0.780      0.054    -14.355      0.000
    RES3              -0.945      0.062    -15.305      0.000
    MON1              -0.714      0.065    -10.998      0.000
    MON2              -0.575      0.030    -19.416      0.000
    MON3              -0.577      0.060     -9.692      0.000
    REV1              -0.061      0.053     -1.156      0.248
    TECH_C            -0.569      0.034    -16.693      0.000

 Variances
    ENA_C              0.736      0.039     18.950      0.000
    RES1               0.489      0.029     17.138      0.000
    RES2               0.671      0.029     23.284      0.000
    RES3               0.507      0.028     18.336      0.000
    MON1               0.626      0.032     19.455      0.000
    MON2               0.588      0.041     14.187      0.000
    MON3               0.516      0.031     16.670      0.000
    REV1               0.984      0.049     20.160      0.000
    TECH_C             0.283      0.029      9.704      0.000

Latent Class 2

 Means
    ENA_C             -0.138      0.082     -1.673      0.094
    RES1               0.542      0.122      4.429      0.000
    RES2               0.161      0.098      1.630      0.103
    RES3               0.572      0.119      4.820      0.000
    MON1              -0.263      0.086     -3.063      0.002
    MON2              -0.499      0.049    -10.223      0.000
    MON3              -0.640      0.074     -8.618      0.000
    REV1               0.025      0.082      0.307      0.759
    TECH_C            -0.381      0.059     -6.464      0.000

 Variances
    ENA_C              0.736      0.039     18.950      0.000
    RES1               0.489      0.029     17.138      0.000
    RES2               0.671      0.029     23.284      0.000
    RES3               0.507      0.028     18.336      0.000
    MON1               0.626      0.032     19.455      0.000
    MON2               0.588      0.041     14.187      0.000
    MON3               0.516      0.031     16.670      0.000
    REV1               0.984      0.049     20.160      0.000
    TECH_C             0.283      0.029      9.704      0.000

Latent Class 3

 Means
    ENA_C              0.382      0.065      5.876      0.000
    RES1               0.014      0.082      0.171      0.865
    RES2               0.148      0.073      2.016      0.044
    RES3              -0.061      0.079     -0.767      0.443
    MON1               0.490      0.057      8.599      0.000
    MON2               0.546      0.102      5.339      0.000
    MON3               0.789      0.070     11.281      0.000
    REV1               0.104      0.064      1.640      0.101
    TECH_C            -0.417      0.039    -10.584      0.000

 Variances
    ENA_C              0.736      0.039     18.950      0.000
    RES1               0.489      0.029     17.138      0.000
    RES2               0.671      0.029     23.284      0.000
    RES3               0.507      0.028     18.336      0.000
    MON1               0.626      0.032     19.455      0.000
    MON2               0.588      0.041     14.187      0.000
    MON3               0.516      0.031     16.670      0.000
    REV1               0.984      0.049     20.160      0.000
    TECH_C             0.283      0.029      9.704      0.000

Latent Class 4

 Means
    ENA_C              0.111      0.120      0.930      0.352
    RES1               0.736      0.091      8.134      0.000
    RES2               0.564      0.130      4.330      0.000
    RES3               0.787      0.069     11.435      0.000
    MON1               0.303      0.127      2.397      0.017
    MON2               0.155      0.187      0.833      0.405
    MON3               0.033      0.158      0.211      0.833
    REV1              -0.172      0.063     -2.747      0.006
    TECH_C             1.575      0.055     28.863      0.000

 Variances
    ENA_C              0.736      0.039     18.950      0.000
    RES1               0.489      0.029     17.138      0.000
    RES2               0.671      0.029     23.284      0.000
    RES3               0.507      0.028     18.336      0.000
    MON1               0.626      0.032     19.455      0.000
    MON2               0.588      0.041     14.187      0.000
    MON3               0.516      0.031     16.670      0.000
    REV1               0.984      0.049     20.160      0.000
    TECH_C             0.283      0.029      9.704      0.000

Latent Class 5

 Means
    ENA_C              1.540      0.469      3.287      0.001
    RES1               1.080      0.130      8.278      0.000
    RES2               1.217      0.127      9.610      0.000
    RES3               0.923      0.136      6.799      0.000
    MON1               1.577      0.397      3.970      0.000
    MON2               1.893      0.443      4.269      0.000
    MON3               1.692      0.494      3.424      0.001
    REV1               0.358      0.276      1.295      0.195
    TECH_C             1.274      0.240      5.313      0.000

 Variances
    ENA_C              0.736      0.039     18.950      0.000
    RES1               0.489      0.029     17.138      0.000
    RES2               0.671      0.029     23.284      0.000
    RES3               0.507      0.028     18.336      0.000
    MON1               0.626      0.032     19.455      0.000
    MON2               0.588      0.041     14.187      0.000
    MON3               0.516      0.031     16.670      0.000
    REV1               0.984      0.049     20.160      0.000
    TECH_C             0.283      0.029      9.704      0.000

Categorical Latent Variables

 Means
    C#1                1.801      0.520      3.467      0.001
    C#2                1.345      0.531      2.533      0.011
    C#3                1.677      0.527      3.184      0.001
    C#4                1.314      0.630      2.085      0.037


QUALITY OF NUMERICAL RESULTS

     Condition Number for the Information Matrix              0.746E-03
       (ratio of smallest to largest eigenvalue)


PLOT INFORMATION

The following plots are available:

  Histograms (sample values)
  Scatterplots (sample values)
  Sample means
  Estimated means, medians, modes, and percentiles
  Sample and estimated means
  Observed individual values
  Estimated means and observed individual values
  Estimated overall and class-specific distributions

DIAGRAM INFORMATION

  Mplus diagrams are currently not available for Mixture analysis.
  No diagram output was produced.


     Beginning Time:  13:35:50
        Ending Time:  13:35:51
       Elapsed Time:  00:00:01



MUTHEN & MUTHEN
3463 Stoner Ave.
Los Angeles, CA  90066

Tel: (310) 391-9971
Fax: (310) 391-8971
Web: www.StatModel.com
Support: Support@StatModel.com

Copyright (c) 1998-2020 Muthen & Muthen
