Mplus VERSION 8.5
MUTHEN & MUTHEN
02/25/2021   8:15 AM

INPUT INSTRUCTIONS

  TITLE: Katin toka LPA
  DATA: FILE = "parent_mplus2.dat";
  VARIABLE:
  NAMES = ena1 ena2 ena3 ena4 ena5 res1 res2 res3 mon1 mon2 mon3 tech1 tech2 rev1
       skill1 skill2 skill3 skill4 skill5 skill6 skill7 skill8 skill9 skill10 skill11
       esm1 esm2 esm3 egm1 egm2 egm3 role ori1 ori2 lang1 lang2 lang3 lang4 lang5
       lang6 lang7 lang8 Edu Curac_1 Curac_2 Curac_3 Curac_4 Curac_5 Curac_6 Curac_7
       Curac_8 jobrole Fam_1 Fam_2 Fam_3 Fam_4 Fam_5 Fam_6 Fam_7 Fam_8 parent1 parent2
       parent3 parent4 parent5 q6 q8 cnumb Finsitu diffic ID Duplicate_IDs toimi
       dumrol cclass mother father mmot ffat bcount Eclass Edum yh mh uh pclass2
       tech_c ena_c mon_c res_c pvol_c exc_c digi_c;
  MISSING=.;

  USEVARIABLES = ena1 ena2 ena3 ena4 res1 res2 res3 mon1 mon2 mon3 rev1 tech_c;

  AUXILIARY = (BCH) Finsitu cnumb pvol_c exc_c digi_c;

  CLASSES = c(4);

  ANALYSIS:
        TYPE = MIXTURE;
        ESTIMATOR IS MLR;
        !STARTS = 100 25;
        OPTSEED = 352277;
        PROCESSORS = 4;
  MODEL:

  OUTPUT: TECH11 TECH14;



*** WARNING in MODEL command
  All variables are uncorrelated with all other variables within class.
  Check that this is what is intended.
*** WARNING
  Data set contains cases with missing on all variables except
  x-variables.  These cases were not included in the analysis.
  Number of cases with missing on all variables except x-variables:  54
   2 WARNING(S) FOUND IN THE INPUT INSTRUCTIONS



Katin toka LPA

SUMMARY OF ANALYSIS

Number of groups                                                 1
Number of observations                                        1338

Number of dependent variables                                   12
Number of independent variables                                  0
Number of continuous latent variables                            0
Number of categorical latent variables                           1

Observed dependent variables

  Continuous
   ENA1        ENA2        ENA3        ENA4        RES1        RES2
   RES3        MON1        MON2        MON3        REV1        TECH_C

Observed auxiliary variables
   FINSITU     CNUMB       PVOL_C      EXC_C       DIGI_C

Categorical latent variables
   C


Estimator                                                      MLR
Information matrix                                        OBSERVED
Optimization Specifications for the Quasi-Newton Algorithm for
Continuous Outcomes
  Maximum number of iterations                                 100
  Convergence criterion                                  0.100D-05
Optimization Specifications for the EM Algorithm
  Maximum number of iterations                                 500
  Convergence criteria
    Loglikelihood change                                 0.100D-06
    Relative loglikelihood change                        0.100D-06
    Derivative                                           0.100D-05
Optimization Specifications for the M step of the EM Algorithm for
Categorical Latent variables
  Number of M step iterations                                    1
  M step convergence criterion                           0.100D-05
  Basis for M step termination                           ITERATION
Optimization Specifications for the M step of the EM Algorithm for
Censored, Binary or Ordered Categorical (Ordinal), Unordered
Categorical (Nominal) and Count Outcomes
  Number of M step iterations                                    1
  M step convergence criterion                           0.100D-05
  Basis for M step termination                           ITERATION
  Maximum value for logit thresholds                            15
  Minimum value for logit thresholds                           -15
  Minimum expected cell size for chi-square              0.100D-01
Maximum number of iterations for H1                           2000
Convergence criterion for H1                             0.100D-03
Optimization algorithm                                         EMA
Random Starts Specifications
  Random seed for analysis                                  352277

Input data file(s)
  parent_mplus2.dat
Input data format  FREE


SUMMARY OF DATA

     Number of missing data patterns            21
     Number of y missing data patterns          21
     Number of u missing data patterns           0


COVARIANCE COVERAGE OF DATA

Minimum covariance coverage value   0.100


     PROPORTION OF DATA PRESENT FOR Y


           Covariance Coverage
              ENA1          ENA2          ENA3          ENA4          RES1
              ________      ________      ________      ________      ________
 ENA1           0.997
 ENA2           0.995         0.996
 ENA3           0.993         0.994         0.995
 ENA4           0.993         0.992         0.993         0.993
 RES1           0.994         0.993         0.991         0.990         0.995
 RES2           0.993         0.992         0.992         0.991         0.993
 RES3           0.993         0.992         0.992         0.991         0.993
 MON1           0.991         0.990         0.991         0.990         0.991
 MON2           0.992         0.991         0.991         0.990         0.992
 MON3           0.963         0.963         0.963         0.962         0.963
 REV1           0.993         0.993         0.991         0.990         0.993
 TECH_C         0.987         0.986         0.984         0.984         0.987


           Covariance Coverage
              RES2          RES3          MON1          MON2          MON3
              ________      ________      ________      ________      ________
 RES2           0.994
 RES3           0.993         0.993
 MON1           0.992         0.992         0.992
 MON2           0.992         0.993         0.991         0.993
 MON3           0.963         0.964         0.963         0.963         0.964
 REV1           0.993         0.992         0.990         0.991         0.963
 TECH_C         0.987         0.986         0.984         0.985         0.958


           Covariance Coverage
              REV1          TECH_C
              ________      ________
 REV1           0.996
 TECH_C         0.988         0.989



UNIVARIATE SAMPLE STATISTICS


     UNIVARIATE HIGHER-ORDER MOMENT DESCRIPTIVE STATISTICS

         Variable/         Mean/     Skewness/   Minimum/ % with                Percentiles
        Sample Size      Variance    Kurtosis    Maximum  Min/Max      20%/60%    40%/80%    Median

     ENA1                  3.111       0.099       1.000    2.25%       3.000      3.000      3.000
            1334.000       0.637       0.514       5.000    4.80%       3.000      4.000
     ENA2                  3.518       0.144       1.000    0.15%       3.000      3.000      3.000
            1333.000       0.496      -0.114       5.000    7.50%       4.000      4.000
     ENA3                  3.361       0.048       1.000    0.83%       3.000      3.000      3.000
            1331.000       0.642      -0.022       5.000    7.59%       4.000      4.000
     ENA4                  3.455      -0.016       1.000    1.13%       3.000      3.000      3.000
            1329.000       0.802      -0.346       5.000   13.17%       4.000      4.000
     RES1                  3.394      -0.179       1.000    3.08%       3.000      3.000      3.000
            1331.000       1.025      -0.505       5.000   14.65%       4.000      4.000
     RES2                  3.132       0.134       1.000    3.98%       2.000      3.000      3.000
            1330.000       0.958      -0.259       5.000   10.23%       3.000      4.000
     RES3                  3.387      -0.157       1.000    4.44%       2.000      3.000      3.000
            1329.000       1.191      -0.654       5.000   18.59%       4.000      4.000
     MON1                  2.751       0.058       1.000   11.30%       2.000      3.000      3.000
            1327.000       0.959      -0.208       5.000    4.14%       3.000      3.000
     MON2                  1.692       1.158       1.000   52.41%       1.000      1.000      1.000
            1328.000       0.736       1.060       5.000    0.98%       2.000      2.000
     MON3                  2.102       0.548       1.000   34.88%       1.000      2.000      2.000
            1290.000       1.008      -0.361       5.000    1.78%       2.000      3.000
     REV1                  1.876       0.895       1.000   32.11%       1.000      2.000      2.000
            1333.000       0.593       1.427       6.000    0.08%       2.000      2.000
     TECH_C                2.562       0.939       2.000   62.06%       2.000      2.000      2.000
            1323.000       0.612      -0.728       4.000   18.29%       2.000      3.000


THE MODEL ESTIMATION TERMINATED NORMALLY



MODEL FIT INFORMATION

Number of Free Parameters                       63

Loglikelihood

          H0 Value                      -18709.501
          H0 Scaling Correction Factor      1.3422
            for MLR

Information Criteria

          Akaike (AIC)                   37545.001
          Bayesian (BIC)                 37872.534
          Sample-Size Adjusted BIC       37672.410
            (n* = (n + 2) / 24)



FINAL CLASS COUNTS AND PROPORTIONS FOR THE LATENT CLASSES
BASED ON THE ESTIMATED MODEL

    Latent
   Classes

       1        472.66937          0.35327
       2        257.49802          0.19245
       3        469.11404          0.35061
       4        138.71858          0.10368


FINAL CLASS COUNTS AND PROPORTIONS FOR THE LATENT CLASSES
BASED ON ESTIMATED POSTERIOR PROBABILITIES

    Latent
   Classes

       1        472.66937          0.35327
       2        257.49802          0.19245
       3        469.11404          0.35061
       4        138.71858          0.10368


FINAL CLASS COUNTS AND PROPORTIONS FOR THE LATENT CLASSES
BASED ON THEIR MOST LIKELY LATENT CLASS MEMBERSHIP

Class Counts and Proportions

    Latent
   Classes

       1              472          0.35277
       2              255          0.19058
       3              471          0.35202
       4              140          0.10463


CLASSIFICATION QUALITY

     Entropy                         0.834


Average Latent Class Probabilities for Most Likely Latent Class Membership (Row)
by Latent Class (Column)

           1        2        3        4

    1   0.923    0.012    0.065    0.000
    2   0.017    0.897    0.054    0.032
    3   0.070    0.029    0.889    0.012
    4   0.000    0.067    0.041    0.892


Classification Probabilities for the Most Likely Latent Class Membership (Column)
by Latent Class (Row)

           1        2        3        4

    1   0.921    0.009    0.070    0.000
    2   0.022    0.888    0.054    0.036
    3   0.066    0.030    0.893    0.012
    4   0.000    0.059    0.040    0.901


Logits for the Classification Probabilities for the Most Likely Latent Class Membership (Column)
by Latent Class (Row)

              1        2        3        4

    1     13.734    9.094   11.151    0.000
    2     -0.507    3.194    0.388    0.000
    3      1.691    0.895    4.301    0.000
    4    -13.711   -2.720   -3.116    0.000


MODEL RESULTS

                                                    Two-Tailed
                    Estimate       S.E.  Est./S.E.    P-Value

Latent Class 1

 Means
    ENA1               2.658      0.040     66.716      0.000
    ENA2               3.091      0.038     80.536      0.000
    ENA3               3.149      0.041     76.177      0.000
    ENA4               3.001      0.048     62.845      0.000
    RES1               2.628      0.076     34.556      0.000
    RES2               2.454      0.059     41.635      0.000
    RES3               2.607      0.082     31.705      0.000
    MON1               2.025      0.062     32.678      0.000
    MON2               1.224      0.029     41.591      0.000
    MON3               1.485      0.052     28.694      0.000
    REV1               1.830      0.038     47.579      0.000
    TECH_C             2.102      0.027     76.523      0.000

 Variances
    ENA1               0.447      0.023     19.579      0.000
    ENA2               0.338      0.016     21.348      0.000
    ENA3               0.575      0.024     23.715      0.000
    ENA4               0.639      0.027     24.034      0.000
    RES1               0.639      0.037     17.243      0.000
    RES2               0.652      0.027     24.492      0.000
    RES3               0.782      0.045     17.442      0.000
    MON1               0.581      0.027     21.524      0.000
    MON2               0.531      0.027     19.843      0.000
    MON3               0.688      0.042     16.573      0.000
    REV1               0.585      0.030     19.801      0.000
    TECH_C             0.154      0.023      6.735      0.000

Latent Class 2

 Means
    ENA1               3.015      0.083     36.165      0.000
    ENA2               3.382      0.073     46.488      0.000
    ENA3               3.141      0.057     55.193      0.000
    ENA4               3.426      0.098     34.929      0.000
    RES1               3.987      0.114     34.881      0.000
    RES2               3.506      0.121     28.871      0.000
    RES3               4.137      0.130     31.813      0.000
    MON1               2.789      0.098     28.515      0.000
    MON2               1.649      0.085     19.429      0.000
    MON3               1.941      0.086     22.590      0.000
    REV1               1.740      0.049     35.447      0.000
    TECH_C             3.597      0.090     39.992      0.000

 Variances
    ENA1               0.447      0.023     19.579      0.000
    ENA2               0.338      0.016     21.348      0.000
    ENA3               0.575      0.024     23.715      0.000
    ENA4               0.639      0.027     24.034      0.000
    RES1               0.639      0.037     17.243      0.000
    RES2               0.652      0.027     24.492      0.000
    RES3               0.782      0.045     17.442      0.000
    MON1               0.581      0.027     21.524      0.000
    MON2               0.531      0.027     19.843      0.000
    MON3               0.688      0.042     16.573      0.000
    REV1               0.585      0.030     19.801      0.000
    TECH_C             0.154      0.023      6.735      0.000

Latent Class 3

 Means
    ENA1               3.332      0.066     50.365      0.000
    ENA2               3.791      0.064     59.015      0.000
    ENA3               3.530      0.047     74.824      0.000
    ENA4               3.684      0.065     56.740      0.000
    RES1               3.550      0.062     57.297      0.000
    RES2               3.315      0.060     55.395      0.000
    RES3               3.502      0.057     61.162      0.000
    MON1               3.114      0.075     41.522      0.000
    MON2               1.877      0.066     28.329      0.000
    MON3               2.505      0.092     27.322      0.000
    REV1               1.973      0.040     49.526      0.000
    TECH_C             2.145      0.043     50.444      0.000

 Variances
    ENA1               0.447      0.023     19.579      0.000
    ENA2               0.338      0.016     21.348      0.000
    ENA3               0.575      0.024     23.715      0.000
    ENA4               0.639      0.027     24.034      0.000
    RES1               0.639      0.037     17.243      0.000
    RES2               0.652      0.027     24.492      0.000
    RES3               0.782      0.045     17.442      0.000
    MON1               0.581      0.027     21.524      0.000
    MON2               0.531      0.027     19.843      0.000
    MON3               0.688      0.042     16.573      0.000
    REV1               0.585      0.030     19.801      0.000
    TECH_C             0.154      0.023      6.735      0.000

Latent Class 4

 Means
    ENA1               4.088      0.122     33.493      0.000
    ENA2               4.304      0.119     36.137      0.000
    ENA3               3.922      0.142     27.647      0.000
    ENA4               4.288      0.090     47.478      0.000
    RES1               4.390      0.094     46.862      0.000
    RES2               4.139      0.094     43.920      0.000
    RES3               4.275      0.098     43.580      0.000
    MON1               3.936      0.148     26.572      0.000
    MON2               2.748      0.172     15.981      0.000
    MON3               3.218      0.222     14.479      0.000
    REV1               1.960      0.084     23.345      0.000
    TECH_C             3.622      0.118     30.575      0.000

 Variances
    ENA1               0.447      0.023     19.579      0.000
    ENA2               0.338      0.016     21.348      0.000
    ENA3               0.575      0.024     23.715      0.000
    ENA4               0.639      0.027     24.034      0.000
    RES1               0.639      0.037     17.243      0.000
    RES2               0.652      0.027     24.492      0.000
    RES3               0.782      0.045     17.442      0.000
    MON1               0.581      0.027     21.524      0.000
    MON2               0.531      0.027     19.843      0.000
    MON3               0.688      0.042     16.573      0.000
    REV1               0.585      0.030     19.801      0.000
    TECH_C             0.154      0.023      6.735      0.000

Categorical Latent Variables

 Means
    C#1                1.226      0.211      5.803      0.000
    C#2                0.619      0.235      2.627      0.009
    C#3                1.218      0.242      5.037      0.000


QUALITY OF NUMERICAL RESULTS

     Condition Number for the Information Matrix              0.634E-03
       (ratio of smallest to largest eigenvalue)


EQUALITY TESTS OF MEANS ACROSS CLASSES USING THE BCH PROCEDURE
WITH 3 DEGREE(S) OF FREEDOM FOR THE OVERALL TEST

FINSITU
                          Mean       S.E.                          Mean       S.E.

  Class 1                4.053      0.042  Class 2                4.146      0.055
  Class 3                3.808      0.045  Class 4                3.894      0.075

                    Chi-Square     P-Value                   Chi-Square     P-Value

  Overall test          24.529      0.000  Class 1 vs. 2          1.766      0.184
  Class 1 vs. 3         13.734      0.000  Class 1 vs. 4          3.487      0.062
  Class 2 vs. 3         20.890      0.000  Class 2 vs. 4          6.776      0.009
  Class 3 vs. 4          0.930      0.335

CNUMB
                          Mean       S.E.                          Mean       S.E.

  Class 1                4.414      0.076  Class 2                4.650      0.103
  Class 3                4.419      0.082  Class 4                4.692      0.162

                    Chi-Square     P-Value                   Chi-Square     P-Value

  Overall test           6.006      0.111  Class 1 vs. 2          3.309      0.069
  Class 1 vs. 3          0.002      0.967  Class 1 vs. 4          2.435      0.119
  Class 2 vs. 3          2.827      0.093  Class 2 vs. 4          0.044      0.834
  Class 3 vs. 4          2.190      0.139

PVOL_C
                          Mean       S.E.                          Mean       S.E.

  Class 1                3.695      0.041  Class 2                3.823      0.053
  Class 3                4.095      0.036  Class 4                4.333      0.059

                    Chi-Square     P-Value                   Chi-Square     P-Value

  Overall test          93.894      0.000  Class 1 vs. 2          3.539      0.060
  Class 1 vs. 3         46.298      0.000  Class 1 vs. 4         78.109      0.000
  Class 2 vs. 3         16.722      0.000  Class 2 vs. 4         37.261      0.000
  Class 3 vs. 4         11.194      0.001

EXC_C
                          Mean       S.E.                          Mean       S.E.

  Class 1                3.794      0.090  Class 2                4.048      0.117
  Class 3                3.891      0.087  Class 4                3.654      0.170

                    Chi-Square     P-Value                   Chi-Square     P-Value

  Overall test           4.307      0.230  Class 1 vs. 2          2.926      0.087
  Class 1 vs. 3          0.533      0.466  Class 1 vs. 4          0.534      0.465
  Class 2 vs. 3          1.086      0.297  Class 2 vs. 4          3.366      0.067
  Class 3 vs. 4          1.507      0.220

DIGI_C
                          Mean       S.E.                          Mean       S.E.

  Class 1                3.046      0.031  Class 2                3.180      0.045
  Class 3                3.109      0.029  Class 4                3.370      0.055

                    Chi-Square     P-Value                   Chi-Square     P-Value

  Overall test          29.262      0.000  Class 1 vs. 2          5.885      0.015
  Class 1 vs. 3          1.891      0.169  Class 1 vs. 4         26.305      0.000
  Class 2 vs. 3          1.626      0.202  Class 2 vs. 4          6.513      0.011
  Class 3 vs. 4         16.874      0.000



TECHNICAL 11 OUTPUT

     Random Starts Specifications for the k-1 Class Analysis Model
        Number of initial stage random starts                  20
        Number of final stage optimizations                     4



     VUONG-LO-MENDELL-RUBIN LIKELIHOOD RATIO TEST FOR 3 (H0) VERSUS 4 CLASSES

          H0 Loglikelihood Value                       -19019.561
          2 Times the Loglikelihood Difference            620.121
          Difference in the Number of Parameters               13
          Mean                                             94.826
          Standard Deviation                              233.768
          P-Value                                          0.0334

     LO-MENDELL-RUBIN ADJUSTED LRT TEST

          Value                                           613.564
          P-Value                                          0.0343


TECHNICAL 14 OUTPUT

     Random Starts Specifications for the k-1 Class Analysis Model
        Number of initial stage random starts                  20
        Number of final stage optimizations                     4

     Random Starts Specification for the k-1 Class Model for Generated Data
        Number of initial stage random starts                   0
        Number of final stage optimizations for the
           initial stage random starts                          0
     Random Starts Specification for the k Class Model for Generated Data
        Number of initial stage random starts                  40
        Number of final stage optimizations                     8
     Number of bootstrap draws requested                   Varies


     PARAMETRIC BOOTSTRAPPED LIKELIHOOD RATIO TEST FOR 3 (H0) VERSUS 4 CLASSES

          H0 Loglikelihood Value                       -19019.561
          2 Times the Loglikelihood Difference            620.121
          Difference in the Number of Parameters               13
          Approximate P-Value                              0.0000
          Successful Bootstrap Draws                            5

     WARNING:  OF THE 5 BOOTSTRAP DRAWS, 4 DRAWS HAD BOTH A SMALLER LRT VALUE THAN THE
     OBSERVED LRT VALUE AND NOT A REPLICATED BEST LOGLIKELIHOOD VALUE FOR THE 4-CLASS MODEL.
     THIS MEANS THAT THE P-VALUE MAY NOT BE TRUSTWORTHY DUE TO LOCAL MAXIMA.
     INCREASE THE NUMBER OF RANDOM STARTS USING THE LRTSTARTS OPTION.



DIAGRAM INFORMATION

  Mplus diagrams are currently not available for Mixture analysis.
  No diagram output was produced.


     Beginning Time:  08:15:02
        Ending Time:  08:15:29
       Elapsed Time:  00:00:27



MUTHEN & MUTHEN
3463 Stoner Ave.
Los Angeles, CA  90066

Tel: (310) 391-9971
Fax: (310) 391-8971
Web: www.StatModel.com
Support: Support@StatModel.com

Copyright (c) 1998-2020 Muthen & Muthen
