Mplus VERSION 8.5
MUTHEN & MUTHEN
01/28/2021  10:07 AM

INPUT INSTRUCTIONS

  TITLE: Katin eka LPA
  DATA: FILE = "parent_mplus2.dat";

  VARIABLE:
  NAMES = ena1 ena2 ena3 ena4 res1 res2 res3 mon1 mon2 mon3 tech1 tech2 rev1
       skill1 skill2 skill3 skill4 skill5 skill6 skill7 skill8 skill9 skill10 skill11
       esm1 esm2 esm3 egm1 egm2 egm3 role ori1 ori2 lang1 lang2 lang3 lang4 lang5
       lang6 lang7 lang8 Edu Curac_1 Curac_2 Curac_3 Curac_4 Curac_5 Curac_6 Curac_7
       Curac_8 jobrole Fam_1 Fam_2 Fam_3 Fam_4 Fam_5 Fam_6 Fam_7 Fam_8 parent1 parent2
       parent3 parent4 parent5 q6 q8 Finsitu diffic tech_c ena_c mon_c res_c;

  MISSING=.;

  USEVARIABLES = rev1 ena_c res_c mon_c tech_c;

  CLASSES = c(3);

  DEFINE:
  STANDARDIZE rev1 ena_c res_c mon_c rev1 tech_c;

  ANALYSIS:
      TYPE = MIXTURE;
      ESTIMATOR IS MLR;
      !STARTS = 100 25;
      OPTSEED = 696773;
      PROCESSORS = 4;

  MODEL:

  OUTPUT:

  PLOT:
  TYPE = PLOT3;
  SERIES =
  rev1 (1) ena_c (2) res_c (3)
  mon_c (4) rev1 (5) tech_c (6);



*** WARNING in MODEL command
  All variables are uncorrelated with all other variables within class.
  Check that this is what is intended.
   1 WARNING(S) FOUND IN THE INPUT INSTRUCTIONS



Katin eka LPA

SUMMARY OF ANALYSIS

Number of groups                                                 1
Number of observations                                        1308

Number of dependent variables                                    5
Number of independent variables                                  0
Number of continuous latent variables                            0
Number of categorical latent variables                           1

Observed dependent variables

  Continuous
   REV1        ENA_C       RES_C       MON_C       TECH_C

Categorical latent variables
   C


Estimator                                                      MLR
Information matrix                                        OBSERVED
Optimization Specifications for the Quasi-Newton Algorithm for
Continuous Outcomes
  Maximum number of iterations                                 100
  Convergence criterion                                  0.100D-05
Optimization Specifications for the EM Algorithm
  Maximum number of iterations                                 500
  Convergence criteria
    Loglikelihood change                                 0.100D-06
    Relative loglikelihood change                        0.100D-06
    Derivative                                           0.100D-05
Optimization Specifications for the M step of the EM Algorithm for
Categorical Latent variables
  Number of M step iterations                                    1
  M step convergence criterion                           0.100D-05
  Basis for M step termination                           ITERATION
Optimization Specifications for the M step of the EM Algorithm for
Censored, Binary or Ordered Categorical (Ordinal), Unordered
Categorical (Nominal) and Count Outcomes
  Number of M step iterations                                    1
  M step convergence criterion                           0.100D-05
  Basis for M step termination                           ITERATION
  Maximum value for logit thresholds                            15
  Minimum value for logit thresholds                           -15
  Minimum expected cell size for chi-square              0.100D-01
Maximum number of iterations for H1                           2000
Convergence criterion for H1                             0.100D-03
Optimization algorithm                                         EMA
Random Starts Specifications
  Random seed for analysis                                  696773

Input data file(s)
  parent_mplus2.dat
Input data format  FREE


SUMMARY OF DATA

     Number of missing data patterns             1
     Number of y missing data patterns           1
     Number of u missing data patterns           0


COVARIANCE COVERAGE OF DATA

Minimum covariance coverage value   0.100


     PROPORTION OF DATA PRESENT FOR Y


           Covariance Coverage
              REV1          ENA_C         RES_C         MON_C         TECH_C
              ________      ________      ________      ________      ________
 REV1           1.000
 ENA_C          1.000         1.000
 RES_C          1.000         1.000         1.000
 MON_C          1.000         1.000         1.000         1.000
 TECH_C         1.000         1.000         1.000         1.000         1.000



UNIVARIATE SAMPLE STATISTICS


     UNIVARIATE HIGHER-ORDER MOMENT DESCRIPTIVE STATISTICS

         Variable/         Mean/     Skewness/   Minimum/ % with                Percentiles
        Sample Size      Variance    Kurtosis    Maximum  Min/Max      20%/60%    40%/80%    Median

     REV1                  0.000       0.939      -0.635   71.25%      -0.635     -0.635     -0.635
            1308.000       1.000      -1.118       1.574   28.75%      -0.635      1.574
     ENA_C                 0.000       0.938      -0.720   62.00%      -0.720     -0.720     -0.720
            1308.000       1.000      -0.729       1.838   18.27%      -0.720      0.559
     RES_C                 0.000       0.564      -1.517    8.79%      -1.092     -0.241     -0.241
            1308.000       1.000       0.354       3.587    0.76%       0.184      1.035
     MON_C                 0.000       0.295      -3.656    0.08%      -0.625     -0.192     -0.192
            1308.000       1.000       0.578       2.839    1.45%       0.241      0.674
     TECH_C                0.000      -2.142      -2.536   13.46%       0.394      0.394      0.394
            1308.000       1.000       2.587       0.394   86.54%       0.394      0.394

     THE ESTIMATED COVARIANCE MATRIX FOR THE Y VARIABLES IN CLASS 1 COULD NOT
     BE INVERTED.  PROBLEM INVOLVING VARIABLE REV1.  COMPUTATION COULD
     NOT BE COMPLETED IN ITERATION 5.  CHANGE YOUR MODEL AND/OR STARTING
     VALUES.  THIS MAY BE DUE TO A ZERO ESTIMATED VARIANCE, THAT IS, NO WITHIN-CLASS
     VARIATION FOR THE VARIABLE.


     THE MODEL ESTIMATION DID NOT TERMINATE NORMALLY DUE TO AN ERROR IN THE
     COMPUTATION.  CHANGE YOUR MODEL AND/OR STARTING VALUES.






MODEL RESULTS

                    Estimate

Latent Class 1

 Means
    REV1              -0.635
    ENA_C             -0.357
    RES_C              0.583
    MON_C              1.984
    TECH_C            -3.151

 Variances
    REV1               0.000
    ENA_C              0.235
    RES_C              1.018
    MON_C              0.929
    TECH_C             0.336

Latent Class 2

 Means
    REV1              -0.635
    ENA_C             -0.541
    RES_C             -0.107
    MON_C             -0.127
    TECH_C             0.410

 Variances
    REV1               0.000
    ENA_C              0.235
    RES_C              1.018
    MON_C              0.929
    TECH_C             0.336

Latent Class 3

 Means
    REV1               1.574
    ENA_C              1.388
    RES_C              0.394
    MON_C              0.180
    TECH_C            -0.077

 Variances
    REV1               0.000
    ENA_C              0.235
    RES_C              1.018
    MON_C              0.929
    TECH_C             0.336

Categorical Latent Variables

 Means
    C#1               -2.337
    C#2                0.868


MODEL COMMAND WITH FINAL ESTIMATES USED AS STARTING VALUES

     %OVERALL%

     [ c#1*-2.33686 ];
     [ c#2*0.86798 ];

     %C#1%

     [ rev1*-0.63521 ];
     [ ena_c*-0.35708 ];
     [ res_c*0.58322 ];
     [ mon_c*1.98411 ];
     [ tech_c*-3.15107 ];

     rev1*0.00000 (6);
     ena_c*0.23537 (7);
     res_c*1.01798 (8);
     mon_c*0.92887 (9);
     tech_c*0.33629 (10);

     %C#2%

     [ rev1*-0.63516 ];
     [ ena_c*-0.54076 ];
     [ res_c*-0.10746 ];
     [ mon_c*-0.12694 ];
     [ tech_c*0.40956 ];

     rev1*0.00000 (6);
     ena_c*0.23537 (7);
     res_c*1.01798 (8);
     mon_c*0.92887 (9);
     tech_c*0.33629 (10);

     %C#3%

     [ rev1*1.57438 ];
     [ ena_c*1.38787 ];
     [ res_c*0.39437 ];
     [ mon_c*0.17989 ];
     [ tech_c*-0.07714 ];

     rev1*0.00000 (6);
     ena_c*0.23537 (7);
     res_c*1.01798 (8);
     mon_c*0.92887 (9);
     tech_c*0.33629 (10);



DIAGRAM INFORMATION

  Mplus diagrams are currently not available for Mixture analysis.
  No diagram output was produced.


     Beginning Time:  10:07:10
        Ending Time:  10:07:10
       Elapsed Time:  00:00:00



MUTHEN & MUTHEN
3463 Stoner Ave.
Los Angeles, CA  90066

Tel: (310) 391-9971
Fax: (310) 391-8971
Web: www.StatModel.com
Support: Support@StatModel.com

Copyright (c) 1998-2020 Muthen & Muthen
