Mplus VERSION 8.5
MUTHEN & MUTHEN
02/04/2021   1:16 PM

INPUT INSTRUCTIONS

  TITLE: Katin toka LPA
  DATA: FILE = "parent_mplus2.dat";
  VARIABLE:
  NAMES = ena1 ena2 ena3 ena4 ena5 res1 res2 res3 mon1 mon2 mon3 tech1 tech2 rev1
       skill1 skill2 skill3 skill4 skill5 skill6 skill7 skill8 skill9 skill10 skill11
       esm1 esm2 esm3 egm1 egm2 egm3 role ori1 ori2 lang1 lang2 lang3 lang4 lang5
       lang6 lang7 lang8 Edu Curac_1 Curac_2 Curac_3 Curac_4 Curac_5 Curac_6 Curac_7
       Curac_8 jobrole Fam_1 Fam_2 Fam_3 Fam_4 Fam_5 Fam_6 Fam_7 Fam_8 parent1 parent2
       parent3 parent4 parent5 q6 q8 Finsitu diffic tech_c;
  MISSING=.;

  USEVARIABLES = ena1 ena2 ena3 ena4 res1 res2 res3 mon1 mon2 mon3 rev1 tech_c;

  CLASSES = c(8);

  ANALYSIS:
        TYPE = MIXTURE;
        ESTIMATOR IS MLR;
        !STARTS = 100 25;
        OPTSEED = 535804;
        PROCESSORS = 4;
  MODEL:

  OUTPUT: TECH11 TECH14;



*** WARNING in MODEL command
  All variables are uncorrelated with all other variables within class.
  Check that this is what is intended.
   1 WARNING(S) FOUND IN THE INPUT INSTRUCTIONS



Katin toka LPA

SUMMARY OF ANALYSIS

Number of groups                                                 1
Number of observations                                        1308

Number of dependent variables                                   12
Number of independent variables                                  0
Number of continuous latent variables                            0
Number of categorical latent variables                           1

Observed dependent variables

  Continuous
   ENA1        ENA2        ENA3        ENA4        RES1        RES2
   RES3        MON1        MON2        MON3        REV1        TECH_C

Categorical latent variables
   C


Estimator                                                      MLR
Information matrix                                        OBSERVED
Optimization Specifications for the Quasi-Newton Algorithm for
Continuous Outcomes
  Maximum number of iterations                                 100
  Convergence criterion                                  0.100D-05
Optimization Specifications for the EM Algorithm
  Maximum number of iterations                                 500
  Convergence criteria
    Loglikelihood change                                 0.100D-06
    Relative loglikelihood change                        0.100D-06
    Derivative                                           0.100D-05
Optimization Specifications for the M step of the EM Algorithm for
Categorical Latent variables
  Number of M step iterations                                    1
  M step convergence criterion                           0.100D-05
  Basis for M step termination                           ITERATION
Optimization Specifications for the M step of the EM Algorithm for
Censored, Binary or Ordered Categorical (Ordinal), Unordered
Categorical (Nominal) and Count Outcomes
  Number of M step iterations                                    1
  M step convergence criterion                           0.100D-05
  Basis for M step termination                           ITERATION
  Maximum value for logit thresholds                            15
  Minimum value for logit thresholds                           -15
  Minimum expected cell size for chi-square              0.100D-01
Maximum number of iterations for H1                           2000
Convergence criterion for H1                             0.100D-03
Optimization algorithm                                         EMA
Random Starts Specifications
  Random seed for analysis                                  535804

Input data file(s)
  parent_mplus2.dat
Input data format  FREE


SUMMARY OF DATA

     Number of missing data patterns             2
     Number of y missing data patterns           2
     Number of u missing data patterns           0


COVARIANCE COVERAGE OF DATA

Minimum covariance coverage value   0.100


     PROPORTION OF DATA PRESENT FOR Y


           Covariance Coverage
              ENA1          ENA2          ENA3          ENA4          RES1
              ________      ________      ________      ________      ________
 ENA1           1.000
 ENA2           1.000         1.000
 ENA3           1.000         1.000         1.000
 ENA4           1.000         1.000         1.000         1.000
 RES1           1.000         1.000         1.000         1.000         1.000
 RES2           1.000         1.000         1.000         1.000         1.000
 RES3           1.000         1.000         1.000         1.000         1.000
 MON1           1.000         1.000         1.000         1.000         1.000
 MON2           1.000         1.000         1.000         1.000         1.000
 MON3           0.973         0.973         0.973         0.973         0.973
 REV1           1.000         1.000         1.000         1.000         1.000
 TECH_C         1.000         1.000         1.000         1.000         1.000


           Covariance Coverage
              RES2          RES3          MON1          MON2          MON3
              ________      ________      ________      ________      ________
 RES2           1.000
 RES3           1.000         1.000
 MON1           1.000         1.000         1.000
 MON2           1.000         1.000         1.000         1.000
 MON3           0.973         0.973         0.973         0.973         0.973
 REV1           1.000         1.000         1.000         1.000         0.973
 TECH_C         1.000         1.000         1.000         1.000         0.973


           Covariance Coverage
              REV1          TECH_C
              ________      ________
 REV1           1.000
 TECH_C         1.000         1.000



UNIVARIATE SAMPLE STATISTICS


     UNIVARIATE HIGHER-ORDER MOMENT DESCRIPTIVE STATISTICS

         Variable/         Mean/     Skewness/   Minimum/ % with                Percentiles
        Sample Size      Variance    Kurtosis    Maximum  Min/Max      20%/60%    40%/80%    Median

     ENA1                  3.110       0.108       1.000    2.22%       3.000      3.000      3.000
            1308.000       0.636       0.513       5.000    4.82%       3.000      4.000
     ENA2                  3.515       0.149       1.000    0.15%       3.000      3.000      3.000
            1308.000       0.496      -0.110       5.000    7.49%       4.000      4.000
     ENA3                  3.364       0.042       1.000    0.84%       3.000      3.000      3.000
            1308.000       0.647      -0.033       5.000    7.72%       4.000      4.000
     ENA4                  3.453      -0.013       1.000    1.15%       3.000      3.000      3.000
            1308.000       0.801      -0.338       5.000   13.15%       4.000      4.000
     RES1                  3.397      -0.183       1.000    3.13%       3.000      3.000      3.000
            1308.000       1.027      -0.497       5.000   14.76%       4.000      4.000
     RES2                  3.136       0.124       1.000    4.05%       2.000      3.000      3.000
            1308.000       0.962      -0.260       5.000   10.32%       3.000      4.000
     RES3                  3.390      -0.165       1.000    4.51%       2.000      3.000      3.000
            1308.000       1.197      -0.654       5.000   18.73%       4.000      4.000
     MON1                  2.755       0.050       1.000   11.24%       2.000      3.000      3.000
            1308.000       0.956      -0.202       5.000    4.13%       3.000      3.000
     MON2                  1.691       1.139       1.000   52.29%       1.000      1.000      1.000
            1308.000       0.727       0.997       5.000    0.92%       2.000      2.000
     MON3                  2.112       0.537       1.000   34.49%       1.000      2.000      2.000
            1273.000       1.010      -0.371       5.000    1.81%       2.000      3.000
     REV1                  1.871       0.875       1.000   32.42%       1.000      2.000      2.000
            1308.000       0.588       1.343       6.000    0.08%       2.000      2.000
     TECH_C                2.563       0.938       2.000   62.00%       2.000      2.000      2.000
            1308.000       0.612      -0.729       4.000   18.27%       2.000      3.000


THE MODEL ESTIMATION TERMINATED NORMALLY



MODEL FIT INFORMATION

Number of Free Parameters                      115

Loglikelihood

          H0 Value                      -17921.341
          H0 Scaling Correction Factor      1.4373
            for MLR

Information Criteria

          Akaike (AIC)                   36072.683
          Bayesian (BIC)                 36667.952
          Sample-Size Adjusted BIC       36302.651
            (n* = (n + 2) / 24)



FINAL CLASS COUNTS AND PROPORTIONS FOR THE LATENT CLASSES
BASED ON THE ESTIMATED MODEL

    Latent
   Classes

       1         85.25526          0.06518
       2        261.39869          0.19985
       3        225.17441          0.17215
       4        245.89925          0.18800
       5        119.89227          0.09166
       6        164.83113          0.12602
       7        165.52358          0.12655
       8         40.02540          0.03060


FINAL CLASS COUNTS AND PROPORTIONS FOR THE LATENT CLASSES
BASED ON ESTIMATED POSTERIOR PROBABILITIES

    Latent
   Classes

       1         85.25526          0.06518
       2        261.39869          0.19985
       3        225.17441          0.17215
       4        245.89925          0.18800
       5        119.89227          0.09166
       6        164.83113          0.12602
       7        165.52358          0.12655
       8         40.02540          0.03060


FINAL CLASS COUNTS AND PROPORTIONS FOR THE LATENT CLASSES
BASED ON THEIR MOST LIKELY LATENT CLASS MEMBERSHIP

Class Counts and Proportions

    Latent
   Classes

       1               75          0.05734
       2              265          0.20260
       3              235          0.17966
       4              252          0.19266
       5              121          0.09251
       6              159          0.12156
       7              160          0.12232
       8               41          0.03135


CLASSIFICATION QUALITY

     Entropy                         0.797


Average Latent Class Probabilities for Most Likely Latent Class Membership (Row)
by Latent Class (Column)

           1        2        3        4        5        6        7        8

    1   0.894    0.009    0.012    0.009    0.000    0.002    0.074    0.000
    2   0.005    0.879    0.026    0.087    0.000    0.002    0.000    0.000
    3   0.030    0.025    0.812    0.074    0.017    0.026    0.016    0.000
    4   0.007    0.085    0.062    0.747    0.025    0.073    0.001    0.000
    5   0.000    0.000    0.036    0.026    0.815    0.073    0.039    0.011
    6   0.005    0.003    0.032    0.083    0.048    0.808    0.022    0.000
    7   0.046    0.000    0.010    0.001    0.013    0.013    0.910    0.008
    8   0.000    0.000    0.000    0.000    0.034    0.003    0.050    0.913


Classification Probabilities for the Most Likely Latent Class Membership (Column)
by Latent Class (Row)

           1        2        3        4        5        6        7        8

    1   0.786    0.016    0.083    0.019    0.000    0.009    0.086    0.000
    2   0.003    0.891    0.023    0.082    0.000    0.002    0.000    0.000
    3   0.004    0.031    0.847    0.070    0.019    0.022    0.007    0.000
    4   0.003    0.094    0.071    0.766    0.013    0.053    0.001    0.000
    5   0.000    0.000    0.033    0.052    0.822    0.064    0.017    0.012
    6   0.001    0.004    0.037    0.112    0.053    0.780    0.012    0.001
    7   0.034    0.000    0.023    0.002    0.029    0.021    0.880    0.012
    8   0.000    0.000    0.000    0.000    0.033    0.001    0.030    0.935


Logits for the Classification Probabilities for the Most Likely Latent Class Membership (Column)
by Latent Class (Row)

              1        2        3        4        5        6        7        8

    1     13.575    9.702   11.325    9.866    4.568    9.073   11.367    0.000
    2      7.891   13.700   10.024   11.315    0.000    7.328    0.000    0.000
    3      8.258   10.331   13.650   11.150    9.876   10.017    8.853    0.000
    4      7.867   11.452   11.169   13.548    9.463   10.885    6.396    0.000
    5     -9.366   -9.366    1.046    1.490    4.254    1.703    0.379    0.000
    6      0.226    1.481    3.779    4.899    4.156    6.837    2.693    0.000
    7      1.010   -9.415    0.641   -2.015    0.848    0.522    4.272    0.000
    8    -13.748  -13.748  -13.748  -13.748   -3.335   -6.651   -3.428    0.000


MODEL RESULTS

                                                    Two-Tailed
                    Estimate       S.E.  Est./S.E.    P-Value

Latent Class 1

 Means
    ENA1               2.707      0.180     15.069      0.000
    ENA2               3.127      0.108     28.979      0.000
    ENA3               3.061      0.128     23.977      0.000
    ENA4               3.101      0.332      9.352      0.000
    RES1               3.611      0.244     14.828      0.000
    RES2               2.910      0.306      9.516      0.000
    RES3               3.812      0.286     13.352      0.000
    MON1               2.457      0.279      8.808      0.000
    MON2               1.444      0.206      7.024      0.000
    MON3               1.673      0.179      9.334      0.000
    REV1               1.694      0.093     18.312      0.000
    TECH_C             3.844      0.087     43.998      0.000

 Variances
    ENA1               0.407      0.024     17.259      0.000
    ENA2               0.316      0.017     19.067      0.000
    ENA3               0.558      0.026     21.623      0.000
    ENA4               0.626      0.030     20.560      0.000
    RES1               0.464      0.035     13.120      0.000
    RES2               0.579      0.037     15.800      0.000
    RES3               0.609      0.030     20.282      0.000
    MON1               0.510      0.031     16.271      0.000
    MON2               0.355      0.034     10.409      0.000
    MON3               0.519      0.043     12.133      0.000
    REV1               0.576      0.029     19.957      0.000
    TECH_C             0.156      0.011     13.625      0.000

Latent Class 2

 Means
    ENA1               2.525      0.166     15.235      0.000
    ENA2               2.965      0.143     20.689      0.000
    ENA3               3.070      0.165     18.617      0.000
    ENA4               2.906      0.120     24.192      0.000
    RES1               2.315      0.173     13.379      0.000
    RES2               2.229      0.184     12.119      0.000
    RES3               2.321      0.131     17.753      0.000
    MON1               1.770      0.249      7.117      0.000
    MON2               1.156      0.044     26.217      0.000
    MON3               1.316      0.105     12.579      0.000
    REV1               1.783      0.059     30.389      0.000
    TECH_C             2.073      0.027     76.024      0.000

 Variances
    ENA1               0.407      0.024     17.259      0.000
    ENA2               0.316      0.017     19.067      0.000
    ENA3               0.558      0.026     21.623      0.000
    ENA4               0.626      0.030     20.560      0.000
    RES1               0.464      0.035     13.120      0.000
    RES2               0.579      0.037     15.800      0.000
    RES3               0.609      0.030     20.282      0.000
    MON1               0.510      0.031     16.271      0.000
    MON2               0.355      0.034     10.409      0.000
    MON3               0.519      0.043     12.133      0.000
    REV1               0.576      0.029     19.957      0.000
    TECH_C             0.156      0.011     13.625      0.000

Latent Class 3

 Means
    ENA1               2.964      0.088     33.623      0.000
    ENA2               3.465      0.090     38.618      0.000
    ENA3               3.211      0.069     46.608      0.000
    ENA4               3.268      0.094     34.878      0.000
    RES1               4.022      0.120     33.481      0.000
    RES2               3.328      0.118     28.195      0.000
    RES3               4.070      0.122     33.407      0.000
    MON1               2.451      0.126     19.403      0.000
    MON2               1.266      0.045     28.105      0.000
    MON3               1.489      0.098     15.230      0.000
    REV1               1.872      0.069     27.171      0.000
    TECH_C             2.289      0.050     45.743      0.000

 Variances
    ENA1               0.407      0.024     17.259      0.000
    ENA2               0.316      0.017     19.067      0.000
    ENA3               0.558      0.026     21.623      0.000
    ENA4               0.626      0.030     20.560      0.000
    RES1               0.464      0.035     13.120      0.000
    RES2               0.579      0.037     15.800      0.000
    RES3               0.609      0.030     20.282      0.000
    MON1               0.510      0.031     16.271      0.000
    MON2               0.355      0.034     10.409      0.000
    MON3               0.519      0.043     12.133      0.000
    REV1               0.576      0.029     19.957      0.000
    TECH_C             0.156      0.011     13.625      0.000

Latent Class 4

 Means
    ENA1               3.161      0.223     14.194      0.000
    ENA2               3.555      0.242     14.714      0.000
    ENA3               3.540      0.127     27.893      0.000
    ENA4               3.523      0.261     13.516      0.000
    RES1               2.808      0.185     15.176      0.000
    RES2               2.845      0.226     12.609      0.000
    RES3               2.709      0.164     16.555      0.000
    MON1               2.818      0.349      8.067      0.000
    MON2               1.354      0.093     14.609      0.000
    MON3               2.172      0.476      4.568      0.000
    REV1               1.973      0.105     18.769      0.000
    TECH_C             2.185      0.048     45.305      0.000

 Variances
    ENA1               0.407      0.024     17.259      0.000
    ENA2               0.316      0.017     19.067      0.000
    ENA3               0.558      0.026     21.623      0.000
    ENA4               0.626      0.030     20.560      0.000
    RES1               0.464      0.035     13.120      0.000
    RES2               0.579      0.037     15.800      0.000
    RES3               0.609      0.030     20.282      0.000
    MON1               0.510      0.031     16.271      0.000
    MON2               0.355      0.034     10.409      0.000
    MON3               0.519      0.043     12.133      0.000
    REV1               0.576      0.029     19.957      0.000
    TECH_C             0.156      0.011     13.625      0.000

Latent Class 5

 Means
    ENA1               4.040      0.187     21.568      0.000
    ENA2               4.344      0.154     28.271      0.000
    ENA3               3.974      0.168     23.717      0.000
    ENA4               4.155      0.205     20.258      0.000
    RES1               4.030      0.190     21.195      0.000
    RES2               3.766      0.119     31.702      0.000
    RES3               3.832      0.209     18.342      0.000
    MON1               3.581      0.142     25.180      0.000
    MON2               2.029      0.283      7.161      0.000
    MON3               2.960      0.239     12.380      0.000
    REV1               1.908      0.113     16.880      0.000
    TECH_C             2.282      0.093     24.585      0.000

 Variances
    ENA1               0.407      0.024     17.259      0.000
    ENA2               0.316      0.017     19.067      0.000
    ENA3               0.558      0.026     21.623      0.000
    ENA4               0.626      0.030     20.560      0.000
    RES1               0.464      0.035     13.120      0.000
    RES2               0.579      0.037     15.800      0.000
    RES3               0.609      0.030     20.282      0.000
    MON1               0.510      0.031     16.271      0.000
    MON2               0.355      0.034     10.409      0.000
    MON3               0.519      0.043     12.133      0.000
    REV1               0.576      0.029     19.957      0.000
    TECH_C             0.156      0.011     13.625      0.000

Latent Class 6

 Means
    ENA1               3.014      0.097     30.995      0.000
    ENA2               3.497      0.090     39.014      0.000
    ENA3               3.298      0.080     41.442      0.000
    ENA4               3.474      0.089     39.220      0.000
    RES1               3.323      0.124     26.695      0.000
    RES2               3.172      0.109     29.181      0.000
    RES3               3.363      0.126     26.610      0.000
    MON1               3.121      0.081     38.638      0.000
    MON2               2.627      0.149     17.646      0.000
    MON3               2.976      0.104     28.484      0.000
    REV1               1.909      0.090     21.147      0.000
    TECH_C             2.273      0.059     38.398      0.000

 Variances
    ENA1               0.407      0.024     17.259      0.000
    ENA2               0.316      0.017     19.067      0.000
    ENA3               0.558      0.026     21.623      0.000
    ENA4               0.626      0.030     20.560      0.000
    RES1               0.464      0.035     13.120      0.000
    RES2               0.579      0.037     15.800      0.000
    RES3               0.609      0.030     20.282      0.000
    MON1               0.510      0.031     16.271      0.000
    MON2               0.355      0.034     10.409      0.000
    MON3               0.519      0.043     12.133      0.000
    REV1               0.576      0.029     19.957      0.000
    TECH_C             0.156      0.011     13.625      0.000

Latent Class 7

 Means
    ENA1               3.487      0.136     25.695      0.000
    ENA2               3.738      0.130     28.698      0.000
    ENA3               3.354      0.110     30.575      0.000
    ENA4               3.865      0.085     45.640      0.000
    RES1               4.371      0.113     38.820      0.000
    RES2               4.079      0.140     29.047      0.000
    RES3               4.403      0.101     43.736      0.000
    MON1               3.382      0.128     26.496      0.000
    MON2               2.093      0.132     15.801      0.000
    MON3               2.442      0.163     14.996      0.000
    REV1               1.782      0.063     28.292      0.000
    TECH_C             3.846      0.050     76.648      0.000

 Variances
    ENA1               0.407      0.024     17.259      0.000
    ENA2               0.316      0.017     19.067      0.000
    ENA3               0.558      0.026     21.623      0.000
    ENA4               0.626      0.030     20.560      0.000
    RES1               0.464      0.035     13.120      0.000
    RES2               0.579      0.037     15.800      0.000
    RES3               0.609      0.030     20.282      0.000
    MON1               0.510      0.031     16.271      0.000
    MON2               0.355      0.034     10.409      0.000
    MON3               0.519      0.043     12.133      0.000
    REV1               0.576      0.029     19.957      0.000
    TECH_C             0.156      0.011     13.625      0.000

Latent Class 8

 Means
    ENA1               4.358      0.158     27.610      0.000
    ENA2               4.653      0.121     38.603      0.000
    ENA3               4.196      0.142     29.497      0.000
    ENA4               4.505      0.135     33.372      0.000
    RES1               4.483      0.160     27.941      0.000
    RES2               4.322      0.152     28.507      0.000
    RES3               4.425      0.173     25.574      0.000
    MON1               4.561      0.163     27.910      0.000
    MON2               3.647      0.257     14.176      0.000
    MON3               4.104      0.190     21.591      0.000
    REV1               2.278      0.196     11.604      0.000
    TECH_C             3.620      0.163     22.240      0.000

 Variances
    ENA1               0.407      0.024     17.259      0.000
    ENA2               0.316      0.017     19.067      0.000
    ENA3               0.558      0.026     21.623      0.000
    ENA4               0.626      0.030     20.560      0.000
    RES1               0.464      0.035     13.120      0.000
    RES2               0.579      0.037     15.800      0.000
    RES3               0.609      0.030     20.282      0.000
    MON1               0.510      0.031     16.271      0.000
    MON2               0.355      0.034     10.409      0.000
    MON3               0.519      0.043     12.133      0.000
    REV1               0.576      0.029     19.957      0.000
    TECH_C             0.156      0.011     13.625      0.000

Categorical Latent Variables

 Means
    C#1                0.756      0.463      1.632      0.103
    C#2                1.877      0.582      3.225      0.001
    C#3                1.727      0.298      5.801      0.000
    C#4                1.815      0.404      4.491      0.000
    C#5                1.097      0.333      3.299      0.001
    C#6                1.415      0.309      4.584      0.000
    C#7                1.420      0.278      5.098      0.000


QUALITY OF NUMERICAL RESULTS

     Condition Number for the Information Matrix              0.111E-03
       (ratio of smallest to largest eigenvalue)


TECHNICAL 11 OUTPUT

     Random Starts Specifications for the k-1 Class Analysis Model
        Number of initial stage random starts                  20
        Number of final stage optimizations                     4



     VUONG-LO-MENDELL-RUBIN LIKELIHOOD RATIO TEST FOR 7 (H0) VERSUS 8 CLASSES

          H0 Loglikelihood Value                       -17998.764
          2 Times the Loglikelihood Difference            154.845
          Difference in the Number of Parameters               13
          Mean                                            354.570
          Standard Deviation                              369.699
          P-Value                                          0.7055

     LO-MENDELL-RUBIN ADJUSTED LRT TEST

          Value                                           153.203
          P-Value                                          0.7070


TECHNICAL 14 OUTPUT

     Random Starts Specifications for the k-1 Class Analysis Model
        Number of initial stage random starts                  20
        Number of final stage optimizations                     4

     Random Starts Specification for the k-1 Class Model for Generated Data
        Number of initial stage random starts                   0
        Number of final stage optimizations for the
           initial stage random starts                          0
     Random Starts Specification for the k Class Model for Generated Data
        Number of initial stage random starts                  40
        Number of final stage optimizations                     8
     Number of bootstrap draws requested                   Varies


     PARAMETRIC BOOTSTRAPPED LIKELIHOOD RATIO TEST FOR 7 (H0) VERSUS 8 CLASSES

          H0 Loglikelihood Value                       -17998.764
          2 Times the Loglikelihood Difference            154.845
          Difference in the Number of Parameters               13
          Approximate P-Value                              0.0000
          Successful Bootstrap Draws                            5

     WARNING:  OF THE 5 BOOTSTRAP DRAWS, 5 DRAWS HAD BOTH A SMALLER LRT VALUE THAN THE
     OBSERVED LRT VALUE AND NOT A REPLICATED BEST LOGLIKELIHOOD VALUE FOR THE 8-CLASS MODEL.
     THIS MEANS THAT THE P-VALUE MAY NOT BE TRUSTWORTHY DUE TO LOCAL MAXIMA.
     INCREASE THE NUMBER OF RANDOM STARTS USING THE LRTSTARTS OPTION.



DIAGRAM INFORMATION

  Mplus diagrams are currently not available for Mixture analysis.
  No diagram output was produced.


     Beginning Time:  13:16:43
        Ending Time:  13:17:24
       Elapsed Time:  00:00:41



MUTHEN & MUTHEN
3463 Stoner Ave.
Los Angeles, CA  90066

Tel: (310) 391-9971
Fax: (310) 391-8971
Web: www.StatModel.com
Support: Support@StatModel.com

Copyright (c) 1998-2020 Muthen & Muthen
