Mplus VERSION 8.5
MUTHEN & MUTHEN
03/04/2021   9:52 AM

INPUT INSTRUCTIONS

  TITLE: Katin toka LPA
  DATA: FILE = "merged_mplus3.dat";
  VARIABLE:
  NAMES = ena1 ena2 ena3 ena4 ena5 res1 res2 res3 mon1 mon2 mon3 tech1 tech2 rev1
       skill1 skill2 skill3 skill4 skill5 skill6 skill7 skill8 skill9 skill10 skill11
       esm1 esm2 esm3 egm1 egm2 egm3 role ori1 ori2 lang1 lang2 lang3 lang4 lang5
       lang6 lang7 lang8 Edu Curac_1 Curac_2 Curac_3 Curac_4 Curac_5 Curac_6 Curac_7
       Curac_8 jobrole Fam_1 Fam_2 Fam_3 Fam_4 Fam_5 Fam_6 Fam_7 Fam_8 parent1 parent2
       parent3 parent4 parent5 q6 q8 cnumb Finsitu diffic ID Duplicate_IDs toimi
       dumrol cclass mother father mmot ffat pclass2 bcount Eclass Edum kuusi kasi
       cage tech_c ena_c mon_c res_c pvol_c digi_c exc_c OGender P_Q1 P_Q2 adig1 adig3
       adig4 adig7 adig8 adig11 adig12 adig13 adig14 adig16 adig17 adig18 adig19 bdig3
       bdig5 bdig6 bdig8 bdig10 bdig12 bdig13 bdig14 bdig15 bdig16 bdig17 bdig18
       bdig19 cdig1 cdig2 cdig3 cdig7 cdig8 cdig9 cdig10 cdig11 cdig13 cdig16 cdig17
       cdig18 cdig19 conlea1 conlea2 conlea3 conlea4 conlea5 conlea6 negadigi1
       negadigi2 negadigi3 negadigi4 negadigi5 Ofina MGender oeiu;
  MISSING=.;

  USEVARIABLES = ena1 ena2 ena3 ena4 res1 res2 res3 mon1 mon2 mon3 rev1 tech_c;

  CLASSES = c(4);

  DEFINE:
  STANDARDIZE ena1 ena2 ena3 ena4 res1
  res2 res3 mon1 mon2 mon3 rev1 tech_c;

  ANALYSIS:
      TYPE = MIXTURE;
      ESTIMATOR IS MLR;
      !STARTS = 100 25;
      OPTSEED = 569833;
      PROCESSORS = 4;

  MODEL:

  OUTPUT:

  PLOT:
  TYPE = PLOT3;
  SERIES =
  ena1 (1) ena2 (2) ena3 (3)
  ena4 (4) res1 (5) res2 (6)
  res3 (7) mon1 (8) mon2 (9) mon3 (10)
  rev1 (11) tech_c (12);



*** WARNING in MODEL command
  All variables are uncorrelated with all other variables within class.
  Check that this is what is intended.
   1 WARNING(S) FOUND IN THE INPUT INSTRUCTIONS



Katin toka LPA

SUMMARY OF ANALYSIS

Number of groups                                                 1
Number of observations                                        1394

Number of dependent variables                                   12
Number of independent variables                                  0
Number of continuous latent variables                            0
Number of categorical latent variables                           1

Observed dependent variables

  Continuous
   ENA1        ENA2        ENA3        ENA4        RES1        RES2
   RES3        MON1        MON2        MON3        REV1        TECH_C

Categorical latent variables
   C


Estimator                                                      MLR
Information matrix                                        OBSERVED
Optimization Specifications for the Quasi-Newton Algorithm for
Continuous Outcomes
  Maximum number of iterations                                 100
  Convergence criterion                                  0.100D-05
Optimization Specifications for the EM Algorithm
  Maximum number of iterations                                 500
  Convergence criteria
    Loglikelihood change                                 0.100D-06
    Relative loglikelihood change                        0.100D-06
    Derivative                                           0.100D-05
Optimization Specifications for the M step of the EM Algorithm for
Categorical Latent variables
  Number of M step iterations                                    1
  M step convergence criterion                           0.100D-05
  Basis for M step termination                           ITERATION
Optimization Specifications for the M step of the EM Algorithm for
Censored, Binary or Ordered Categorical (Ordinal), Unordered
Categorical (Nominal) and Count Outcomes
  Number of M step iterations                                    1
  M step convergence criterion                           0.100D-05
  Basis for M step termination                           ITERATION
  Maximum value for logit thresholds                            15
  Minimum value for logit thresholds                           -15
  Minimum expected cell size for chi-square              0.100D-01
Maximum number of iterations for H1                           2000
Convergence criterion for H1                             0.100D-03
Optimization algorithm                                         EMA
Random Starts Specifications
  Random seed for analysis                                  569833

Input data file(s)
  merged_mplus3.dat
Input data format  FREE


SUMMARY OF DATA

     Number of missing data patterns            18
     Number of y missing data patterns          18
     Number of u missing data patterns           0


COVARIANCE COVERAGE OF DATA

Minimum covariance coverage value   0.100


     PROPORTION OF DATA PRESENT FOR Y


           Covariance Coverage
              ENA1          ENA2          ENA3          ENA4          RES1
              ________      ________      ________      ________      ________
 ENA1           0.958
 ENA2           0.956         0.957
 ENA3           0.954         0.955         0.956
 ENA4           0.953         0.953         0.953         0.954
 RES1           0.955         0.953         0.952         0.951         0.956
 RES2           0.954         0.953         0.953         0.952         0.954
 RES3           0.953         0.953         0.953         0.952         0.953
 MON1           0.952         0.951         0.952         0.951         0.952
 MON2           0.953         0.952         0.952         0.951         0.953
 MON3           0.925         0.925         0.925         0.924         0.925
 REV1           0.954         0.953         0.952         0.951         0.954
 TECH_C         0.958         0.957         0.956         0.954         0.956


           Covariance Coverage
              RES2          RES3          MON1          MON2          MON3
              ________      ________      ________      ________      ________
 RES2           0.955
 RES3           0.953         0.954
 MON1           0.953         0.953         0.953
 MON2           0.953         0.953         0.952         0.953
 MON3           0.925         0.926         0.925         0.925         0.926
 REV1           0.953         0.953         0.951         0.952         0.925
 TECH_C         0.955         0.954         0.953         0.953         0.926


           Covariance Coverage
              REV1          TECH_C
              ________      ________
 REV1           0.957
 TECH_C         0.957         1.000



UNIVARIATE SAMPLE STATISTICS


     UNIVARIATE HIGHER-ORDER MOMENT DESCRIPTIVE STATISTICS

         Variable/         Mean/     Skewness/   Minimum/ % with                Percentiles
        Sample Size      Variance    Kurtosis    Maximum  Min/Max      20%/60%    40%/80%    Median

     ENA1                  0.000       0.100      -2.646    2.25%      -0.139     -0.139     -0.139
            1335.000       1.000       0.516       2.368    4.79%      -0.139      1.115
     ENA2                  0.000       0.145      -3.576    0.15%      -0.735     -0.735     -0.735
            1334.000       1.000      -0.114       2.106    7.50%       0.686      0.686
     ENA3                  0.000       0.046      -2.947    0.83%      -0.451     -0.451     -0.451
            1332.000       1.000      -0.022       2.045    7.58%       0.797      0.797
     ENA4                  0.000      -0.016      -2.741    1.13%      -0.509     -0.509     -0.509
            1330.000       1.000      -0.349       1.723   13.23%       0.607      0.607
     RES1                  0.000      -0.180      -2.366    3.08%      -0.390     -0.390     -0.390
            1332.000       1.000      -0.504       1.586   14.64%       0.598      0.598
     RES2                  0.000       0.134      -2.179    3.98%      -1.157     -0.134     -0.134
            1331.000       1.000      -0.257       1.910   10.22%      -0.134      0.888
     RES3                  0.000      -0.158      -2.188    4.44%      -1.271     -0.355     -0.355
            1330.000       1.000      -0.653       1.478   18.57%       0.562      0.562
     MON1                  0.000       0.057      -1.789   11.30%      -0.767      0.255      0.255
            1328.000       1.000      -0.206       2.298    4.14%       0.255      0.255
     MON2                  0.000       1.159      -0.806   52.45%      -0.806     -0.806     -0.806
            1329.000       1.000       1.062       3.858    0.98%       0.360      0.360
     MON3                  0.000       0.548      -1.098   34.86%      -1.098     -0.102     -0.102
            1291.000       1.000      -0.359       2.887    1.78%      -0.102      0.894
     REV1                  0.000       0.896      -1.137   32.16%      -1.137      0.162      0.162
            1334.000       1.000       1.426       5.355    0.07%       0.162      0.162
     TECH_C                0.000      -1.272      -1.821   23.17%      -1.821      0.549      0.549
            1394.000       1.000      -0.383       0.549   76.83%       0.549      0.549

     THE STANDARD ERRORS OF THE MODEL PARAMETER ESTIMATES MAY NOT BE
     TRUSTWORTHY FOR SOME PARAMETERS DUE TO A NON-POSITIVE DEFINITE
     FIRST-ORDER DERIVATIVE PRODUCT MATRIX.  THIS MAY BE DUE TO THE STARTING
     VALUES BUT MAY ALSO BE AN INDICATION OF MODEL NONIDENTIFICATION.  THE
     CONDITION NUMBER IS       0.120D-14.  PROBLEM INVOLVING THE FOLLOWING PARAMETER:
     Parameter 63, [ C#3 ]


THE MODEL ESTIMATION TERMINATED NORMALLY



MODEL FIT INFORMATION

Number of Free Parameters                       63

Loglikelihood

          H0 Value                      -20992.803
          H0 Scaling Correction Factor      1.2091
            for MLR

Information Criteria

          Akaike (AIC)                   42111.607
          Bayesian (BIC)                 42441.722
          Sample-Size Adjusted BIC       42241.595
            (n* = (n + 2) / 24)



FINAL CLASS COUNTS AND PROPORTIONS FOR THE LATENT CLASSES
BASED ON THE ESTIMATED MODEL

    Latent
   Classes

       1        389.26544          0.27924
       2        394.37895          0.28291
       3        394.06171          0.28268
       4        216.29391          0.15516


FINAL CLASS COUNTS AND PROPORTIONS FOR THE LATENT CLASSES
BASED ON ESTIMATED POSTERIOR PROBABILITIES

    Latent
   Classes

       1        389.26544          0.27924
       2        394.37895          0.28291
       3        394.06171          0.28268
       4        216.29391          0.15516


FINAL CLASS COUNTS AND PROPORTIONS FOR THE LATENT CLASSES
BASED ON THEIR MOST LIKELY LATENT CLASS MEMBERSHIP

Class Counts and Proportions

    Latent
   Classes

       1              376          0.26973
       2              391          0.28049
       3              424          0.30416
       4              203          0.14562


CLASSIFICATION QUALITY

     Entropy                         0.752


Average Latent Class Probabilities for Most Likely Latent Class Membership (Row)
by Latent Class (Column)

           1        2        3        4

    1   0.917    0.024    0.059    0.000
    2   0.023    0.865    0.074    0.038
    3   0.083    0.092    0.780    0.045
    4   0.000    0.041    0.060    0.899


Classification Probabilities for the Most Likely Latent Class Membership (Column)
by Latent Class (Row)

           1        2        3        4

    1   0.886    0.023    0.091    0.000
    2   0.023    0.858    0.099    0.021
    3   0.056    0.073    0.840    0.031
    4   0.000    0.068    0.087    0.844


Logits for the Classification Probabilities for the Most Likely Latent Class Membership (Column)
by Latent Class (Row)

              1        2        3        4

    1      9.932    6.292    7.655    0.000
    2      0.089    3.716    1.552    0.000
    3      0.601    0.864    3.304    0.000
    4    -13.646   -2.512   -2.269    0.000


MODEL RESULTS

                                                    Two-Tailed
                    Estimate       S.E.  Est./S.E.    P-Value

Latent Class 1

 Means
    ENA1              -0.624      0.060    -10.365      0.000
    ENA2              -0.664      0.054    -12.181      0.000
    ENA3              -0.280      0.060     -4.639      0.000
    ENA4              -0.558      0.058     -9.566      0.000
    RES1              -0.944      0.062    -15.341      0.000
    RES2              -0.808      0.055    -14.809      0.000
    RES3              -0.889      0.058    -15.266      0.000
    MON1              -0.857      0.067    -12.748      0.000
    MON2              -0.607      0.029    -21.203      0.000
    MON3              -0.705      0.054    -12.964      0.000
    REV1              -0.080      0.055     -1.462      0.144
    TECH_C             0.084      0.055      1.540      0.124

 Variances
    ENA1               0.663      0.036     18.291      0.000
    ENA2               0.671      0.030     22.397      0.000
    ENA3               0.887      0.037     24.014      0.000
    ENA4               0.784      0.033     23.825      0.000
    RES1               0.421      0.028     15.003      0.000
    RES2               0.648      0.026     24.763      0.000
    RES3               0.458      0.023     20.304      0.000
    MON1               0.571      0.025     22.736      0.000
    MON2               0.701      0.040     17.657      0.000
    MON3               0.598      0.044     13.487      0.000
    REV1               0.989      0.050     19.842      0.000
    TECH_C             0.980      0.034     28.595      0.000

Latent Class 2

 Means
    ENA1              -0.143      0.072     -1.981      0.048
    ENA2              -0.114      0.075     -1.522      0.128
    ENA3              -0.249      0.058     -4.262      0.000
    ENA4              -0.112      0.071     -1.568      0.117
    RES1               0.745      0.057     13.178      0.000
    RES2               0.355      0.076      4.666      0.000
    RES3               0.826      0.056     14.811      0.000
    MON1              -0.082      0.071     -1.146      0.252
    MON2              -0.193      0.069     -2.781      0.005
    MON3              -0.317      0.080     -3.969      0.000
    REV1              -0.101      0.056     -1.791      0.073
    TECH_C             0.160      0.052      3.059      0.002

 Variances
    ENA1               0.663      0.036     18.291      0.000
    ENA2               0.671      0.030     22.397      0.000
    ENA3               0.887      0.037     24.014      0.000
    ENA4               0.784      0.033     23.825      0.000
    RES1               0.421      0.028     15.003      0.000
    RES2               0.648      0.026     24.763      0.000
    RES3               0.458      0.023     20.304      0.000
    MON1               0.571      0.025     22.736      0.000
    MON2               0.701      0.040     17.657      0.000
    MON3               0.598      0.044     13.487      0.000
    REV1               0.989      0.050     19.842      0.000
    TECH_C             0.980      0.034     28.595      0.000

Latent Class 3

 Means
    ENA1               0.122      0.066      1.846      0.065
    ENA2               0.169      0.076      2.234      0.025
    ENA3               0.183      0.062      2.957      0.003
    ENA4               0.202      0.068      2.978      0.003
    RES1              -0.334      0.070     -4.732      0.000
    RES2              -0.054      0.070     -0.769      0.442
    RES3              -0.363      0.074     -4.891      0.000
    MON1               0.343      0.063      5.475      0.000
    MON2               0.231      0.093      2.486      0.013
    MON3               0.475      0.083      5.706      0.000
    REV1               0.133      0.065      2.047      0.041
    TECH_C            -0.161      0.077     -2.102      0.036

 Variances
    ENA1               0.663      0.036     18.291      0.000
    ENA2               0.671      0.030     22.397      0.000
    ENA3               0.887      0.037     24.014      0.000
    ENA4               0.784      0.033     23.825      0.000
    RES1               0.421      0.028     15.003      0.000
    RES2               0.648      0.026     24.763      0.000
    RES3               0.458      0.023     20.304      0.000
    MON1               0.571      0.025     22.736      0.000
    MON2               0.701      0.040     17.657      0.000
    MON3               0.598      0.044     13.487      0.000
    REV1               0.989      0.050     19.842      0.000
    TECH_C             0.980      0.034     28.595      0.000

Latent Class 4

 Means
    ENA1               1.191      0.095     12.487      0.000
    ENA2               1.124      0.094     11.974      0.000
    ENA3               0.648      0.106      6.090      0.000
    ENA4               0.860      0.081     10.575      0.000
    RES1               0.949      0.087     10.887      0.000
    RES2               0.923      0.078     11.894      0.000
    RES3               0.755      0.084      9.014      0.000
    MON1               1.106      0.095     11.593      0.000
    MON2               1.055      0.141      7.491      0.000
    MON3               1.071      0.134      8.008      0.000
    REV1               0.091      0.085      1.071      0.284
    TECH_C            -0.149      0.100     -1.486      0.137

 Variances
    ENA1               0.663      0.036     18.291      0.000
    ENA2               0.671      0.030     22.397      0.000
    ENA3               0.887      0.037     24.014      0.000
    ENA4               0.784      0.033     23.825      0.000
    RES1               0.421      0.028     15.003      0.000
    RES2               0.648      0.026     24.763      0.000
    RES3               0.458      0.023     20.304      0.000
    MON1               0.571      0.025     22.736      0.000
    MON2               0.701      0.040     17.657      0.000
    MON3               0.598      0.044     13.487      0.000
    REV1               0.989      0.050     19.842      0.000
    TECH_C             0.980      0.034     28.595      0.000

Categorical Latent Variables

 Means
    C#1                0.588      0.193      3.042      0.002
    C#2                0.601      0.171      3.507      0.000
    C#3                0.600      0.158      3.792      0.000


QUALITY OF NUMERICAL RESULTS

     Condition Number for the Information Matrix              0.120E-14
       (ratio of smallest to largest eigenvalue)


TECHNICAL 1 OUTPUT


     PARAMETER SPECIFICATION FOR LATENT CLASS 1


           NU
              ENA1          ENA2          ENA3          ENA4          RES1
              ________      ________      ________      ________      ________
                    1             2             3             4             5


           NU
              RES2          RES3          MON1          MON2          MON3
              ________      ________      ________      ________      ________
                    6             7             8             9            10


           NU
              REV1          TECH_C
              ________      ________
                   11            12


           THETA
              ENA1          ENA2          ENA3          ENA4          RES1
              ________      ________      ________      ________      ________
 ENA1              13
 ENA2               0            14
 ENA3               0             0            15
 ENA4               0             0             0            16
 RES1               0             0             0             0            17
 RES2               0             0             0             0             0
 RES3               0             0             0             0             0
 MON1               0             0             0             0             0
 MON2               0             0             0             0             0
 MON3               0             0             0             0             0
 REV1               0             0             0             0             0
 TECH_C             0             0             0             0             0


           THETA
              RES2          RES3          MON1          MON2          MON3
              ________      ________      ________      ________      ________
 RES2              18
 RES3               0            19
 MON1               0             0            20
 MON2               0             0             0            21
 MON3               0             0             0             0            22
 REV1               0             0             0             0             0
 TECH_C             0             0             0             0             0


           THETA
              REV1          TECH_C
              ________      ________
 REV1              23
 TECH_C             0            24


     PARAMETER SPECIFICATION FOR LATENT CLASS 2


           NU
              ENA1          ENA2          ENA3          ENA4          RES1
              ________      ________      ________      ________      ________
                   25            26            27            28            29


           NU
              RES2          RES3          MON1          MON2          MON3
              ________      ________      ________      ________      ________
                   30            31            32            33            34


           NU
              REV1          TECH_C
              ________      ________
                   35            36


           THETA
              ENA1          ENA2          ENA3          ENA4          RES1
              ________      ________      ________      ________      ________
 ENA1              13
 ENA2               0            14
 ENA3               0             0            15
 ENA4               0             0             0            16
 RES1               0             0             0             0            17
 RES2               0             0             0             0             0
 RES3               0             0             0             0             0
 MON1               0             0             0             0             0
 MON2               0             0             0             0             0
 MON3               0             0             0             0             0
 REV1               0             0             0             0             0
 TECH_C             0             0             0             0             0


           THETA
              RES2          RES3          MON1          MON2          MON3
              ________      ________      ________      ________      ________
 RES2              18
 RES3               0            19
 MON1               0             0            20
 MON2               0             0             0            21
 MON3               0             0             0             0            22
 REV1               0             0             0             0             0
 TECH_C             0             0             0             0             0


           THETA
              REV1          TECH_C
              ________      ________
 REV1              23
 TECH_C             0            24


     PARAMETER SPECIFICATION FOR LATENT CLASS 3


           NU
              ENA1          ENA2          ENA3          ENA4          RES1
              ________      ________      ________      ________      ________
                   37            38            39            40            41


           NU
              RES2          RES3          MON1          MON2          MON3
              ________      ________      ________      ________      ________
                   42            43            44            45            46


           NU
              REV1          TECH_C
              ________      ________
                   47            48


           THETA
              ENA1          ENA2          ENA3          ENA4          RES1
              ________      ________      ________      ________      ________
 ENA1              13
 ENA2               0            14
 ENA3               0             0            15
 ENA4               0             0             0            16
 RES1               0             0             0             0            17
 RES2               0             0             0             0             0
 RES3               0             0             0             0             0
 MON1               0             0             0             0             0
 MON2               0             0             0             0             0
 MON3               0             0             0             0             0
 REV1               0             0             0             0             0
 TECH_C             0             0             0             0             0


           THETA
              RES2          RES3          MON1          MON2          MON3
              ________      ________      ________      ________      ________
 RES2              18
 RES3               0            19
 MON1               0             0            20
 MON2               0             0             0            21
 MON3               0             0             0             0            22
 REV1               0             0             0             0             0
 TECH_C             0             0             0             0             0


           THETA
              REV1          TECH_C
              ________      ________
 REV1              23
 TECH_C             0            24


     PARAMETER SPECIFICATION FOR LATENT CLASS 4


           NU
              ENA1          ENA2          ENA3          ENA4          RES1
              ________      ________      ________      ________      ________
                   49            50            51            52            53


           NU
              RES2          RES3          MON1          MON2          MON3
              ________      ________      ________      ________      ________
                   54            55            56            57            58


           NU
              REV1          TECH_C
              ________      ________
                   59            60


           THETA
              ENA1          ENA2          ENA3          ENA4          RES1
              ________      ________      ________      ________      ________
 ENA1              13
 ENA2               0            14
 ENA3               0             0            15
 ENA4               0             0             0            16
 RES1               0             0             0             0            17
 RES2               0             0             0             0             0
 RES3               0             0             0             0             0
 MON1               0             0             0             0             0
 MON2               0             0             0             0             0
 MON3               0             0             0             0             0
 REV1               0             0             0             0             0
 TECH_C             0             0             0             0             0


           THETA
              RES2          RES3          MON1          MON2          MON3
              ________      ________      ________      ________      ________
 RES2              18
 RES3               0            19
 MON1               0             0            20
 MON2               0             0             0            21
 MON3               0             0             0             0            22
 REV1               0             0             0             0             0
 TECH_C             0             0             0             0             0


           THETA
              REV1          TECH_C
              ________      ________
 REV1              23
 TECH_C             0            24


     PARAMETER SPECIFICATION FOR LATENT CLASS REGRESSION MODEL PART


           ALPHA(C)
              C#1           C#2           C#3           C#4
              ________      ________      ________      ________
                   61            62            63             0


     STARTING VALUES FOR LATENT CLASS 1


           NU
              ENA1          ENA2          ENA3          ENA4          RES1
              ________      ________      ________      ________      ________
               -1.000        -1.000        -1.000        -1.000        -1.000


           NU
              RES2          RES3          MON1          MON2          MON3
              ________      ________      ________      ________      ________
               -1.000        -1.000        -1.000        -1.000        -1.000


           NU
              REV1          TECH_C
              ________      ________
               -1.000        -1.000


           THETA
              ENA1          ENA2          ENA3          ENA4          RES1
              ________      ________      ________      ________      ________
 ENA1           0.500
 ENA2           0.000         0.500
 ENA3           0.000         0.000         0.500
 ENA4           0.000         0.000         0.000         0.500
 RES1           0.000         0.000         0.000         0.000         0.500
 RES2           0.000         0.000         0.000         0.000         0.000
 RES3           0.000         0.000         0.000         0.000         0.000
 MON1           0.000         0.000         0.000         0.000         0.000
 MON2           0.000         0.000         0.000         0.000         0.000
 MON3           0.000         0.000         0.000         0.000         0.000
 REV1           0.000         0.000         0.000         0.000         0.000
 TECH_C         0.000         0.000         0.000         0.000         0.000


           THETA
              RES2          RES3          MON1          MON2          MON3
              ________      ________      ________      ________      ________
 RES2           0.500
 RES3           0.000         0.500
 MON1           0.000         0.000         0.500
 MON2           0.000         0.000         0.000         0.500
 MON3           0.000         0.000         0.000         0.000         0.500
 REV1           0.000         0.000         0.000         0.000         0.000
 TECH_C         0.000         0.000         0.000         0.000         0.000


           THETA
              REV1          TECH_C
              ________      ________
 REV1           0.500
 TECH_C         0.000         0.500


     STARTING VALUES FOR LATENT CLASS 2


           NU
              ENA1          ENA2          ENA3          ENA4          RES1
              ________      ________      ________      ________      ________
                0.000         0.000         0.000         0.000         0.000


           NU
              RES2          RES3          MON1          MON2          MON3
              ________      ________      ________      ________      ________
                0.000         0.000         0.000         0.000         0.000


           NU
              REV1          TECH_C
              ________      ________
                0.000         0.000


           THETA
              ENA1          ENA2          ENA3          ENA4          RES1
              ________      ________      ________      ________      ________
 ENA1           0.500
 ENA2           0.000         0.500
 ENA3           0.000         0.000         0.500
 ENA4           0.000         0.000         0.000         0.500
 RES1           0.000         0.000         0.000         0.000         0.500
 RES2           0.000         0.000         0.000         0.000         0.000
 RES3           0.000         0.000         0.000         0.000         0.000
 MON1           0.000         0.000         0.000         0.000         0.000
 MON2           0.000         0.000         0.000         0.000         0.000
 MON3           0.000         0.000         0.000         0.000         0.000
 REV1           0.000         0.000         0.000         0.000         0.000
 TECH_C         0.000         0.000         0.000         0.000         0.000


           THETA
              RES2          RES3          MON1          MON2          MON3
              ________      ________      ________      ________      ________
 RES2           0.500
 RES3           0.000         0.500
 MON1           0.000         0.000         0.500
 MON2           0.000         0.000         0.000         0.500
 MON3           0.000         0.000         0.000         0.000         0.500
 REV1           0.000         0.000         0.000         0.000         0.000
 TECH_C         0.000         0.000         0.000         0.000         0.000


           THETA
              REV1          TECH_C
              ________      ________
 REV1           0.500
 TECH_C         0.000         0.500


     STARTING VALUES FOR LATENT CLASS 3


           NU
              ENA1          ENA2          ENA3          ENA4          RES1
              ________      ________      ________      ________      ________
                0.000         0.000         0.000         0.000         0.000


           NU
              RES2          RES3          MON1          MON2          MON3
              ________      ________      ________      ________      ________
                0.000         0.000         0.000         0.000         0.000


           NU
              REV1          TECH_C
              ________      ________
                0.000         0.000


           THETA
              ENA1          ENA2          ENA3          ENA4          RES1
              ________      ________      ________      ________      ________
 ENA1           0.500
 ENA2           0.000         0.500
 ENA3           0.000         0.000         0.500
 ENA4           0.000         0.000         0.000         0.500
 RES1           0.000         0.000         0.000         0.000         0.500
 RES2           0.000         0.000         0.000         0.000         0.000
 RES3           0.000         0.000         0.000         0.000         0.000
 MON1           0.000         0.000         0.000         0.000         0.000
 MON2           0.000         0.000         0.000         0.000         0.000
 MON3           0.000         0.000         0.000         0.000         0.000
 REV1           0.000         0.000         0.000         0.000         0.000
 TECH_C         0.000         0.000         0.000         0.000         0.000


           THETA
              RES2          RES3          MON1          MON2          MON3
              ________      ________      ________      ________      ________
 RES2           0.500
 RES3           0.000         0.500
 MON1           0.000         0.000         0.500
 MON2           0.000         0.000         0.000         0.500
 MON3           0.000         0.000         0.000         0.000         0.500
 REV1           0.000         0.000         0.000         0.000         0.000
 TECH_C         0.000         0.000         0.000         0.000         0.000


           THETA
              REV1          TECH_C
              ________      ________
 REV1           0.500
 TECH_C         0.000         0.500


     STARTING VALUES FOR LATENT CLASS 4


           NU
              ENA1          ENA2          ENA3          ENA4          RES1
              ________      ________      ________      ________      ________
                1.000         1.000         1.000         1.000         1.000


           NU
              RES2          RES3          MON1          MON2          MON3
              ________      ________      ________      ________      ________
                1.000         1.000         1.000         1.000         1.000


           NU
              REV1          TECH_C
              ________      ________
                1.000         1.000


           THETA
              ENA1          ENA2          ENA3          ENA4          RES1
              ________      ________      ________      ________      ________
 ENA1           0.500
 ENA2           0.000         0.500
 ENA3           0.000         0.000         0.500
 ENA4           0.000         0.000         0.000         0.500
 RES1           0.000         0.000         0.000         0.000         0.500
 RES2           0.000         0.000         0.000         0.000         0.000
 RES3           0.000         0.000         0.000         0.000         0.000
 MON1           0.000         0.000         0.000         0.000         0.000
 MON2           0.000         0.000         0.000         0.000         0.000
 MON3           0.000         0.000         0.000         0.000         0.000
 REV1           0.000         0.000         0.000         0.000         0.000
 TECH_C         0.000         0.000         0.000         0.000         0.000


           THETA
              RES2          RES3          MON1          MON2          MON3
              ________      ________      ________      ________      ________
 RES2           0.500
 RES3           0.000         0.500
 MON1           0.000         0.000         0.500
 MON2           0.000         0.000         0.000         0.500
 MON3           0.000         0.000         0.000         0.000         0.500
 REV1           0.000         0.000         0.000         0.000         0.000
 TECH_C         0.000         0.000         0.000         0.000         0.000


           THETA
              REV1          TECH_C
              ________      ________
 REV1           0.500
 TECH_C         0.000         0.500


     STARTING VALUES FOR LATENT CLASS REGRESSION MODEL PART


           ALPHA(C)
              C#1           C#2           C#3           C#4
              ________      ________      ________      ________
                0.000         0.000         0.000         0.000


PLOT INFORMATION

The following plots are available:

  Histograms (sample values)
  Scatterplots (sample values)
  Sample means
  Estimated means, medians, modes, and percentiles
  Sample and estimated means
  Observed individual values
  Estimated means and observed individual values
  Estimated overall and class-specific distributions

DIAGRAM INFORMATION

  Mplus diagrams are currently not available for Mixture analysis.
  No diagram output was produced.


     Beginning Time:  09:52:39
        Ending Time:  09:52:40
       Elapsed Time:  00:00:01



MUTHEN & MUTHEN
3463 Stoner Ave.
Los Angeles, CA  90066

Tel: (310) 391-9971
Fax: (310) 391-8971
Web: www.StatModel.com
Support: Support@StatModel.com

Copyright (c) 1998-2020 Muthen & Muthen
