Mplus VERSION 8.5
MUTHEN & MUTHEN
02/04/2021   1:29 PM

INPUT INSTRUCTIONS

  TITLE: Katin toka LPA
  DATA: FILE = "parent_mplus2.dat";
  VARIABLE:
  NAMES = ena1 ena2 ena3 ena4 ena5 res1 res2 res3 mon1 mon2 mon3 tech1 tech2 rev1
       skill1 skill2 skill3 skill4 skill5 skill6 skill7 skill8 skill9 skill10 skill11
       esm1 esm2 esm3 egm1 egm2 egm3 role ori1 ori2 lang1 lang2 lang3 lang4 lang5
       lang6 lang7 lang8 Edu Curac_1 Curac_2 Curac_3 Curac_4 Curac_5 Curac_6 Curac_7
       Curac_8 jobrole Fam_1 Fam_2 Fam_3 Fam_4 Fam_5 Fam_6 Fam_7 Fam_8 parent1 parent2
       parent3 parent4 parent5 q6 q8 Finsitu diffic tech_c;
  MISSING=.;

  USEVARIABLES = ena1 ena2 ena3 ena4 res1 res2 res3 mon1 mon2 mon3 rev1 tech_c;

  CLASSES = c(5);

  DEFINE:
  STANDARDIZE ena1 ena2 ena3 ena4 res1
  res2 res3 mon1 mon2 mon3 rev1 tech_c;

  ANALYSIS:
      TYPE = MIXTURE;
      ESTIMATOR IS MLR;
      !STARTS = 100 25;
      OPTSEED = 824126;
      PROCESSORS = 4;

  MODEL:

  OUTPUT:

  PLOT:
  TYPE = PLOT3;
  SERIES =
  ena1 (1) ena2 (2) ena3 (3)
  ena4 (4) res1 (5) res2 (6)
  res3 (7) mon1 (8) mon2 (9) mon3 (10)
  rev1 (11) tech_c (12);



*** WARNING in MODEL command
  All variables are uncorrelated with all other variables within class.
  Check that this is what is intended.
   1 WARNING(S) FOUND IN THE INPUT INSTRUCTIONS



Katin toka LPA

SUMMARY OF ANALYSIS

Number of groups                                                 1
Number of observations                                        1308

Number of dependent variables                                   12
Number of independent variables                                  0
Number of continuous latent variables                            0
Number of categorical latent variables                           1

Observed dependent variables

  Continuous
   ENA1        ENA2        ENA3        ENA4        RES1        RES2
   RES3        MON1        MON2        MON3        REV1        TECH_C

Categorical latent variables
   C


Estimator                                                      MLR
Information matrix                                        OBSERVED
Optimization Specifications for the Quasi-Newton Algorithm for
Continuous Outcomes
  Maximum number of iterations                                 100
  Convergence criterion                                  0.100D-05
Optimization Specifications for the EM Algorithm
  Maximum number of iterations                                 500
  Convergence criteria
    Loglikelihood change                                 0.100D-06
    Relative loglikelihood change                        0.100D-06
    Derivative                                           0.100D-05
Optimization Specifications for the M step of the EM Algorithm for
Categorical Latent variables
  Number of M step iterations                                    1
  M step convergence criterion                           0.100D-05
  Basis for M step termination                           ITERATION
Optimization Specifications for the M step of the EM Algorithm for
Censored, Binary or Ordered Categorical (Ordinal), Unordered
Categorical (Nominal) and Count Outcomes
  Number of M step iterations                                    1
  M step convergence criterion                           0.100D-05
  Basis for M step termination                           ITERATION
  Maximum value for logit thresholds                            15
  Minimum value for logit thresholds                           -15
  Minimum expected cell size for chi-square              0.100D-01
Maximum number of iterations for H1                           2000
Convergence criterion for H1                             0.100D-03
Optimization algorithm                                         EMA
Random Starts Specifications
  Random seed for analysis                                  824126

Input data file(s)
  parent_mplus2.dat
Input data format  FREE


SUMMARY OF DATA

     Number of missing data patterns             2
     Number of y missing data patterns           2
     Number of u missing data patterns           0


COVARIANCE COVERAGE OF DATA

Minimum covariance coverage value   0.100


     PROPORTION OF DATA PRESENT FOR Y


           Covariance Coverage
              ENA1          ENA2          ENA3          ENA4          RES1
              ________      ________      ________      ________      ________
 ENA1           1.000
 ENA2           1.000         1.000
 ENA3           1.000         1.000         1.000
 ENA4           1.000         1.000         1.000         1.000
 RES1           1.000         1.000         1.000         1.000         1.000
 RES2           1.000         1.000         1.000         1.000         1.000
 RES3           1.000         1.000         1.000         1.000         1.000
 MON1           1.000         1.000         1.000         1.000         1.000
 MON2           1.000         1.000         1.000         1.000         1.000
 MON3           0.973         0.973         0.973         0.973         0.973
 REV1           1.000         1.000         1.000         1.000         1.000
 TECH_C         1.000         1.000         1.000         1.000         1.000


           Covariance Coverage
              RES2          RES3          MON1          MON2          MON3
              ________      ________      ________      ________      ________
 RES2           1.000
 RES3           1.000         1.000
 MON1           1.000         1.000         1.000
 MON2           1.000         1.000         1.000         1.000
 MON3           0.973         0.973         0.973         0.973         0.973
 REV1           1.000         1.000         1.000         1.000         0.973
 TECH_C         1.000         1.000         1.000         1.000         0.973


           Covariance Coverage
              REV1          TECH_C
              ________      ________
 REV1           1.000
 TECH_C         1.000         1.000



UNIVARIATE SAMPLE STATISTICS


     UNIVARIATE HIGHER-ORDER MOMENT DESCRIPTIVE STATISTICS

         Variable/         Mean/     Skewness/   Minimum/ % with                Percentiles
        Sample Size      Variance    Kurtosis    Maximum  Min/Max      20%/60%    40%/80%    Median

     ENA1                  0.000       0.108      -2.645    2.22%      -0.138     -0.138     -0.138
            1308.000       1.000       0.513       2.369    4.82%      -0.138      1.116
     ENA2                  0.000       0.149      -3.572    0.15%      -0.732     -0.732     -0.732
            1308.000       1.000      -0.110       2.108    7.49%       0.688      0.688
     ENA3                  0.000       0.042      -2.938    0.84%      -0.452     -0.452     -0.452
            1308.000       1.000      -0.033       2.033    7.72%       0.791      0.791
     ENA4                  0.000      -0.013      -2.741    1.15%      -0.506     -0.506     -0.506
            1308.000       1.000      -0.338       1.728   13.15%       0.611      0.611
     RES1                  0.000      -0.183      -2.365    3.13%      -0.392     -0.392     -0.392
            1308.000       1.000      -0.497       1.582   14.76%       0.595      0.595
     RES2                  0.000       0.124      -2.178    4.05%      -1.159     -0.139     -0.139
            1308.000       1.000      -0.260       1.901   10.32%      -0.139      0.881
     RES3                  0.000      -0.165      -2.185    4.51%      -1.271     -0.356     -0.356
            1308.000       1.000      -0.654       1.472   18.73%       0.558      0.558
     MON1                  0.000       0.050      -1.795   11.24%      -0.772      0.251      0.251
            1308.000       1.000      -0.202       2.297    4.13%       0.251      0.251
     MON2                  0.000       1.139      -0.810   52.29%      -0.810     -0.810     -0.810
            1308.000       1.000       0.997       3.880    0.92%       0.362      0.362
     MON3                  0.000       0.537      -1.106   34.49%      -1.106     -0.111     -0.111
            1273.000       1.000      -0.371       2.874    1.81%      -0.111      0.884
     REV1                  0.000       0.875      -1.136   32.42%      -1.136      0.168      0.168
            1308.000       1.000       1.343       5.385    0.08%       0.168      0.168
     TECH_C                0.000       0.938      -0.720   62.00%      -0.720     -0.720     -0.720
            1308.000       1.000      -0.729       1.838   18.27%      -0.720      0.559


THE MODEL ESTIMATION TERMINATED NORMALLY



MODEL FIT INFORMATION

Number of Free Parameters                       76

Loglikelihood

          H0 Value                      -20233.745
          H0 Scaling Correction Factor      1.3768
            for MLR

Information Criteria

          Akaike (AIC)                   40619.489
          Bayesian (BIC)                 41012.884
          Sample-Size Adjusted BIC       40771.469
            (n* = (n + 2) / 24)



FINAL CLASS COUNTS AND PROPORTIONS FOR THE LATENT CLASSES
BASED ON THE ESTIMATED MODEL

    Latent
   Classes

       1        397.83791          0.30416
       2        357.03329          0.27296
       3        233.41238          0.17845
       4        242.24573          0.18520
       5         77.47069          0.05923


FINAL CLASS COUNTS AND PROPORTIONS FOR THE LATENT CLASSES
BASED ON ESTIMATED POSTERIOR PROBABILITIES

    Latent
   Classes

       1        397.83791          0.30416
       2        357.03329          0.27296
       3        233.41238          0.17845
       4        242.24573          0.18520
       5         77.47069          0.05923


FINAL CLASS COUNTS AND PROPORTIONS FOR THE LATENT CLASSES
BASED ON THEIR MOST LIKELY LATENT CLASS MEMBERSHIP

Class Counts and Proportions

    Latent
   Classes

       1              410          0.31346
       2              355          0.27141
       3              224          0.17125
       4              243          0.18578
       5               76          0.05810


CLASSIFICATION QUALITY

     Entropy                         0.821


Average Latent Class Probabilities for Most Likely Latent Class Membership (Row)
by Latent Class (Column)

           1        2        3        4        5

    1   0.908    0.040    0.049    0.003    0.000
    2   0.037    0.877    0.056    0.023    0.008
    3   0.050    0.088    0.825    0.037    0.000
    4   0.005    0.029    0.035    0.908    0.023
    5   0.000    0.034    0.001    0.055    0.911


Classification Probabilities for the Most Likely Latent Class Membership (Column)
by Latent Class (Row)

           1        2        3        4        5

    1   0.936    0.033    0.028    0.003    0.000
    2   0.046    0.872    0.055    0.020    0.007
    3   0.086    0.085    0.792    0.037    0.000
    4   0.005    0.034    0.034    0.911    0.017
    5   0.000    0.034    0.000    0.072    0.893


Logits for the Classification Probabilities for the Most Likely Latent Class Membership (Column)
by Latent Class (Row)

              1        2        3        4        5

    1     13.749   10.398   10.252    7.930    0.000
    2      1.852    4.797    2.034    1.014    0.000
    3      5.813    5.797    8.033    4.965    0.000
    4     -1.310    0.670    0.674    3.968    0.000
    5    -13.703   -3.255  -10.869   -2.514    0.000


MODEL RESULTS

                                                    Two-Tailed
                    Estimate       S.E.  Est./S.E.    P-Value

Latent Class 1

 Means
    ENA1              -0.561      0.054    -10.379      0.000
    ENA2              -0.614      0.052    -11.719      0.000
    ENA3              -0.239      0.056     -4.288      0.000
    ENA4              -0.487      0.056     -8.645      0.000
    RES1              -0.955      0.066    -14.385      0.000
    RES2              -0.783      0.055    -14.216      0.000
    RES3              -0.914      0.067    -13.640      0.000
    MON1              -0.744      0.063    -11.716      0.000
    MON2              -0.556      0.035    -15.869      0.000
    MON3              -0.602      0.062     -9.749      0.000
    REV1              -0.071      0.053     -1.346      0.178
    TECH_C            -0.548      0.043    -12.684      0.000

 Variances
    ENA1               0.737      0.039     19.079      0.000
    ENA2               0.713      0.032     22.449      0.000
    ENA3               0.897      0.038     23.425      0.000
    ENA4               0.822      0.033     24.799      0.000
    RES1               0.494      0.032     15.238      0.000
    RES2               0.666      0.028     23.903      0.000
    RES3               0.513      0.030     17.328      0.000
    MON1               0.608      0.029     20.908      0.000
    MON2               0.659      0.033     19.746      0.000
    MON3               0.530      0.037     14.148      0.000
    REV1               0.984      0.049     20.104      0.000
    TECH_C             0.303      0.039      7.721      0.000

Latent Class 2

 Means
    ENA1               0.341      0.084      4.041      0.000
    ENA2               0.397      0.091      4.380      0.000
    ENA3               0.277      0.068      4.086      0.000
    ENA4               0.302      0.067      4.507      0.000
    RES1              -0.043      0.109     -0.399      0.690
    RES2               0.125      0.086      1.450      0.147
    RES3              -0.113      0.102     -1.112      0.266
    MON1               0.466      0.058      8.037      0.000
    MON2               0.419      0.080      5.256      0.000
    MON3               0.710      0.064     11.050      0.000
    REV1               0.157      0.065      2.431      0.015
    TECH_C            -0.439      0.036    -12.020      0.000

 Variances
    ENA1               0.737      0.039     19.079      0.000
    ENA2               0.713      0.032     22.449      0.000
    ENA3               0.897      0.038     23.425      0.000
    ENA4               0.822      0.033     24.799      0.000
    RES1               0.494      0.032     15.238      0.000
    RES2               0.666      0.028     23.903      0.000
    RES3               0.513      0.030     17.328      0.000
    MON1               0.608      0.029     20.908      0.000
    MON2               0.659      0.033     19.746      0.000
    MON3               0.530      0.037     14.148      0.000
    REV1               0.984      0.049     20.104      0.000
    TECH_C             0.303      0.039      7.721      0.000

Latent Class 3

 Means
    ENA1              -0.188      0.105     -1.786      0.074
    ENA2              -0.042      0.141     -0.302      0.763
    ENA3              -0.171      0.083     -2.058      0.040
    ENA4              -0.181      0.100     -1.805      0.071
    RES1               0.578      0.141      4.095      0.000
    RES2               0.166      0.123      1.350      0.177
    RES3               0.621      0.132      4.720      0.000
    MON1              -0.265      0.112     -2.376      0.018
    MON2              -0.444      0.067     -6.612      0.000
    MON3              -0.631      0.089     -7.060      0.000
    REV1              -0.004      0.086     -0.041      0.967
    TECH_C            -0.387      0.058     -6.693      0.000

 Variances
    ENA1               0.737      0.039     19.079      0.000
    ENA2               0.713      0.032     22.449      0.000
    ENA3               0.897      0.038     23.425      0.000
    ENA4               0.822      0.033     24.799      0.000
    RES1               0.494      0.032     15.238      0.000
    RES2               0.666      0.028     23.903      0.000
    RES3               0.513      0.030     17.328      0.000
    MON1               0.608      0.029     20.908      0.000
    MON2               0.659      0.033     19.746      0.000
    MON3               0.530      0.037     14.148      0.000
    REV1               0.984      0.049     20.104      0.000
    TECH_C             0.303      0.039      7.721      0.000

Latent Class 4

 Means
    ENA1               0.134      0.139      0.963      0.336
    ENA2              -0.009      0.117     -0.080      0.936
    ENA3              -0.158      0.097     -1.635      0.102
    ENA4               0.184      0.097      1.892      0.059
    RES1               0.728      0.089      8.158      0.000
    RES2               0.579      0.110      5.256      0.000
    RES3               0.794      0.072     11.088      0.000
    MON1               0.310      0.106      2.930      0.003
    MON2               0.206      0.114      1.797      0.072
    MON3               0.057      0.111      0.508      0.611
    REV1              -0.172      0.064     -2.693      0.007
    TECH_C             1.569      0.050     31.306      0.000

 Variances
    ENA1               0.737      0.039     19.079      0.000
    ENA2               0.713      0.032     22.449      0.000
    ENA3               0.897      0.038     23.425      0.000
    ENA4               0.822      0.033     24.799      0.000
    RES1               0.494      0.032     15.238      0.000
    RES2               0.666      0.028     23.903      0.000
    RES3               0.513      0.030     17.328      0.000
    MON1               0.608      0.029     20.908      0.000
    MON2               0.659      0.033     19.746      0.000
    MON3               0.530      0.037     14.148      0.000
    REV1               0.984      0.049     20.104      0.000
    TECH_C             0.303      0.039      7.721      0.000

Latent Class 5

 Means
    ENA1               1.458      0.176      8.281      0.000
    ENA2               1.478      0.238      6.221      0.000
    ENA3               0.962      0.208      4.618      0.000
    ENA4               1.079      0.168      6.439      0.000
    RES1               1.088      0.105     10.414      0.000
    RES2               1.135      0.126      8.999      0.000
    RES3               0.862      0.109      7.892      0.000
    MON1               1.502      0.240      6.262      0.000
    MON2               1.623      0.354      4.582      0.000
    MON3               1.640      0.348      4.708      0.000
    REV1               0.192      0.209      0.917      0.359
    TECH_C             1.095      0.225      4.866      0.000

 Variances
    ENA1               0.737      0.039     19.079      0.000
    ENA2               0.713      0.032     22.449      0.000
    ENA3               0.897      0.038     23.425      0.000
    ENA4               0.822      0.033     24.799      0.000
    RES1               0.494      0.032     15.238      0.000
    RES2               0.666      0.028     23.903      0.000
    RES3               0.513      0.030     17.328      0.000
    MON1               0.608      0.029     20.908      0.000
    MON2               0.659      0.033     19.746      0.000
    MON3               0.530      0.037     14.148      0.000
    REV1               0.984      0.049     20.104      0.000
    TECH_C             0.303      0.039      7.721      0.000

Categorical Latent Variables

 Means
    C#1                1.636      0.356      4.592      0.000
    C#2                1.528      0.365      4.181      0.000
    C#3                1.103      0.373      2.959      0.003
    C#4                1.140      0.417      2.735      0.006


QUALITY OF NUMERICAL RESULTS

     Condition Number for the Information Matrix              0.306E-04
       (ratio of smallest to largest eigenvalue)


PLOT INFORMATION

The following plots are available:

  Histograms (sample values)
  Scatterplots (sample values)
  Sample means
  Estimated means, medians, modes, and percentiles
  Sample and estimated means
  Observed individual values
  Estimated means and observed individual values
  Estimated overall and class-specific distributions

DIAGRAM INFORMATION

  Mplus diagrams are currently not available for Mixture analysis.
  No diagram output was produced.


     Beginning Time:  13:29:57
        Ending Time:  13:29:57
       Elapsed Time:  00:00:00



MUTHEN & MUTHEN
3463 Stoner Ave.
Los Angeles, CA  90066

Tel: (310) 391-9971
Fax: (310) 391-8971
Web: www.StatModel.com
Support: Support@StatModel.com

Copyright (c) 1998-2020 Muthen & Muthen
