Mplus VERSION 8.5
MUTHEN & MUTHEN
02/04/2021   1:01 PM

INPUT INSTRUCTIONS

  TITLE: Katin toka LPA
  DATA: FILE = "parent_mplus2.dat";
  VARIABLE:
  NAMES = ena1 ena2 ena3 ena4 ena5 res1 res2 res3 mon1 mon2 mon3 tech1 tech2 rev1
       skill1 skill2 skill3 skill4 skill5 skill6 skill7 skill8 skill9 skill10 skill11
       esm1 esm2 esm3 egm1 egm2 egm3 role ori1 ori2 lang1 lang2 lang3 lang4 lang5
       lang6 lang7 lang8 Edu Curac_1 Curac_2 Curac_3 Curac_4 Curac_5 Curac_6 Curac_7
       Curac_8 jobrole Fam_1 Fam_2 Fam_3 Fam_4 Fam_5 Fam_6 Fam_7 Fam_8 parent1 parent2
       parent3 parent4 parent5 q6 q8 Finsitu diffic tech_c;
  MISSING=.;

  USEVARIABLES = ena1 ena2 ena3 ena4 res1 res2 res3 mon1 mon2 mon3 rev1 tech_c;

  CLASSES = c(5);

  ANALYSIS:
        TYPE = MIXTURE;
        ESTIMATOR IS MLR;
        STARTS = 300 75;
        PROCESSORS = 4;
  MODEL:

  OUTPUT:



*** WARNING in MODEL command
  All variables are uncorrelated with all other variables within class.
  Check that this is what is intended.
   1 WARNING(S) FOUND IN THE INPUT INSTRUCTIONS



Katin toka LPA

SUMMARY OF ANALYSIS

Number of groups                                                 1
Number of observations                                        1308

Number of dependent variables                                   12
Number of independent variables                                  0
Number of continuous latent variables                            0
Number of categorical latent variables                           1

Observed dependent variables

  Continuous
   ENA1        ENA2        ENA3        ENA4        RES1        RES2
   RES3        MON1        MON2        MON3        REV1        TECH_C

Categorical latent variables
   C


Estimator                                                      MLR
Information matrix                                        OBSERVED
Optimization Specifications for the Quasi-Newton Algorithm for
Continuous Outcomes
  Maximum number of iterations                                 100
  Convergence criterion                                  0.100D-05
Optimization Specifications for the EM Algorithm
  Maximum number of iterations                                 500
  Convergence criteria
    Loglikelihood change                                 0.100D-06
    Relative loglikelihood change                        0.100D-06
    Derivative                                           0.100D-05
Optimization Specifications for the M step of the EM Algorithm for
Categorical Latent variables
  Number of M step iterations                                    1
  M step convergence criterion                           0.100D-05
  Basis for M step termination                           ITERATION
Optimization Specifications for the M step of the EM Algorithm for
Censored, Binary or Ordered Categorical (Ordinal), Unordered
Categorical (Nominal) and Count Outcomes
  Number of M step iterations                                    1
  M step convergence criterion                           0.100D-05
  Basis for M step termination                           ITERATION
  Maximum value for logit thresholds                            15
  Minimum value for logit thresholds                           -15
  Minimum expected cell size for chi-square              0.100D-01
Maximum number of iterations for H1                           2000
Convergence criterion for H1                             0.100D-03
Optimization algorithm                                         EMA
Random Starts Specifications
  Number of initial stage random starts                        300
  Number of final stage optimizations                           75
  Number of initial stage iterations                            10
  Initial stage convergence criterion                    0.100D+01
  Random starts scale                                    0.500D+01
  Random seed for generating random starts                       0

Input data file(s)
  parent_mplus2.dat
Input data format  FREE


SUMMARY OF DATA

     Number of missing data patterns             2
     Number of y missing data patterns           2
     Number of u missing data patterns           0


COVARIANCE COVERAGE OF DATA

Minimum covariance coverage value   0.100


     PROPORTION OF DATA PRESENT FOR Y


           Covariance Coverage
              ENA1          ENA2          ENA3          ENA4          RES1
              ________      ________      ________      ________      ________
 ENA1           1.000
 ENA2           1.000         1.000
 ENA3           1.000         1.000         1.000
 ENA4           1.000         1.000         1.000         1.000
 RES1           1.000         1.000         1.000         1.000         1.000
 RES2           1.000         1.000         1.000         1.000         1.000
 RES3           1.000         1.000         1.000         1.000         1.000
 MON1           1.000         1.000         1.000         1.000         1.000
 MON2           1.000         1.000         1.000         1.000         1.000
 MON3           0.973         0.973         0.973         0.973         0.973
 REV1           1.000         1.000         1.000         1.000         1.000
 TECH_C         1.000         1.000         1.000         1.000         1.000


           Covariance Coverage
              RES2          RES3          MON1          MON2          MON3
              ________      ________      ________      ________      ________
 RES2           1.000
 RES3           1.000         1.000
 MON1           1.000         1.000         1.000
 MON2           1.000         1.000         1.000         1.000
 MON3           0.973         0.973         0.973         0.973         0.973
 REV1           1.000         1.000         1.000         1.000         0.973
 TECH_C         1.000         1.000         1.000         1.000         0.973


           Covariance Coverage
              REV1          TECH_C
              ________      ________
 REV1           1.000
 TECH_C         1.000         1.000



UNIVARIATE SAMPLE STATISTICS


     UNIVARIATE HIGHER-ORDER MOMENT DESCRIPTIVE STATISTICS

         Variable/         Mean/     Skewness/   Minimum/ % with                Percentiles
        Sample Size      Variance    Kurtosis    Maximum  Min/Max      20%/60%    40%/80%    Median

     ENA1                  3.110       0.108       1.000    2.22%       3.000      3.000      3.000
            1308.000       0.636       0.513       5.000    4.82%       3.000      4.000
     ENA2                  3.515       0.149       1.000    0.15%       3.000      3.000      3.000
            1308.000       0.496      -0.110       5.000    7.49%       4.000      4.000
     ENA3                  3.364       0.042       1.000    0.84%       3.000      3.000      3.000
            1308.000       0.647      -0.033       5.000    7.72%       4.000      4.000
     ENA4                  3.453      -0.013       1.000    1.15%       3.000      3.000      3.000
            1308.000       0.801      -0.338       5.000   13.15%       4.000      4.000
     RES1                  3.397      -0.183       1.000    3.13%       3.000      3.000      3.000
            1308.000       1.027      -0.497       5.000   14.76%       4.000      4.000
     RES2                  3.136       0.124       1.000    4.05%       2.000      3.000      3.000
            1308.000       0.962      -0.260       5.000   10.32%       3.000      4.000
     RES3                  3.390      -0.165       1.000    4.51%       2.000      3.000      3.000
            1308.000       1.197      -0.654       5.000   18.73%       4.000      4.000
     MON1                  2.755       0.050       1.000   11.24%       2.000      3.000      3.000
            1308.000       0.956      -0.202       5.000    4.13%       3.000      3.000
     MON2                  1.691       1.139       1.000   52.29%       1.000      1.000      1.000
            1308.000       0.727       0.997       5.000    0.92%       2.000      2.000
     MON3                  2.112       0.537       1.000   34.49%       1.000      2.000      2.000
            1273.000       1.010      -0.371       5.000    1.81%       2.000      3.000
     REV1                  1.871       0.875       1.000   32.42%       1.000      2.000      2.000
            1308.000       0.588       1.343       6.000    0.08%       2.000      2.000
     TECH_C                2.563       0.938       2.000   62.00%       2.000      2.000      2.000
            1308.000       0.612      -0.729       4.000   18.27%       2.000      3.000

RANDOM STARTS RESULTS RANKED FROM THE BEST TO THE WORST LOGLIKELIHOOD VALUES

Final stage loglikelihood values at local maxima, seeds, and initial stage start numbers:

          -18258.998  824126           287
          -18258.998  691234           250
          -18258.998  80438            246
          -18275.774  963053           43
          -18275.774  804660           260
          -18275.774  70118            104
          -18275.774  565819           65
          -18275.774  715561           125
          -18275.774  471398           74
          -18275.774  686482           215
          -18278.032  804561           59
          -18278.032  373505           88
          -18278.032  190339           102
          -18278.032  76974            16
          -18278.032  987090           70
          -18278.032  364676           27
          -18278.032  609089           241
          -18278.032  152496           123
          -18278.032  915107           54
          -18278.032  913639           162
          -18278.032  383986           159
          -18278.032  637345           19
          -18278.032  415502           194
          -18278.032  479273           156
          -18278.032  181293           212
          -18278.032  856536           144
          -18278.032  39136            226
          -18278.032  281558           184
          -18278.032  281462           285
          -18278.032  259507           53
          -18278.032  783165           170
          -18278.032  370466           41
          -18278.032  597614           284
          -18278.032  526324           178
          -18278.032  369602           146
          -18278.032  848890           95
          -18278.032  950604           172
          -18278.032  341041           34
          -18278.032  545140           278
          -18278.032  499150           216
          -18278.032  931874           141
          -18278.032  301180           236
          -18278.032  22089            143
          -18278.032  760878           249
          -18278.032  475420           71
          -18278.032  606576           151
          -18278.032  354208           196
          -18278.032  813779           92
          -18278.032  417035           149
          -18278.032  387701           275
          -18278.032  195353           225
          -18278.032  748692           204
          -18278.032  175199           247

22 perturbed starting value run(s) did not converge or were rejected in the third stage.



THE BEST LOGLIKELIHOOD VALUE HAS BEEN REPLICATED.  RERUN WITH AT LEAST TWICE THE
RANDOM STARTS TO CHECK THAT THE BEST LOGLIKELIHOOD IS STILL OBTAINED AND REPLICATED.


THE MODEL ESTIMATION TERMINATED NORMALLY



MODEL FIT INFORMATION

Number of Free Parameters                       76

Loglikelihood

          H0 Value                      -18258.998
          H0 Scaling Correction Factor      1.3768
            for MLR

Information Criteria

          Akaike (AIC)                   36669.997
          Bayesian (BIC)                 37063.392
          Sample-Size Adjusted BIC       36821.976
            (n* = (n + 2) / 24)



FINAL CLASS COUNTS AND PROPORTIONS FOR THE LATENT CLASSES
BASED ON THE ESTIMATED MODEL

    Latent
   Classes

       1        397.83784          0.30416
       2        357.03332          0.27296
       3        233.41242          0.17845
       4        242.24580          0.18520
       5         77.47062          0.05923


FINAL CLASS COUNTS AND PROPORTIONS FOR THE LATENT CLASSES
BASED ON ESTIMATED POSTERIOR PROBABILITIES

    Latent
   Classes

       1        397.83784          0.30416
       2        357.03332          0.27296
       3        233.41242          0.17845
       4        242.24580          0.18520
       5         77.47062          0.05923


FINAL CLASS COUNTS AND PROPORTIONS FOR THE LATENT CLASSES
BASED ON THEIR MOST LIKELY LATENT CLASS MEMBERSHIP

Class Counts and Proportions

    Latent
   Classes

       1              410          0.31346
       2              355          0.27141
       3              224          0.17125
       4              243          0.18578
       5               76          0.05810


CLASSIFICATION QUALITY

     Entropy                         0.821


Average Latent Class Probabilities for Most Likely Latent Class Membership (Row)
by Latent Class (Column)

           1        2        3        4        5

    1   0.908    0.040    0.049    0.003    0.000
    2   0.037    0.877    0.056    0.023    0.008
    3   0.050    0.088    0.825    0.037    0.000
    4   0.005    0.029    0.035    0.908    0.023
    5   0.000    0.034    0.001    0.055    0.911


Classification Probabilities for the Most Likely Latent Class Membership (Column)
by Latent Class (Row)

           1        2        3        4        5

    1   0.936    0.033    0.028    0.003    0.000
    2   0.046    0.872    0.055    0.020    0.007
    3   0.086    0.085    0.792    0.037    0.000
    4   0.005    0.034    0.034    0.911    0.017
    5   0.000    0.034    0.000    0.072    0.893


Logits for the Classification Probabilities for the Most Likely Latent Class Membership (Column)
by Latent Class (Row)

              1        2        3        4        5

    1     13.749   10.398   10.252    7.930    0.000
    2      1.852    4.797    2.034    1.014    0.000
    3      5.813    5.797    8.033    4.965    0.000
    4     -1.310    0.670    0.674    3.968    0.000
    5    -13.703   -3.255  -10.869   -2.514    0.000


MODEL RESULTS

                                                    Two-Tailed
                    Estimate       S.E.  Est./S.E.    P-Value

Latent Class 1

 Means
    ENA1               2.662      0.043     61.707      0.000
    ENA2               3.083      0.037     83.621      0.000
    ENA3               3.172      0.045     70.747      0.000
    ENA4               3.018      0.050     59.900      0.000
    RES1               2.429      0.067     36.095      0.000
    RES2               2.368      0.054     43.840      0.000
    RES3               2.390      0.073     32.610      0.000
    MON1               2.027      0.062     32.656      0.000
    MON2               1.217      0.030     40.688      0.000
    MON3               1.506      0.062     24.253      0.000
    REV1               1.816      0.041     44.576      0.000
    TECH_C             2.134      0.034     63.184      0.000

 Variances
    ENA1               0.469      0.025     19.079      0.000
    ENA2               0.353      0.016     22.449      0.000
    ENA3               0.581      0.025     23.425      0.000
    ENA4               0.659      0.027     24.799      0.000
    RES1               0.507      0.033     15.238      0.000
    RES2               0.640      0.027     23.903      0.000
    RES3               0.614      0.035     17.328      0.000
    MON1               0.582      0.028     20.908      0.000
    MON2               0.479      0.024     19.746      0.000
    MON3               0.535      0.038     14.148      0.000
    REV1               0.579      0.029     20.104      0.000
    TECH_C             0.185      0.024      7.721      0.000

Latent Class 2

 Means
    ENA1               3.382      0.067     50.210      0.000
    ENA2               3.795      0.064     59.454      0.000
    ENA3               3.587      0.055     65.787      0.000
    ENA4               3.723      0.060     62.181      0.000
    RES1               3.353      0.110     30.456      0.000
    RES2               3.259      0.085     38.491      0.000
    RES3               3.266      0.111     29.305      0.000
    MON1               3.210      0.057     56.601      0.000
    MON2               2.048      0.068     30.141      0.000
    MON3               2.825      0.065     43.750      0.000
    REV1               1.991      0.050     40.214      0.000
    TECH_C             2.220      0.029     77.800      0.000

 Variances
    ENA1               0.469      0.025     19.079      0.000
    ENA2               0.353      0.016     22.449      0.000
    ENA3               0.581      0.025     23.425      0.000
    ENA4               0.659      0.027     24.799      0.000
    RES1               0.507      0.033     15.238      0.000
    RES2               0.640      0.027     23.903      0.000
    RES3               0.614      0.035     17.328      0.000
    MON1               0.582      0.028     20.908      0.000
    MON2               0.479      0.024     19.746      0.000
    MON3               0.535      0.038     14.148      0.000
    REV1               0.579      0.029     20.104      0.000
    TECH_C             0.185      0.024      7.721      0.000

Latent Class 3

 Means
    ENA1               2.960      0.084     35.196      0.000
    ENA2               3.485      0.099     35.190      0.000
    ENA3               3.226      0.067     48.161      0.000
    ENA4               3.291      0.090     36.619      0.000
    RES1               3.982      0.143     27.861      0.000
    RES2               3.299      0.120     27.396      0.000
    RES3               4.070      0.144     28.264      0.000
    MON1               2.496      0.109     22.885      0.000
    MON2               1.312      0.057     22.888      0.000
    MON3               1.477      0.090     16.445      0.000
    REV1               1.868      0.066     28.347      0.000
    TECH_C             2.260      0.045     49.971      0.000

 Variances
    ENA1               0.469      0.025     19.079      0.000
    ENA2               0.353      0.016     22.449      0.000
    ENA3               0.581      0.025     23.425      0.000
    ENA4               0.659      0.027     24.799      0.000
    RES1               0.507      0.033     15.238      0.000
    RES2               0.640      0.027     23.903      0.000
    RES3               0.614      0.035     17.328      0.000
    MON1               0.582      0.028     20.908      0.000
    MON2               0.479      0.024     19.746      0.000
    MON3               0.535      0.038     14.148      0.000
    REV1               0.579      0.029     20.104      0.000
    TECH_C             0.185      0.024      7.721      0.000

Latent Class 4

 Means
    ENA1               3.217      0.111     28.965      0.000
    ENA2               3.509      0.083     42.469      0.000
    ENA3               3.237      0.078     41.566      0.000
    ENA4               3.618      0.087     41.514      0.000
    RES1               4.134      0.090     45.724      0.000
    RES2               3.704      0.108     34.291      0.000
    RES3               4.258      0.078     54.385      0.000
    MON1               3.057      0.103     29.601      0.000
    MON2               1.866      0.098     19.128      0.000
    MON3               2.168      0.112     19.405      0.000
    REV1               1.739      0.049     35.542      0.000
    TECH_C             3.790      0.039     96.698      0.000

 Variances
    ENA1               0.469      0.025     19.079      0.000
    ENA2               0.353      0.016     22.449      0.000
    ENA3               0.581      0.025     23.425      0.000
    ENA4               0.659      0.027     24.799      0.000
    RES1               0.507      0.033     15.238      0.000
    RES2               0.640      0.027     23.903      0.000
    RES3               0.614      0.035     17.328      0.000
    MON1               0.582      0.028     20.908      0.000
    MON2               0.479      0.024     19.746      0.000
    MON3               0.535      0.038     14.148      0.000
    REV1               0.579      0.029     20.104      0.000
    TECH_C             0.185      0.024      7.721      0.000

Latent Class 5

 Means
    ENA1               4.273      0.140     30.423      0.000
    ENA2               4.556      0.167     27.226      0.000
    ENA3               4.138      0.168     24.691      0.000
    ENA4               4.419      0.150     29.462      0.000
    RES1               4.500      0.106     42.487      0.000
    RES2               4.249      0.124     34.359      0.000
    RES3               4.333      0.119     36.266      0.000
    MON1               4.223      0.235     18.008      0.000
    MON2               3.075      0.302     10.180      0.000
    MON3               3.760      0.350     10.737      0.000
    REV1               2.018      0.160     12.584      0.000
    TECH_C             3.419      0.176     19.428      0.000

 Variances
    ENA1               0.469      0.025     19.079      0.000
    ENA2               0.353      0.016     22.449      0.000
    ENA3               0.581      0.025     23.425      0.000
    ENA4               0.659      0.027     24.799      0.000
    RES1               0.507      0.033     15.238      0.000
    RES2               0.640      0.027     23.903      0.000
    RES3               0.614      0.035     17.328      0.000
    MON1               0.582      0.028     20.908      0.000
    MON2               0.479      0.024     19.746      0.000
    MON3               0.535      0.038     14.148      0.000
    REV1               0.579      0.029     20.104      0.000
    TECH_C             0.185      0.024      7.721      0.000

Categorical Latent Variables

 Means
    C#1                1.636      0.356      4.592      0.000
    C#2                1.528      0.365      4.181      0.000
    C#3                1.103      0.373      2.959      0.003
    C#4                1.140      0.417      2.735      0.006


QUALITY OF NUMERICAL RESULTS

     Condition Number for the Information Matrix              0.353E-03
       (ratio of smallest to largest eigenvalue)


DIAGRAM INFORMATION

  Mplus diagrams are currently not available for Mixture analysis.
  No diagram output was produced.


     Beginning Time:  13:01:29
        Ending Time:  13:01:51
       Elapsed Time:  00:00:22



MUTHEN & MUTHEN
3463 Stoner Ave.
Los Angeles, CA  90066

Tel: (310) 391-9971
Fax: (310) 391-8971
Web: www.StatModel.com
Support: Support@StatModel.com

Copyright (c) 1998-2020 Muthen & Muthen
