Mplus VERSION 8.5
MUTHEN & MUTHEN
02/04/2021   1:20 PM

INPUT INSTRUCTIONS

  TITLE: Katin toka LPA
  DATA: FILE = "parent_mplus2.dat";
  VARIABLE:
  NAMES = ena1 ena2 ena3 ena4 ena5 res1 res2 res3 mon1 mon2 mon3 tech1 tech2 rev1
       skill1 skill2 skill3 skill4 skill5 skill6 skill7 skill8 skill9 skill10 skill11
       esm1 esm2 esm3 egm1 egm2 egm3 role ori1 ori2 lang1 lang2 lang3 lang4 lang5
       lang6 lang7 lang8 Edu Curac_1 Curac_2 Curac_3 Curac_4 Curac_5 Curac_6 Curac_7
       Curac_8 jobrole Fam_1 Fam_2 Fam_3 Fam_4 Fam_5 Fam_6 Fam_7 Fam_8 parent1 parent2
       parent3 parent4 parent5 q6 q8 Finsitu diffic tech_c;
  MISSING=.;

  USEVARIABLES = ena1 ena2 ena3 ena4 res1 res2 res3 mon1 mon2 mon3 rev1 tech_c;

  CLASSES = c(10);

  ANALYSIS:
        TYPE = MIXTURE;
        ESTIMATOR IS MLR;
        STARTS = 800 200;
        PROCESSORS = 4;
  MODEL:

  OUTPUT:



*** WARNING in MODEL command
  All variables are uncorrelated with all other variables within class.
  Check that this is what is intended.
   1 WARNING(S) FOUND IN THE INPUT INSTRUCTIONS



Katin toka LPA

SUMMARY OF ANALYSIS

Number of groups                                                 1
Number of observations                                        1308

Number of dependent variables                                   12
Number of independent variables                                  0
Number of continuous latent variables                            0
Number of categorical latent variables                           1

Observed dependent variables

  Continuous
   ENA1        ENA2        ENA3        ENA4        RES1        RES2
   RES3        MON1        MON2        MON3        REV1        TECH_C

Categorical latent variables
   C


Estimator                                                      MLR
Information matrix                                        OBSERVED
Optimization Specifications for the Quasi-Newton Algorithm for
Continuous Outcomes
  Maximum number of iterations                                 100
  Convergence criterion                                  0.100D-05
Optimization Specifications for the EM Algorithm
  Maximum number of iterations                                 500
  Convergence criteria
    Loglikelihood change                                 0.100D-06
    Relative loglikelihood change                        0.100D-06
    Derivative                                           0.100D-05
Optimization Specifications for the M step of the EM Algorithm for
Categorical Latent variables
  Number of M step iterations                                    1
  M step convergence criterion                           0.100D-05
  Basis for M step termination                           ITERATION
Optimization Specifications for the M step of the EM Algorithm for
Censored, Binary or Ordered Categorical (Ordinal), Unordered
Categorical (Nominal) and Count Outcomes
  Number of M step iterations                                    1
  M step convergence criterion                           0.100D-05
  Basis for M step termination                           ITERATION
  Maximum value for logit thresholds                            15
  Minimum value for logit thresholds                           -15
  Minimum expected cell size for chi-square              0.100D-01
Maximum number of iterations for H1                           2000
Convergence criterion for H1                             0.100D-03
Optimization algorithm                                         EMA
Random Starts Specifications
  Number of initial stage random starts                        800
  Number of final stage optimizations                          200
  Number of initial stage iterations                            10
  Initial stage convergence criterion                    0.100D+01
  Random starts scale                                    0.500D+01
  Random seed for generating random starts                       0

Input data file(s)
  parent_mplus2.dat
Input data format  FREE


SUMMARY OF DATA

     Number of missing data patterns             2
     Number of y missing data patterns           2
     Number of u missing data patterns           0


COVARIANCE COVERAGE OF DATA

Minimum covariance coverage value   0.100


     PROPORTION OF DATA PRESENT FOR Y


           Covariance Coverage
              ENA1          ENA2          ENA3          ENA4          RES1
              ________      ________      ________      ________      ________
 ENA1           1.000
 ENA2           1.000         1.000
 ENA3           1.000         1.000         1.000
 ENA4           1.000         1.000         1.000         1.000
 RES1           1.000         1.000         1.000         1.000         1.000
 RES2           1.000         1.000         1.000         1.000         1.000
 RES3           1.000         1.000         1.000         1.000         1.000
 MON1           1.000         1.000         1.000         1.000         1.000
 MON2           1.000         1.000         1.000         1.000         1.000
 MON3           0.973         0.973         0.973         0.973         0.973
 REV1           1.000         1.000         1.000         1.000         1.000
 TECH_C         1.000         1.000         1.000         1.000         1.000


           Covariance Coverage
              RES2          RES3          MON1          MON2          MON3
              ________      ________      ________      ________      ________
 RES2           1.000
 RES3           1.000         1.000
 MON1           1.000         1.000         1.000
 MON2           1.000         1.000         1.000         1.000
 MON3           0.973         0.973         0.973         0.973         0.973
 REV1           1.000         1.000         1.000         1.000         0.973
 TECH_C         1.000         1.000         1.000         1.000         0.973


           Covariance Coverage
              REV1          TECH_C
              ________      ________
 REV1           1.000
 TECH_C         1.000         1.000



UNIVARIATE SAMPLE STATISTICS


     UNIVARIATE HIGHER-ORDER MOMENT DESCRIPTIVE STATISTICS

         Variable/         Mean/     Skewness/   Minimum/ % with                Percentiles
        Sample Size      Variance    Kurtosis    Maximum  Min/Max      20%/60%    40%/80%    Median

     ENA1                  3.110       0.108       1.000    2.22%       3.000      3.000      3.000
            1308.000       0.636       0.513       5.000    4.82%       3.000      4.000
     ENA2                  3.515       0.149       1.000    0.15%       3.000      3.000      3.000
            1308.000       0.496      -0.110       5.000    7.49%       4.000      4.000
     ENA3                  3.364       0.042       1.000    0.84%       3.000      3.000      3.000
            1308.000       0.647      -0.033       5.000    7.72%       4.000      4.000
     ENA4                  3.453      -0.013       1.000    1.15%       3.000      3.000      3.000
            1308.000       0.801      -0.338       5.000   13.15%       4.000      4.000
     RES1                  3.397      -0.183       1.000    3.13%       3.000      3.000      3.000
            1308.000       1.027      -0.497       5.000   14.76%       4.000      4.000
     RES2                  3.136       0.124       1.000    4.05%       2.000      3.000      3.000
            1308.000       0.962      -0.260       5.000   10.32%       3.000      4.000
     RES3                  3.390      -0.165       1.000    4.51%       2.000      3.000      3.000
            1308.000       1.197      -0.654       5.000   18.73%       4.000      4.000
     MON1                  2.755       0.050       1.000   11.24%       2.000      3.000      3.000
            1308.000       0.956      -0.202       5.000    4.13%       3.000      3.000
     MON2                  1.691       1.139       1.000   52.29%       1.000      1.000      1.000
            1308.000       0.727       0.997       5.000    0.92%       2.000      2.000
     MON3                  2.112       0.537       1.000   34.49%       1.000      2.000      2.000
            1273.000       1.010      -0.371       5.000    1.81%       2.000      3.000
     REV1                  1.871       0.875       1.000   32.42%       1.000      2.000      2.000
            1308.000       0.588       1.343       6.000    0.08%       2.000      2.000
     TECH_C                2.563       0.938       2.000   62.00%       2.000      2.000      2.000
            1308.000       0.612      -0.729       4.000   18.27%       2.000      3.000

RANDOM STARTS RESULTS RANKED FROM THE BEST TO THE WORST LOGLIKELIHOOD VALUES

Final stage loglikelihood values at local maxima, seeds, and initial stage start numbers:

          -17764.354  900631           774
          -17766.140  995249           525
          -17766.140  155622           507
          -17766.140  944186           541
          -17766.140  881886           608
          -17766.140  573096           20
          -17766.140  93468            3
          -17766.140  471040           403
          -17766.140  570681           777
          -17766.140  595153           230
          -17766.140  315029           471
          -17766.140  699554           427
          -17766.140  761633           50
          -17766.140  754100           56
          -17766.140  232226           235
          -17780.971  478341           731
          -17780.971  329127           185
          -17780.971  609089           241
          -17784.879  354624           448
          -17784.879  259507           53
          -17784.879  638977           643
          -17784.879  413564           535
          -17784.879  246575           291
          -17784.879  442072           625
          -17784.879  82357            339
          -17784.879  29591            633
          -17784.879  606576           151
          -17784.879  667250           318
          -17788.301  800454           751
          -17788.301  637345           19
          -17788.301  136842           58
          -17794.596  123985           248
          -17794.596  654136           167
          -17799.369  147440           514
          -17803.695  926283           269
          -17815.131  69413            472
          -17856.159  549244           756
          -17871.499  307843           664
          -17871.499  847088           750
          -17900.846  605161           409
          -17900.846  830570           369
          -17903.345  848590           694
          -17911.939  761302           744
          -17916.420  879338           309

156 perturbed starting value run(s) did not converge or were rejected in the third stage.



     WARNING:  THE BEST LOGLIKELIHOOD VALUE WAS NOT REPLICATED.  THE
     SOLUTION MAY NOT BE TRUSTWORTHY DUE TO LOCAL MAXIMA.  INCREASE THE
     NUMBER OF RANDOM STARTS.


THE MODEL ESTIMATION TERMINATED NORMALLY



MODEL FIT INFORMATION

Number of Free Parameters                      141

Loglikelihood

          H0 Value                      -17764.354
          H0 Scaling Correction Factor      1.5060
            for MLR

Information Criteria

          Akaike (AIC)                   35810.709
          Bayesian (BIC)                 36540.561
          Sample-Size Adjusted BIC       36092.671
            (n* = (n + 2) / 24)



FINAL CLASS COUNTS AND PROPORTIONS FOR THE LATENT CLASSES
BASED ON THE ESTIMATED MODEL

    Latent
   Classes

       1        177.68952          0.13585
       2        141.73954          0.10836
       3        219.89365          0.16811
       4        221.87828          0.16963
       5        131.95286          0.10088
       6        137.94994          0.10547
       7         89.45109          0.06839
       8         60.00167          0.04587
       9        109.53584          0.08374
      10         17.90762          0.01369


FINAL CLASS COUNTS AND PROPORTIONS FOR THE LATENT CLASSES
BASED ON ESTIMATED POSTERIOR PROBABILITIES

    Latent
   Classes

       1        177.68952          0.13585
       2        141.73954          0.10836
       3        219.89365          0.16811
       4        221.87828          0.16963
       5        131.95286          0.10088
       6        137.94994          0.10547
       7         89.45109          0.06839
       8         60.00167          0.04587
       9        109.53584          0.08374
      10         17.90762          0.01369


FINAL CLASS COUNTS AND PROPORTIONS FOR THE LATENT CLASSES
BASED ON THEIR MOST LIKELY LATENT CLASS MEMBERSHIP

Class Counts and Proportions

    Latent
   Classes

       1              174          0.13303
       2              149          0.11391
       3              225          0.17202
       4              225          0.17202
       5              119          0.09098
       6              142          0.10856
       7               86          0.06575
       8               59          0.04511
       9              111          0.08486
      10               18          0.01376


CLASSIFICATION QUALITY

     Entropy                         0.810


Average Latent Class Probabilities for Most Likely Latent Class Membership (Row)
by Latent Class (Column)

           1        2        3        4        5        6        7        8        9

    1   0.894    0.000    0.051    0.055    0.000    0.000    0.000    0.000    0.000
    2   0.002    0.836    0.018    0.030    0.001    0.047    0.025    0.000    0.040
    3   0.032    0.011    0.774    0.082    0.060    0.021    0.000    0.009    0.011
    4   0.064    0.016    0.081    0.798    0.009    0.032    0.000    0.000    0.000
    5   0.001    0.000    0.061    0.011    0.865    0.027    0.000    0.017    0.018
    6   0.000    0.026    0.049    0.061    0.044    0.785    0.010    0.022    0.002
    7   0.000    0.025    0.000    0.000    0.000    0.011    0.885    0.006    0.070
    8   0.000    0.001    0.016    0.000    0.040    0.035    0.019    0.865    0.024
    9   0.000    0.046    0.008    0.000    0.041    0.012    0.063    0.009    0.820
   10   0.000    0.000    0.000    0.000    0.000    0.000    0.002    0.014    0.008

          10

    1   0.000
    2   0.000
    3   0.000
    4   0.000
    5   0.000
    6   0.000
    7   0.004
    8   0.000
    9   0.000
   10   0.975


Classification Probabilities for the Most Likely Latent Class Membership (Column)
by Latent Class (Row)

           1        2        3        4        5        6        7        8        9

    1   0.876    0.002    0.041    0.081    0.001    0.000    0.000    0.000    0.000
    2   0.000    0.879    0.018    0.025    0.000    0.026    0.015    0.000    0.036
    3   0.040    0.012    0.792    0.083    0.033    0.031    0.000    0.004    0.004
    4   0.043    0.020    0.083    0.810    0.006    0.039    0.000    0.000    0.000
    5   0.001    0.001    0.102    0.015    0.780    0.048    0.000    0.018    0.035
    6   0.000    0.051    0.034    0.052    0.024    0.808    0.007    0.015    0.009
    7   0.000    0.042    0.000    0.000    0.000    0.016    0.851    0.013    0.078
    8   0.000    0.000    0.032    0.000    0.034    0.053    0.009    0.850    0.017
    9   0.000    0.055    0.022    0.000    0.020    0.003    0.055    0.013    0.831
   10   0.000    0.000    0.000    0.000    0.000    0.000    0.018    0.001    0.001

          10

    1   0.000
    2   0.000
    3   0.000
    4   0.000
    5   0.000
    6   0.000
    7   0.000
    8   0.004
    9   0.001
   10   0.980


Logits for the Classification Probabilities for the Most Likely Latent Class Membership (Column)
by Latent Class (Row)

              1        2        3        4        5        6        7        8        9

    1     13.683    7.491   10.625   11.302    6.286    1.004    0.000    0.000    0.000
    2      5.163   13.687    9.791   10.138    4.131   10.177    9.614    5.972   10.489
    3     10.600    9.409   13.583   11.322   10.398   10.354    2.046    8.347    8.357
    4     10.665    9.896   11.323   13.604    8.645   10.576    0.000    1.343    5.060
    5      3.823    4.840    9.066    7.149   11.096    8.300    0.086    7.331    7.978
    6      0.048   10.836   10.432   10.865   10.070   13.603    8.811    9.613    9.152
    7     -6.008    4.635   -2.109   -6.008   -5.259    3.645    7.646    3.444    5.262
    8     -8.356   -2.786    2.019   -8.356    2.077    2.525    0.733    5.297    1.394
    9     -5.772    3.693    2.785   -1.646    2.673    0.734    3.685    2.230    6.407
   10    -13.796  -13.796  -13.796  -13.796   -9.154  -11.911   -4.026   -6.967   -6.811

             10

    1      0.000
    2      0.000
    3      0.000
    4      0.000
    5      0.000
    6      0.000
    7      0.000
    8      0.000
    9      0.000
   10      0.000


MODEL RESULTS

                                                    Two-Tailed
                    Estimate       S.E.  Est./S.E.    P-Value

Latent Class 1

 Means
    ENA1               2.508      0.079     31.560      0.000
    ENA2               2.946      0.064     45.925      0.000
    ENA3               3.133      0.085     36.823      0.000
    ENA4               2.924      0.088     33.371      0.000
    RES1               1.964      0.152     12.907      0.000
    RES2               2.034      0.116     17.560      0.000
    RES3               1.993      0.143     13.984      0.000
    MON1               1.748      0.103     16.972      0.000
    MON2               1.163      0.038     30.863      0.000
    MON3               1.373      0.101     13.549      0.000
    REV1               1.795      0.063     28.472      0.000
    TECH_C             2.083      0.027     77.845      0.000

 Variances
    ENA1               0.411      0.029     14.268      0.000
    ENA2               0.317      0.038      8.308      0.000
    ENA3               0.564      0.028     20.504      0.000
    ENA4               0.625      0.039     16.192      0.000
    RES1               0.385      0.035     10.958      0.000
    RES2               0.568      0.041     13.809      0.000
    RES3               0.537      0.039     13.625      0.000
    MON1               0.513      0.039     13.331      0.000
    MON2               0.266      0.025     10.662      0.000
    MON3               0.525      0.041     12.803      0.000
    REV1               0.575      0.030     19.380      0.000
    TECH_C             0.150      0.029      5.226      0.000

Latent Class 2

 Means
    ENA1               2.907      0.200     14.561      0.000
    ENA2               3.306      0.299     11.052      0.000
    ENA3               3.167      0.124     25.484      0.000
    ENA4               3.366      0.099     33.844      0.000
    RES1               3.959      0.250     15.864      0.000
    RES2               3.318      0.339      9.785      0.000
    RES3               4.154      0.238     17.457      0.000
    MON1               2.533      0.113     22.501      0.000
    MON2               1.265      0.093     13.614      0.000
    MON3               1.604      0.124     12.985      0.000
    REV1               1.655      0.156     10.617      0.000
    TECH_C             3.578      0.245     14.619      0.000

 Variances
    ENA1               0.411      0.029     14.268      0.000
    ENA2               0.317      0.038      8.308      0.000
    ENA3               0.564      0.028     20.504      0.000
    ENA4               0.625      0.039     16.192      0.000
    RES1               0.385      0.035     10.958      0.000
    RES2               0.568      0.041     13.809      0.000
    RES3               0.537      0.039     13.625      0.000
    MON1               0.513      0.039     13.331      0.000
    MON2               0.266      0.025     10.662      0.000
    MON3               0.525      0.041     12.803      0.000
    REV1               0.575      0.030     19.380      0.000
    TECH_C             0.150      0.029      5.226      0.000

Latent Class 3

 Means
    ENA1               3.230      0.157     20.610      0.000
    ENA2               3.614      0.171     21.131      0.000
    ENA3               3.575      0.135     26.531      0.000
    ENA4               3.550      0.174     20.362      0.000
    RES1               2.795      0.103     27.069      0.000
    RES2               2.902      0.111     26.192      0.000
    RES3               2.677      0.122     21.971      0.000
    MON1               2.931      0.106     27.715      0.000
    MON2               1.372      0.142      9.656      0.000
    MON3               2.350      0.139     16.854      0.000
    REV1               1.987      0.095     20.860      0.000
    TECH_C             2.226      0.053     42.102      0.000

 Variances
    ENA1               0.411      0.029     14.268      0.000
    ENA2               0.317      0.038      8.308      0.000
    ENA3               0.564      0.028     20.504      0.000
    ENA4               0.625      0.039     16.192      0.000
    RES1               0.385      0.035     10.958      0.000
    RES2               0.568      0.041     13.809      0.000
    RES3               0.537      0.039     13.625      0.000
    MON1               0.513      0.039     13.331      0.000
    MON2               0.266      0.025     10.662      0.000
    MON3               0.525      0.041     12.803      0.000
    REV1               0.575      0.030     19.380      0.000
    TECH_C             0.150      0.029      5.226      0.000

Latent Class 4

 Means
    ENA1               2.698      0.084     32.111      0.000
    ENA2               3.140      0.175     17.910      0.000
    ENA3               3.092      0.082     37.677      0.000
    ENA4               3.013      0.101     29.731      0.000
    RES1               3.297      0.330      9.993      0.000
    RES2               2.820      0.191     14.781      0.000
    RES3               3.301      0.381      8.659      0.000
    MON1               2.069      0.135     15.376      0.000
    MON2               1.176      0.055     21.288      0.000
    MON3               1.321      0.096     13.774      0.000
    REV1               1.847      0.099     18.652      0.000
    TECH_C             2.099      0.055     38.278      0.000

 Variances
    ENA1               0.411      0.029     14.268      0.000
    ENA2               0.317      0.038      8.308      0.000
    ENA3               0.564      0.028     20.504      0.000
    ENA4               0.625      0.039     16.192      0.000
    RES1               0.385      0.035     10.958      0.000
    RES2               0.568      0.041     13.809      0.000
    RES3               0.537      0.039     13.625      0.000
    MON1               0.513      0.039     13.331      0.000
    MON2               0.266      0.025     10.662      0.000
    MON3               0.525      0.041     12.803      0.000
    REV1               0.575      0.030     19.380      0.000
    TECH_C             0.150      0.029      5.226      0.000

Latent Class 5

 Means
    ENA1               3.058      0.176     17.385      0.000
    ENA2               3.569      0.168     21.279      0.000
    ENA3               3.382      0.121     27.885      0.000
    ENA4               3.563      0.256     13.943      0.000
    RES1               3.273      0.117     28.052      0.000
    RES2               3.125      0.143     21.922      0.000
    RES3               3.282      0.125     26.221      0.000
    MON1               3.080      0.107     28.726      0.000
    MON2               2.788      0.386      7.229      0.000
    MON3               2.914      0.129     22.622      0.000
    REV1               1.960      0.154     12.724      0.000
    TECH_C             2.102      0.096     21.793      0.000

 Variances
    ENA1               0.411      0.029     14.268      0.000
    ENA2               0.317      0.038      8.308      0.000
    ENA3               0.564      0.028     20.504      0.000
    ENA4               0.625      0.039     16.192      0.000
    RES1               0.385      0.035     10.958      0.000
    RES2               0.568      0.041     13.809      0.000
    RES3               0.537      0.039     13.625      0.000
    MON1               0.513      0.039     13.331      0.000
    MON2               0.266      0.025     10.662      0.000
    MON3               0.525      0.041     12.803      0.000
    REV1               0.575      0.030     19.380      0.000
    TECH_C             0.150      0.029      5.226      0.000

Latent Class 6

 Means
    ENA1               3.313      0.318     10.404      0.000
    ENA2               3.846      0.123     31.317      0.000
    ENA3               3.359      0.138     24.349      0.000
    ENA4               3.509      0.300     11.678      0.000
    RES1               4.321      0.141     30.623      0.000
    RES2               3.707      0.277     13.364      0.000
    RES3               4.299      0.177     24.274      0.000
    MON1               2.978      0.615      4.845      0.000
    MON2               1.501      0.555      2.707      0.007
    MON3               2.021      0.869      2.324      0.020
    REV1               1.928      0.090     21.359      0.000
    TECH_C             2.139      0.332      6.442      0.000

 Variances
    ENA1               0.411      0.029     14.268      0.000
    ENA2               0.317      0.038      8.308      0.000
    ENA3               0.564      0.028     20.504      0.000
    ENA4               0.625      0.039     16.192      0.000
    RES1               0.385      0.035     10.958      0.000
    RES2               0.568      0.041     13.809      0.000
    RES3               0.537      0.039     13.625      0.000
    MON1               0.513      0.039     13.331      0.000
    MON2               0.266      0.025     10.662      0.000
    MON3               0.525      0.041     12.803      0.000
    REV1               0.575      0.030     19.380      0.000
    TECH_C             0.150      0.029      5.226      0.000

Latent Class 7

 Means
    ENA1               3.851      0.154     24.973      0.000
    ENA2               4.035      0.118     34.234      0.000
    ENA3               3.605      0.156     23.060      0.000
    ENA4               4.164      0.176     23.689      0.000
    RES1               4.786      0.127     37.815      0.000
    RES2               4.426      0.165     26.901      0.000
    RES3               4.704      0.147     31.949      0.000
    MON1               3.645      0.129     28.203      0.000
    MON2               2.080      0.265      7.851      0.000
    MON3               2.603      0.187     13.889      0.000
    REV1               1.881      0.117     16.083      0.000
    TECH_C             3.897      0.054     72.342      0.000

 Variances
    ENA1               0.411      0.029     14.268      0.000
    ENA2               0.317      0.038      8.308      0.000
    ENA3               0.564      0.028     20.504      0.000
    ENA4               0.625      0.039     16.192      0.000
    RES1               0.385      0.035     10.958      0.000
    RES2               0.568      0.041     13.809      0.000
    RES3               0.537      0.039     13.625      0.000
    MON1               0.513      0.039     13.331      0.000
    MON2               0.266      0.025     10.662      0.000
    MON3               0.525      0.041     12.803      0.000
    REV1               0.575      0.030     19.380      0.000
    TECH_C             0.150      0.029      5.226      0.000

Latent Class 8

 Means
    ENA1               4.381      0.392     11.176      0.000
    ENA2               4.620      0.369     12.526      0.000
    ENA3               4.276      0.608      7.035      0.000
    ENA4               4.542      0.560      8.104      0.000
    RES1               3.897      0.345     11.295      0.000
    RES2               3.628      0.540      6.718      0.000
    RES3               3.689      0.472      7.812      0.000
    MON1               3.909      0.387     10.100      0.000
    MON2               2.156      0.448      4.815      0.000
    MON3               3.417      0.373      9.151      0.000
    REV1               1.837      0.255      7.211      0.000
    TECH_C             2.395      0.198     12.106      0.000

 Variances
    ENA1               0.411      0.029     14.268      0.000
    ENA2               0.317      0.038      8.308      0.000
    ENA3               0.564      0.028     20.504      0.000
    ENA4               0.625      0.039     16.192      0.000
    RES1               0.385      0.035     10.958      0.000
    RES2               0.568      0.041     13.809      0.000
    RES3               0.537      0.039     13.625      0.000
    MON1               0.513      0.039     13.331      0.000
    MON2               0.266      0.025     10.662      0.000
    MON3               0.525      0.041     12.803      0.000
    REV1               0.575      0.030     19.380      0.000
    TECH_C             0.150      0.029      5.226      0.000

Latent Class 9

 Means
    ENA1               3.241      0.143     22.600      0.000
    ENA2               3.572      0.144     24.734      0.000
    ENA3               3.277      0.117     28.084      0.000
    ENA4               3.602      0.161     22.385      0.000
    RES1               3.790      0.180     21.043      0.000
    RES2               3.548      0.185     19.144      0.000
    RES3               3.843      0.163     23.609      0.000
    MON1               3.351      0.137     24.382      0.000
    MON2               2.644      0.124     21.290      0.000
    MON3               2.822      0.091     30.908      0.000
    REV1               1.836      0.105     17.499      0.000
    TECH_C             3.587      0.180     19.968      0.000

 Variances
    ENA1               0.411      0.029     14.268      0.000
    ENA2               0.317      0.038      8.308      0.000
    ENA3               0.564      0.028     20.504      0.000
    ENA4               0.625      0.039     16.192      0.000
    RES1               0.385      0.035     10.958      0.000
    RES2               0.568      0.041     13.809      0.000
    RES3               0.537      0.039     13.625      0.000
    MON1               0.513      0.039     13.331      0.000
    MON2               0.266      0.025     10.662      0.000
    MON3               0.525      0.041     12.803      0.000
    REV1               0.575      0.030     19.380      0.000
    TECH_C             0.150      0.029      5.226      0.000

Latent Class 10

 Means
    ENA1               4.387      0.186     23.531      0.000
    ENA2               4.667      0.119     39.132      0.000
    ENA3               4.175      0.242     17.231      0.000
    ENA4               4.328      0.207     20.863      0.000
    RES1               4.550      0.244     18.645      0.000
    RES2               4.493      0.181     24.833      0.000
    RES3               4.505      0.181     24.919      0.000
    MON1               4.728      0.138     34.273      0.000
    MON2               4.658      0.158     29.425      0.000
    MON3               4.564      0.226     20.209      0.000
    REV1               2.371      0.249      9.513      0.000
    TECH_C             3.472      0.232     14.971      0.000

 Variances
    ENA1               0.411      0.029     14.268      0.000
    ENA2               0.317      0.038      8.308      0.000
    ENA3               0.564      0.028     20.504      0.000
    ENA4               0.625      0.039     16.192      0.000
    RES1               0.385      0.035     10.958      0.000
    RES2               0.568      0.041     13.809      0.000
    RES3               0.537      0.039     13.625      0.000
    MON1               0.513      0.039     13.331      0.000
    MON2               0.266      0.025     10.662      0.000
    MON3               0.525      0.041     12.803      0.000
    REV1               0.575      0.030     19.380      0.000
    TECH_C             0.150      0.029      5.226      0.000

Categorical Latent Variables

 Means
    C#1                2.295      0.300      7.652      0.000
    C#2                2.069      0.474      4.365      0.000
    C#3                2.508      0.373      6.727      0.000
    C#4                2.517      0.325      7.744      0.000
    C#5                1.997      0.572      3.493      0.000
    C#6                2.042      0.518      3.943      0.000
    C#7                1.608      0.341      4.715      0.000
    C#8                1.209      1.037      1.166      0.243
    C#9                1.811      0.289      6.261      0.000


QUALITY OF NUMERICAL RESULTS

     Condition Number for the Information Matrix              0.426E-04
       (ratio of smallest to largest eigenvalue)


DIAGRAM INFORMATION

  Mplus diagrams are currently not available for Mixture analysis.
  No diagram output was produced.


     Beginning Time:  13:20:07
        Ending Time:  13:22:05
       Elapsed Time:  00:01:58



MUTHEN & MUTHEN
3463 Stoner Ave.
Los Angeles, CA  90066

Tel: (310) 391-9971
Fax: (310) 391-8971
Web: www.StatModel.com
Support: Support@StatModel.com

Copyright (c) 1998-2020 Muthen & Muthen
